[ 2012-08-15T23:13:53+08:00 ] SQL: SHOW COLUMNS FROM `efu_menu` [ RunTime:0.003619s ]
[ 2012-08-15T23:13:53+08:00 ] SQL: SELECT * FROM `efu_menu` WHERE status = 1 ORDER BY ordering ASC [ RunTime:0.005417s ]
[ 2012-08-15T23:13:53+08:00 ] SQL: SHOW COLUMNS FROM `efu_content` [ RunTime:0.003963s ]
[ 2012-08-15T23:13:53+08:00 ] SQL: SELECT * FROM `efu_content` WHERE status = 1 and menuid = 1 ORDER BY ptime DESC LIMIT 7  [ RunTime:0.004660s ]
[ 2012-08-15T23:13:53+08:00 ] NOTIC: [2] Wrong parameter count for array_push() IndexAction.class.php 第 23 行.
[ 2012-08-15T23:13:53+08:00 ] NOTIC: [2] Wrong parameter count for array_push() IndexAction.class.php 第 23 行.
[ 2012-08-15T23:13:53+08:00 ] NOTIC: [2] Wrong parameter count for array_push() IndexAction.class.php 第 23 行.
[ 2012-08-15T23:13:53+08:00 ] NOTIC: [2] Wrong parameter count for array_push() IndexAction.class.php 第 23 行.
[ 2012-08-15T23:13:53+08:00 ] NOTIC: [2] Wrong parameter count for array_push() IndexAction.class.php 第 23 行.
[ 2012-08-15T23:13:53+08:00 ] NOTIC: [2] Wrong parameter count for array_push() IndexAction.class.php 第 23 行.
[ 2012-08-15T23:13:53+08:00 ] NOTIC: [2] Wrong parameter count for array_push() IndexAction.class.php 第 23 行.
[ 2012-08-15T23:13:53+08:00 ] SQL: SELECT * FROM `efu_menu` WHERE status = 1 and id = 1 LIMIT 1  [ RunTime:0.000310s ]
[ 2012-08-15T23:13:53+08:00 ] SQL: SELECT * FROM `efu_content` WHERE status = 1 and menuid = 2 ORDER BY ptime DESC LIMIT 7  [ RunTime:0.001493s ]
[ 2012-08-15T23:13:53+08:00 ] NOTIC: [2] Wrong parameter count for array_push() IndexAction.class.php 第 23 行.
[ 2012-08-15T23:13:53+08:00 ] NOTIC: [2] Wrong parameter count for array_push() IndexAction.class.php 第 23 行.
[ 2012-08-15T23:13:53+08:00 ] NOTIC: [2] Wrong parameter count for array_push() IndexAction.class.php 第 23 行.
[ 2012-08-15T23:13:53+08:00 ] NOTIC: [2] Wrong parameter count for array_push() IndexAction.class.php 第 23 行.
[ 2012-08-15T23:13:53+08:00 ] NOTIC: [2] Wrong parameter count for array_push() IndexAction.class.php 第 23 行.
[ 2012-08-15T23:13:53+08:00 ] NOTIC: [2] Wrong parameter count for array_push() IndexAction.class.php 第 23 行.
[ 2012-08-15T23:13:53+08:00 ] NOTIC: [2] Wrong parameter count for array_push() IndexAction.class.php 第 23 行.
[ 2012-08-15T23:13:53+08:00 ] SQL: SELECT * FROM `efu_menu` WHERE status = 1 and id = 2 LIMIT 1  [ RunTime:0.000402s ]
[ 2012-08-15T23:13:53+08:00 ] SQL: SELECT * FROM `efu_content` WHERE status = 1 and menuid = 3 ORDER BY ptime DESC LIMIT 7  [ RunTime:0.000588s ]
[ 2012-08-15T23:13:53+08:00 ] NOTIC: [2] Wrong parameter count for array_push() IndexAction.class.php 第 23 行.
[ 2012-08-15T23:13:53+08:00 ] NOTIC: [2] Wrong parameter count for array_push() IndexAction.class.php 第 23 行.
[ 2012-08-15T23:13:53+08:00 ] NOTIC: [2] Wrong parameter count for array_push() IndexAction.class.php 第 23 行.
[ 2012-08-15T23:13:53+08:00 ] NOTIC: [2] Wrong parameter count for array_push() IndexAction.class.php 第 23 行.
[ 2012-08-15T23:13:53+08:00 ] NOTIC: [2] Wrong parameter count for array_push() IndexAction.class.php 第 23 行.
[ 2012-08-15T23:13:53+08:00 ] NOTIC: [2] Wrong parameter count for array_push() IndexAction.class.php 第 23 行.
[ 2012-08-15T23:13:53+08:00 ] NOTIC: [2] Wrong parameter count for array_push() IndexAction.class.php 第 23 行.
[ 2012-08-15T23:13:53+08:00 ] SQL: SELECT * FROM `efu_menu` WHERE status = 1 and id = 3 LIMIT 1  [ RunTime:0.000269s ]
[ 2012-08-15T23:13:53+08:00 ] SQL: SELECT * FROM `efu_content` WHERE status = 1 and menuid = 4 ORDER BY ptime DESC LIMIT 7  [ RunTime:0.000492s ]
[ 2012-08-15T23:13:53+08:00 ] NOTIC: [2] Wrong parameter count for array_push() IndexAction.class.php 第 23 行.
[ 2012-08-15T23:13:53+08:00 ] NOTIC: [2] Wrong parameter count for array_push() IndexAction.class.php 第 23 行.
[ 2012-08-15T23:13:53+08:00 ] NOTIC: [2] Wrong parameter count for array_push() IndexAction.class.php 第 23 行.
[ 2012-08-15T23:13:53+08:00 ] NOTIC: [2] Wrong parameter count for array_push() IndexAction.class.php 第 23 行.
[ 2012-08-15T23:13:53+08:00 ] NOTIC: [2] Wrong parameter count for array_push() IndexAction.class.php 第 23 行.
[ 2012-08-15T23:13:53+08:00 ] NOTIC: [2] Wrong parameter count for array_push() IndexAction.class.php 第 23 行.
[ 2012-08-15T23:13:53+08:00 ] NOTIC: [2] Wrong parameter count for array_push() IndexAction.class.php 第 23 行.
[ 2012-08-15T23:13:53+08:00 ] SQL: SELECT * FROM `efu_menu` WHERE status = 1 and id = 4 LIMIT 1  [ RunTime:0.000261s ]
[ 2012-08-15T23:13:53+08:00 ] SQL: SELECT * FROM `efu_content` WHERE status = 1 ORDER BY hits DESC LIMIT 10  [ RunTime:0.000807s ]
[ 2012-08-15T23:13:53+08:00 ] NOTIC: [2] Wrong parameter count for array_push() IndexAction.class.php 第 34 行.
[ 2012-08-15T23:13:53+08:00 ] NOTIC: [2] Wrong parameter count for array_push() IndexAction.class.php 第 34 行.
[ 2012-08-15T23:13:53+08:00 ] NOTIC: [2] Wrong parameter count for array_push() IndexAction.class.php 第 34 行.
[ 2012-08-15T23:13:53+08:00 ] NOTIC: [2] Wrong parameter count for array_push() IndexAction.class.php 第 34 行.
[ 2012-08-15T23:13:53+08:00 ] NOTIC: [2] Wrong parameter count for array_push() IndexAction.class.php 第 34 行.
[ 2012-08-15T23:13:53+08:00 ] NOTIC: [2] Wrong parameter count for array_push() IndexAction.class.php 第 34 行.
[ 2012-08-15T23:13:53+08:00 ] NOTIC: [2] Wrong parameter count for array_push() IndexAction.class.php 第 34 行.
[ 2012-08-15T23:13:53+08:00 ] NOTIC: [2] Wrong parameter count for array_push() IndexAction.class.php 第 34 行.
[ 2012-08-15T23:13:53+08:00 ] NOTIC: [2] Wrong parameter count for array_push() IndexAction.class.php 第 34 行.
[ 2012-08-15T23:13:53+08:00 ] NOTIC: [2] Wrong parameter count for array_push() IndexAction.class.php 第 34 行.
[ 2012-08-15T23:13:53+08:00 ] SQL: SELECT id, title, keywords FROM `efu_content` WHERE status = 1 LIMIT 20  [ RunTime:0.000606s ]
[ 2012-08-15T23:13:53+08:00 ] SQL: SHOW COLUMNS FROM `efu_links` [ RunTime:0.005046s ]
[ 2012-08-15T23:13:53+08:00 ] SQL: SELECT * FROM `efu_links` WHERE status = 1 LIMIT 10  [ RunTime:0.007111s ]
[ 2012-08-15T23:13:53+08:00 ] SQL: SHOW COLUMNS FROM `efu_singlepage` [ RunTime:0.003764s ]
[ 2012-08-15T23:13:53+08:00 ] SQL: SELECT * FROM `efu_singlepage` WHERE status = 1 [ RunTime:0.005740s ]
[ 2012-08-15T23:13:54+08:00 ] SQL: SHOW COLUMNS FROM `efu_menu` [ RunTime:0.004907s ]
[ 2012-08-15T23:13:54+08:00 ] SQL: SELECT * FROM `efu_menu` WHERE status = 1 ORDER BY ordering ASC [ RunTime:0.011414s ]
[ 2012-08-15T23:13:54+08:00 ] SQL: SHOW COLUMNS FROM `efu_content` [ RunTime:0.023461s ]
[ 2012-08-15T23:13:54+08:00 ] SQL: SELECT * FROM `efu_content` WHERE status = 1 and menuid = 1 ORDER BY ptime DESC LIMIT 7  [ RunTime:0.010380s ]
[ 2012-08-15T23:13:54+08:00 ] NOTIC: [2] Wrong parameter count for array_push() IndexAction.class.php 第 23 行.
[ 2012-08-15T23:13:54+08:00 ] NOTIC: [2] Wrong parameter count for array_push() IndexAction.class.php 第 23 行.
[ 2012-08-15T23:13:54+08:00 ] NOTIC: [2] Wrong parameter count for array_push() IndexAction.class.php 第 23 行.
[ 2012-08-15T23:13:54+08:00 ] NOTIC: [2] Wrong parameter count for array_push() IndexAction.class.php 第 23 行.
[ 2012-08-15T23:13:54+08:00 ] NOTIC: [2] Wrong parameter count for array_push() IndexAction.class.php 第 23 行.
[ 2012-08-15T23:13:54+08:00 ] NOTIC: [2] Wrong parameter count for array_push() IndexAction.class.php 第 23 行.
[ 2012-08-15T23:13:54+08:00 ] NOTIC: [2] Wrong parameter count for array_push() IndexAction.class.php 第 23 行.
[ 2012-08-15T23:13:54+08:00 ] SQL: SELECT * FROM `efu_menu` WHERE status = 1 and id = 1 LIMIT 1  [ RunTime:0.000528s ]
[ 2012-08-15T23:13:54+08:00 ] SQL: SELECT * FROM `efu_content` WHERE status = 1 and menuid = 2 ORDER BY ptime DESC LIMIT 7  [ RunTime:0.000973s ]
[ 2012-08-15T23:13:54+08:00 ] NOTIC: [2] Wrong parameter count for array_push() IndexAction.class.php 第 23 行.
[ 2012-08-15T23:13:54+08:00 ] NOTIC: [2] Wrong parameter count for array_push() IndexAction.class.php 第 23 行.
[ 2012-08-15T23:13:54+08:00 ] NOTIC: [2] Wrong parameter count for array_push() IndexAction.class.php 第 23 行.
[ 2012-08-15T23:13:54+08:00 ] NOTIC: [2] Wrong parameter count for array_push() IndexAction.class.php 第 23 行.
[ 2012-08-15T23:13:54+08:00 ] NOTIC: [2] Wrong parameter count for array_push() IndexAction.class.php 第 23 行.
[ 2012-08-15T23:13:54+08:00 ] NOTIC: [2] Wrong parameter count for array_push() IndexAction.class.php 第 23 行.
[ 2012-08-15T23:13:54+08:00 ] NOTIC: [2] Wrong parameter count for array_push() IndexAction.class.php 第 23 行.
[ 2012-08-15T23:13:54+08:00 ] SQL: SELECT * FROM `efu_menu` WHERE status = 1 and id = 2 LIMIT 1  [ RunTime:0.000403s ]
[ 2012-08-15T23:13:54+08:00 ] SQL: SELECT * FROM `efu_content` WHERE status = 1 and menuid = 3 ORDER BY ptime DESC LIMIT 7  [ RunTime:0.000640s ]
[ 2012-08-15T23:13:54+08:00 ] NOTIC: [2] Wrong parameter count for array_push() IndexAction.class.php 第 23 行.
[ 2012-08-15T23:13:54+08:00 ] NOTIC: [2] Wrong parameter count for array_push() IndexAction.class.php 第 23 行.
[ 2012-08-15T23:13:54+08:00 ] NOTIC: [2] Wrong parameter count for array_push() IndexAction.class.php 第 23 行.
[ 2012-08-15T23:13:54+08:00 ] NOTIC: [2] Wrong parameter count for array_push() IndexAction.class.php 第 23 行.
[ 2012-08-15T23:13:54+08:00 ] NOTIC: [2] Wrong parameter count for array_push() IndexAction.class.php 第 23 行.
[ 2012-08-15T23:13:54+08:00 ] NOTIC: [2] Wrong parameter count for array_push() IndexAction.class.php 第 23 行.
[ 2012-08-15T23:13:54+08:00 ] NOTIC: [2] Wrong parameter count for array_push() IndexAction.class.php 第 23 行.
[ 2012-08-15T23:13:54+08:00 ] SQL: SELECT * FROM `efu_menu` WHERE status = 1 and id = 3 LIMIT 1  [ RunTime:0.000364s ]
[ 2012-08-15T23:13:54+08:00 ] SQL: SELECT * FROM `efu_content` WHERE status = 1 and menuid = 4 ORDER BY ptime DESC LIMIT 7  [ RunTime:0.000562s ]
[ 2012-08-15T23:13:54+08:00 ] NOTIC: [2] Wrong parameter count for array_push() IndexAction.class.php 第 23 行.
[ 2012-08-15T23:13:54+08:00 ] NOTIC: [2] Wrong parameter count for array_push() IndexAction.class.php 第 23 行.
[ 2012-08-15T23:13:54+08:00 ] NOTIC: [2] Wrong parameter count for array_push() IndexAction.class.php 第 23 行.
[ 2012-08-15T23:13:54+08:00 ] NOTIC: [2] Wrong parameter count for array_push() IndexAction.class.php 第 23 行.
[ 2012-08-15T23:13:54+08:00 ] NOTIC: [2] Wrong parameter count for array_push() IndexAction.class.php 第 23 行.
[ 2012-08-15T23:13:54+08:00 ] NOTIC: [2] Wrong parameter count for array_push() IndexAction.class.php 第 23 行.
[ 2012-08-15T23:13:54+08:00 ] NOTIC: [2] Wrong parameter count for array_push() IndexAction.class.php 第 23 行.
[ 2012-08-15T23:13:54+08:00 ] SQL: SELECT * FROM `efu_menu` WHERE status = 1 and id = 4 LIMIT 1  [ RunTime:0.000350s ]
[ 2012-08-15T23:13:54+08:00 ] SQL: SELECT * FROM `efu_content` WHERE status = 1 ORDER BY hits DESC LIMIT 10  [ RunTime:0.000651s ]
[ 2012-08-15T23:13:54+08:00 ] NOTIC: [2] Wrong parameter count for array_push() IndexAction.class.php 第 34 行.
[ 2012-08-15T23:13:54+08:00 ] NOTIC: [2] Wrong parameter count for array_push() IndexAction.class.php 第 34 行.
[ 2012-08-15T23:13:54+08:00 ] NOTIC: [2] Wrong parameter count for array_push() IndexAction.class.php 第 34 行.
[ 2012-08-15T23:13:54+08:00 ] NOTIC: [2] Wrong parameter count for array_push() IndexAction.class.php 第 34 行.
[ 2012-08-15T23:13:54+08:00 ] NOTIC: [2] Wrong parameter count for array_push() IndexAction.class.php 第 34 行.
[ 2012-08-15T23:13:54+08:00 ] NOTIC: [2] Wrong parameter count for array_push() IndexAction.class.php 第 34 行.
[ 2012-08-15T23:13:54+08:00 ] NOTIC: [2] Wrong parameter count for array_push() IndexAction.class.php 第 34 行.
[ 2012-08-15T23:13:54+08:00 ] NOTIC: [2] Wrong parameter count for array_push() IndexAction.class.php 第 34 行.
[ 2012-08-15T23:13:54+08:00 ] NOTIC: [2] Wrong parameter count for array_push() IndexAction.class.php 第 34 行.
[ 2012-08-15T23:13:54+08:00 ] NOTIC: [2] Wrong parameter count for array_push() IndexAction.class.php 第 34 行.
[ 2012-08-15T23:13:54+08:00 ] SQL: SELECT id, title, keywords FROM `efu_content` WHERE status = 1 LIMIT 20  [ RunTime:0.000431s ]
[ 2012-08-15T23:13:54+08:00 ] SQL: SHOW COLUMNS FROM `efu_links` [ RunTime:0.004299s ]
[ 2012-08-15T23:13:54+08:00 ] SQL: SELECT * FROM `efu_links` WHERE status = 1 LIMIT 10  [ RunTime:0.010049s ]
[ 2012-08-15T23:13:54+08:00 ] SQL: SHOW COLUMNS FROM `efu_singlepage` [ RunTime:0.004230s ]
[ 2012-08-15T23:13:54+08:00 ] SQL: SELECT * FROM `efu_singlepage` WHERE status = 1 [ RunTime:0.009068s ]
[ 2012-08-15T23:14:27+08:00 ] SQL: SHOW COLUMNS FROM `efu_menu` [ RunTime:0.006437s ]
[ 2012-08-15T23:14:27+08:00 ] SQL: SELECT * FROM `efu_menu` WHERE status = 1 ORDER BY ordering ASC [ RunTime:0.007023s ]
[ 2012-08-15T23:14:27+08:00 ] SQL: SHOW COLUMNS FROM `efu_content` [ RunTime:0.003898s ]
[ 2012-08-15T23:14:27+08:00 ] SQL: SELECT * FROM `efu_content` WHERE status = 1 and menuid = 1 ORDER BY ptime DESC LIMIT 7  [ RunTime:0.004191s ]
[ 2012-08-15T23:14:27+08:00 ] NOTIC: [2] Wrong parameter count for array_push() IndexAction.class.php 第 23 行.
[ 2012-08-15T23:14:27+08:00 ] NOTIC: [2] Wrong parameter count for array_push() IndexAction.class.php 第 23 行.
[ 2012-08-15T23:14:27+08:00 ] NOTIC: [2] Wrong parameter count for array_push() IndexAction.class.php 第 23 行.
[ 2012-08-15T23:14:27+08:00 ] NOTIC: [2] Wrong parameter count for array_push() IndexAction.class.php 第 23 行.
[ 2012-08-15T23:14:27+08:00 ] NOTIC: [2] Wrong parameter count for array_push() IndexAction.class.php 第 23 行.
[ 2012-08-15T23:14:27+08:00 ] NOTIC: [2] Wrong parameter count for array_push() IndexAction.class.php 第 23 行.
[ 2012-08-15T23:14:27+08:00 ] NOTIC: [2] Wrong parameter count for array_push() IndexAction.class.php 第 23 行.
[ 2012-08-15T23:14:27+08:00 ] SQL: SELECT * FROM `efu_menu` WHERE status = 1 and id = 1 LIMIT 1  [ RunTime:0.000237s ]
[ 2012-08-15T23:14:27+08:00 ] SQL: SELECT * FROM `efu_content` WHERE status = 1 and menuid = 2 ORDER BY ptime DESC LIMIT 7  [ RunTime:0.000453s ]
[ 2012-08-15T23:14:27+08:00 ] NOTIC: [2] Wrong parameter count for array_push() IndexAction.class.php 第 23 行.
[ 2012-08-15T23:14:27+08:00 ] NOTIC: [2] Wrong parameter count for array_push() IndexAction.class.php 第 23 行.
[ 2012-08-15T23:14:27+08:00 ] NOTIC: [2] Wrong parameter count for array_push() IndexAction.class.php 第 23 行.
[ 2012-08-15T23:14:27+08:00 ] NOTIC: [2] Wrong parameter count for array_push() IndexAction.class.php 第 23 行.
[ 2012-08-15T23:14:27+08:00 ] NOTIC: [2] Wrong parameter count for array_push() IndexAction.class.php 第 23 行.
[ 2012-08-15T23:14:27+08:00 ] NOTIC: [2] Wrong parameter count for array_push() IndexAction.class.php 第 23 行.
[ 2012-08-15T23:14:27+08:00 ] NOTIC: [2] Wrong parameter count for array_push() IndexAction.class.php 第 23 行.
[ 2012-08-15T23:14:27+08:00 ] SQL: SELECT * FROM `efu_menu` WHERE status = 1 and id = 2 LIMIT 1  [ RunTime:0.000232s ]
[ 2012-08-15T23:14:27+08:00 ] SQL: SELECT * FROM `efu_content` WHERE status = 1 and menuid = 3 ORDER BY ptime DESC LIMIT 7  [ RunTime:0.000374s ]
[ 2012-08-15T23:14:27+08:00 ] NOTIC: [2] Wrong parameter count for array_push() IndexAction.class.php 第 23 行.
[ 2012-08-15T23:14:27+08:00 ] NOTIC: [2] Wrong parameter count for array_push() IndexAction.class.php 第 23 行.
[ 2012-08-15T23:14:27+08:00 ] NOTIC: [2] Wrong parameter count for array_push() IndexAction.class.php 第 23 行.
[ 2012-08-15T23:14:27+08:00 ] NOTIC: [2] Wrong parameter count for array_push() IndexAction.class.php 第 23 行.
[ 2012-08-15T23:14:27+08:00 ] NOTIC: [2] Wrong parameter count for array_push() IndexAction.class.php 第 23 行.
[ 2012-08-15T23:14:27+08:00 ] NOTIC: [2] Wrong parameter count for array_push() IndexAction.class.php 第 23 行.
[ 2012-08-15T23:14:27+08:00 ] NOTIC: [2] Wrong parameter count for array_push() IndexAction.class.php 第 23 行.
[ 2012-08-15T23:14:27+08:00 ] SQL: SELECT * FROM `efu_menu` WHERE status = 1 and id = 3 LIMIT 1  [ RunTime:0.000191s ]
[ 2012-08-15T23:14:27+08:00 ] SQL: SELECT * FROM `efu_content` WHERE status = 1 and menuid = 4 ORDER BY ptime DESC LIMIT 7  [ RunTime:0.000358s ]
[ 2012-08-15T23:14:27+08:00 ] NOTIC: [2] Wrong parameter count for array_push() IndexAction.class.php 第 23 行.
[ 2012-08-15T23:14:27+08:00 ] NOTIC: [2] Wrong parameter count for array_push() IndexAction.class.php 第 23 行.
[ 2012-08-15T23:14:27+08:00 ] NOTIC: [2] Wrong parameter count for array_push() IndexAction.class.php 第 23 行.
[ 2012-08-15T23:14:27+08:00 ] NOTIC: [2] Wrong parameter count for array_push() IndexAction.class.php 第 23 行.
[ 2012-08-15T23:14:27+08:00 ] NOTIC: [2] Wrong parameter count for array_push() IndexAction.class.php 第 23 行.
[ 2012-08-15T23:14:27+08:00 ] NOTIC: [2] Wrong parameter count for array_push() IndexAction.class.php 第 23 行.
[ 2012-08-15T23:14:27+08:00 ] NOTIC: [2] Wrong parameter count for array_push() IndexAction.class.php 第 23 行.
[ 2012-08-15T23:14:27+08:00 ] SQL: SELECT * FROM `efu_menu` WHERE status = 1 and id = 4 LIMIT 1  [ RunTime:0.000179s ]
[ 2012-08-15T23:14:27+08:00 ] SQL: SELECT * FROM `efu_content` WHERE status = 1 ORDER BY hits DESC LIMIT 10  [ RunTime:0.000446s ]
[ 2012-08-15T23:14:27+08:00 ] NOTIC: [2] Wrong parameter count for array_push() IndexAction.class.php 第 34 行.
[ 2012-08-15T23:14:27+08:00 ] NOTIC: [2] Wrong parameter count for array_push() IndexAction.class.php 第 34 行.
[ 2012-08-15T23:14:27+08:00 ] NOTIC: [2] Wrong parameter count for array_push() IndexAction.class.php 第 34 行.
[ 2012-08-15T23:14:27+08:00 ] NOTIC: [2] Wrong parameter count for array_push() IndexAction.class.php 第 34 行.
[ 2012-08-15T23:14:27+08:00 ] NOTIC: [2] Wrong parameter count for array_push() IndexAction.class.php 第 34 行.
[ 2012-08-15T23:14:27+08:00 ] NOTIC: [2] Wrong parameter count for array_push() IndexAction.class.php 第 34 行.
[ 2012-08-15T23:14:27+08:00 ] NOTIC: [2] Wrong parameter count for array_push() IndexAction.class.php 第 34 行.
[ 2012-08-15T23:14:27+08:00 ] NOTIC: [2] Wrong parameter count for array_push() IndexAction.class.php 第 34 行.
[ 2012-08-15T23:14:27+08:00 ] NOTIC: [2] Wrong parameter count for array_push() IndexAction.class.php 第 34 行.
[ 2012-08-15T23:14:27+08:00 ] NOTIC: [2] Wrong parameter count for array_push() IndexAction.class.php 第 34 行.
[ 2012-08-15T23:14:27+08:00 ] SQL: SELECT id, title, keywords FROM `efu_content` WHERE status = 1 LIMIT 20  [ RunTime:0.000241s ]
[ 2012-08-15T23:14:27+08:00 ] SQL: SHOW COLUMNS FROM `efu_links` [ RunTime:0.003536s ]
[ 2012-08-15T23:14:27+08:00 ] SQL: SELECT * FROM `efu_links` WHERE status = 1 LIMIT 10  [ RunTime:0.004441s ]
[ 2012-08-15T23:14:27+08:00 ] SQL: SHOW COLUMNS FROM `efu_singlepage` [ RunTime:0.002976s ]
[ 2012-08-15T23:14:28+08:00 ] SQL: SELECT * FROM `efu_singlepage` WHERE status = 1 [ RunTime:0.003572s ]
[ 2012-08-15T23:14:28+08:00 ] SQL: SHOW COLUMNS FROM `efu_menu` [ RunTime:0.004679s ]
[ 2012-08-15T23:14:28+08:00 ] SQL: SELECT * FROM `efu_menu` WHERE status = 1 ORDER BY ordering ASC [ RunTime:0.005343s ]
[ 2012-08-15T23:14:28+08:00 ] SQL: SHOW COLUMNS FROM `efu_content` [ RunTime:0.003349s ]
[ 2012-08-15T23:14:28+08:00 ] SQL: SELECT * FROM `efu_content` WHERE status = 1 and menuid = 1 ORDER BY ptime DESC LIMIT 7  [ RunTime:0.005421s ]
[ 2012-08-15T23:14:28+08:00 ] NOTIC: [2] Wrong parameter count for array_push() IndexAction.class.php 第 23 行.
[ 2012-08-15T23:14:28+08:00 ] NOTIC: [2] Wrong parameter count for array_push() IndexAction.class.php 第 23 行.
[ 2012-08-15T23:14:28+08:00 ] NOTIC: [2] Wrong parameter count for array_push() IndexAction.class.php 第 23 行.
[ 2012-08-15T23:14:28+08:00 ] NOTIC: [2] Wrong parameter count for array_push() IndexAction.class.php 第 23 行.
[ 2012-08-15T23:14:28+08:00 ] NOTIC: [2] Wrong parameter count for array_push() IndexAction.class.php 第 23 行.
[ 2012-08-15T23:14:28+08:00 ] NOTIC: [2] Wrong parameter count for array_push() IndexAction.class.php 第 23 行.
[ 2012-08-15T23:14:28+08:00 ] NOTIC: [2] Wrong parameter count for array_push() IndexAction.class.php 第 23 行.
[ 2012-08-15T23:14:28+08:00 ] SQL: SELECT * FROM `efu_menu` WHERE status = 1 and id = 1 LIMIT 1  [ RunTime:0.000285s ]
[ 2012-08-15T23:14:28+08:00 ] SQL: SELECT * FROM `efu_content` WHERE status = 1 and menuid = 2 ORDER BY ptime DESC LIMIT 7  [ RunTime:0.000480s ]
[ 2012-08-15T23:14:28+08:00 ] NOTIC: [2] Wrong parameter count for array_push() IndexAction.class.php 第 23 行.
[ 2012-08-15T23:14:28+08:00 ] NOTIC: [2] Wrong parameter count for array_push() IndexAction.class.php 第 23 行.
[ 2012-08-15T23:14:28+08:00 ] NOTIC: [2] Wrong parameter count for array_push() IndexAction.class.php 第 23 行.
[ 2012-08-15T23:14:28+08:00 ] NOTIC: [2] Wrong parameter count for array_push() IndexAction.class.php 第 23 行.
[ 2012-08-15T23:14:28+08:00 ] NOTIC: [2] Wrong parameter count for array_push() IndexAction.class.php 第 23 行.
[ 2012-08-15T23:14:28+08:00 ] NOTIC: [2] Wrong parameter count for array_push() IndexAction.class.php 第 23 行.
[ 2012-08-15T23:14:28+08:00 ] NOTIC: [2] Wrong parameter count for array_push() IndexAction.class.php 第 23 行.
[ 2012-08-15T23:14:28+08:00 ] SQL: SELECT * FROM `efu_menu` WHERE status = 1 and id = 2 LIMIT 1  [ RunTime:0.000286s ]
[ 2012-08-15T23:14:28+08:00 ] SQL: SELECT * FROM `efu_content` WHERE status = 1 and menuid = 3 ORDER BY ptime DESC LIMIT 7  [ RunTime:0.000407s ]
[ 2012-08-15T23:14:28+08:00 ] NOTIC: [2] Wrong parameter count for array_push() IndexAction.class.php 第 23 行.
[ 2012-08-15T23:14:28+08:00 ] NOTIC: [2] Wrong parameter count for array_push() IndexAction.class.php 第 23 行.
[ 2012-08-15T23:14:28+08:00 ] NOTIC: [2] Wrong parameter count for array_push() IndexAction.class.php 第 23 行.
[ 2012-08-15T23:14:28+08:00 ] NOTIC: [2] Wrong parameter count for array_push() IndexAction.class.php 第 23 行.
[ 2012-08-15T23:14:28+08:00 ] NOTIC: [2] Wrong parameter count for array_push() IndexAction.class.php 第 23 行.
[ 2012-08-15T23:14:28+08:00 ] NOTIC: [2] Wrong parameter count for array_push() IndexAction.class.php 第 23 行.
[ 2012-08-15T23:14:28+08:00 ] NOTIC: [2] Wrong parameter count for array_push() IndexAction.class.php 第 23 行.
[ 2012-08-15T23:14:28+08:00 ] SQL: SELECT * FROM `efu_menu` WHERE status = 1 and id = 3 LIMIT 1  [ RunTime:0.000235s ]
[ 2012-08-15T23:14:28+08:00 ] SQL: SELECT * FROM `efu_content` WHERE status = 1 and menuid = 4 ORDER BY ptime DESC LIMIT 7  [ RunTime:0.000449s ]
[ 2012-08-15T23:14:28+08:00 ] NOTIC: [2] Wrong parameter count for array_push() IndexAction.class.php 第 23 行.
[ 2012-08-15T23:14:28+08:00 ] NOTIC: [2] Wrong parameter count for array_push() IndexAction.class.php 第 23 行.
[ 2012-08-15T23:14:28+08:00 ] NOTIC: [2] Wrong parameter count for array_push() IndexAction.class.php 第 23 行.
[ 2012-08-15T23:14:28+08:00 ] NOTIC: [2] Wrong parameter count for array_push() IndexAction.class.php 第 23 行.
[ 2012-08-15T23:14:28+08:00 ] NOTIC: [2] Wrong parameter count for array_push() IndexAction.class.php 第 23 行.
[ 2012-08-15T23:14:28+08:00 ] NOTIC: [2] Wrong parameter count for array_push() IndexAction.class.php 第 23 行.
[ 2012-08-15T23:14:28+08:00 ] NOTIC: [2] Wrong parameter count for array_push() IndexAction.class.php 第 23 行.
[ 2012-08-15T23:14:28+08:00 ] SQL: SELECT * FROM `efu_menu` WHERE status = 1 and id = 4 LIMIT 1  [ RunTime:0.000249s ]
[ 2012-08-15T23:14:28+08:00 ] SQL: SELECT * FROM `efu_content` WHERE status = 1 ORDER BY hits DESC LIMIT 10  [ RunTime:0.000507s ]
[ 2012-08-15T23:14:28+08:00 ] NOTIC: [2] Wrong parameter count for array_push() IndexAction.class.php 第 34 行.
[ 2012-08-15T23:14:28+08:00 ] NOTIC: [2] Wrong parameter count for array_push() IndexAction.class.php 第 34 行.
[ 2012-08-15T23:14:28+08:00 ] NOTIC: [2] Wrong parameter count for array_push() IndexAction.class.php 第 34 行.
[ 2012-08-15T23:14:28+08:00 ] NOTIC: [2] Wrong parameter count for array_push() IndexAction.class.php 第 34 行.
[ 2012-08-15T23:14:28+08:00 ] NOTIC: [2] Wrong parameter count for array_push() IndexAction.class.php 第 34 行.
[ 2012-08-15T23:14:28+08:00 ] NOTIC: [2] Wrong parameter count for array_push() IndexAction.class.php 第 34 行.
[ 2012-08-15T23:14:28+08:00 ] NOTIC: [2] Wrong parameter count for array_push() IndexAction.class.php 第 34 行.
[ 2012-08-15T23:14:28+08:00 ] NOTIC: [2] Wrong parameter count for array_push() IndexAction.class.php 第 34 行.
[ 2012-08-15T23:14:28+08:00 ] NOTIC: [2] Wrong parameter count for array_push() IndexAction.class.php 第 34 行.
[ 2012-08-15T23:14:28+08:00 ] NOTIC: [2] Wrong parameter count for array_push() IndexAction.class.php 第 34 行.
[ 2012-08-15T23:14:28+08:00 ] SQL: SELECT id, title, keywords FROM `efu_content` WHERE status = 1 LIMIT 20  [ RunTime:0.000411s ]
[ 2012-08-15T23:14:28+08:00 ] SQL: SHOW COLUMNS FROM `efu_links` [ RunTime:0.003296s ]
[ 2012-08-15T23:14:28+08:00 ] SQL: SELECT * FROM `efu_links` WHERE status = 1 LIMIT 10  [ RunTime:0.006444s ]
[ 2012-08-15T23:14:28+08:00 ] SQL: SHOW COLUMNS FROM `efu_singlepage` [ RunTime:0.003298s ]
[ 2012-08-15T23:14:28+08:00 ] SQL: SELECT * FROM `efu_singlepage` WHERE status = 1 [ RunTime:0.006069s ]
[ 2012-08-15T23:15:24+08:00 ] SQL: SHOW COLUMNS FROM `efu_menu` [ RunTime:0.006188s ]
[ 2012-08-15T23:15:24+08:00 ] SQL: SELECT * FROM `efu_menu` WHERE status = 1 ORDER BY ordering ASC [ RunTime:0.005796s ]
[ 2012-08-15T23:15:24+08:00 ] SQL: SHOW COLUMNS FROM `efu_content` [ RunTime:0.003179s ]
[ 2012-08-15T23:15:24+08:00 ] SQL: SELECT * FROM `efu_content` WHERE status = 1 and menuid = 1 ORDER BY ptime DESC LIMIT 7  [ RunTime:0.004180s ]
[ 2012-08-15T23:15:24+08:00 ] NOTIC: [2] Wrong parameter count for array_push() IndexAction.class.php 第 23 行.
[ 2012-08-15T23:15:24+08:00 ] NOTIC: [2] Wrong parameter count for array_push() IndexAction.class.php 第 23 行.
[ 2012-08-15T23:15:24+08:00 ] NOTIC: [2] Wrong parameter count for array_push() IndexAction.class.php 第 23 行.
[ 2012-08-15T23:15:24+08:00 ] NOTIC: [2] Wrong parameter count for array_push() IndexAction.class.php 第 23 行.
[ 2012-08-15T23:15:24+08:00 ] NOTIC: [2] Wrong parameter count for array_push() IndexAction.class.php 第 23 行.
[ 2012-08-15T23:15:24+08:00 ] NOTIC: [2] Wrong parameter count for array_push() IndexAction.class.php 第 23 行.
[ 2012-08-15T23:15:24+08:00 ] NOTIC: [2] Wrong parameter count for array_push() IndexAction.class.php 第 23 行.
[ 2012-08-15T23:15:24+08:00 ] SQL: SELECT * FROM `efu_menu` WHERE status = 1 and id = 1 LIMIT 1  [ RunTime:0.000268s ]
[ 2012-08-15T23:15:24+08:00 ] SQL: SELECT * FROM `efu_content` WHERE status = 1 and menuid = 2 ORDER BY ptime DESC LIMIT 7  [ RunTime:0.000506s ]
[ 2012-08-15T23:15:24+08:00 ] NOTIC: [2] Wrong parameter count for array_push() IndexAction.class.php 第 23 行.
[ 2012-08-15T23:15:24+08:00 ] NOTIC: [2] Wrong parameter count for array_push() IndexAction.class.php 第 23 行.
[ 2012-08-15T23:15:24+08:00 ] NOTIC: [2] Wrong parameter count for array_push() IndexAction.class.php 第 23 行.
[ 2012-08-15T23:15:24+08:00 ] NOTIC: [2] Wrong parameter count for array_push() IndexAction.class.php 第 23 行.
[ 2012-08-15T23:15:24+08:00 ] NOTIC: [2] Wrong parameter count for array_push() IndexAction.class.php 第 23 行.
[ 2012-08-15T23:15:24+08:00 ] NOTIC: [2] Wrong parameter count for array_push() IndexAction.class.php 第 23 行.
[ 2012-08-15T23:15:24+08:00 ] NOTIC: [2] Wrong parameter count for array_push() IndexAction.class.php 第 23 行.
[ 2012-08-15T23:15:24+08:00 ] SQL: SELECT * FROM `efu_menu` WHERE status = 1 and id = 2 LIMIT 1  [ RunTime:0.000232s ]
[ 2012-08-15T23:15:24+08:00 ] SQL: SELECT * FROM `efu_content` WHERE status = 1 and menuid = 3 ORDER BY ptime DESC LIMIT 7  [ RunTime:0.000419s ]
[ 2012-08-15T23:15:24+08:00 ] NOTIC: [2] Wrong parameter count for array_push() IndexAction.class.php 第 23 行.
[ 2012-08-15T23:15:24+08:00 ] NOTIC: [2] Wrong parameter count for array_push() IndexAction.class.php 第 23 行.
[ 2012-08-15T23:15:24+08:00 ] NOTIC: [2] Wrong parameter count for array_push() IndexAction.class.php 第 23 行.
[ 2012-08-15T23:15:24+08:00 ] NOTIC: [2] Wrong parameter count for array_push() IndexAction.class.php 第 23 行.
[ 2012-08-15T23:15:24+08:00 ] NOTIC: [2] Wrong parameter count for array_push() IndexAction.class.php 第 23 行.
[ 2012-08-15T23:15:24+08:00 ] NOTIC: [2] Wrong parameter count for array_push() IndexAction.class.php 第 23 行.
[ 2012-08-15T23:15:24+08:00 ] NOTIC: [2] Wrong parameter count for array_push() IndexAction.class.php 第 23 行.
[ 2012-08-15T23:15:24+08:00 ] SQL: SELECT * FROM `efu_menu` WHERE status = 1 and id = 3 LIMIT 1  [ RunTime:0.000255s ]
[ 2012-08-15T23:15:24+08:00 ] SQL: SELECT * FROM `efu_content` WHERE status = 1 and menuid = 4 ORDER BY ptime DESC LIMIT 7  [ RunTime:0.000416s ]
[ 2012-08-15T23:15:24+08:00 ] NOTIC: [2] Wrong parameter count for array_push() IndexAction.class.php 第 23 行.
[ 2012-08-15T23:15:24+08:00 ] NOTIC: [2] Wrong parameter count for array_push() IndexAction.class.php 第 23 行.
[ 2012-08-15T23:15:24+08:00 ] NOTIC: [2] Wrong parameter count for array_push() IndexAction.class.php 第 23 行.
[ 2012-08-15T23:15:24+08:00 ] NOTIC: [2] Wrong parameter count for array_push() IndexAction.class.php 第 23 行.
[ 2012-08-15T23:15:24+08:00 ] NOTIC: [2] Wrong parameter count for array_push() IndexAction.class.php 第 23 行.
[ 2012-08-15T23:15:24+08:00 ] NOTIC: [2] Wrong parameter count for array_push() IndexAction.class.php 第 23 行.
[ 2012-08-15T23:15:24+08:00 ] NOTIC: [2] Wrong parameter count for array_push() IndexAction.class.php 第 23 行.
[ 2012-08-15T23:15:24+08:00 ] SQL: SELECT * FROM `efu_menu` WHERE status = 1 and id = 4 LIMIT 1  [ RunTime:0.000238s ]
[ 2012-08-15T23:15:24+08:00 ] SQL: SELECT * FROM `efu_content` WHERE status = 1 ORDER BY hits DESC LIMIT 10  [ RunTime:0.000446s ]
[ 2012-08-15T23:15:24+08:00 ] NOTIC: [2] Wrong parameter count for array_push() IndexAction.class.php 第 34 行.
[ 2012-08-15T23:15:24+08:00 ] NOTIC: [2] Wrong parameter count for array_push() IndexAction.class.php 第 34 行.
[ 2012-08-15T23:15:24+08:00 ] NOTIC: [2] Wrong parameter count for array_push() IndexAction.class.php 第 34 行.
[ 2012-08-15T23:15:24+08:00 ] NOTIC: [2] Wrong parameter count for array_push() IndexAction.class.php 第 34 行.
[ 2012-08-15T23:15:24+08:00 ] NOTIC: [2] Wrong parameter count for array_push() IndexAction.class.php 第 34 行.
[ 2012-08-15T23:15:24+08:00 ] NOTIC: [2] Wrong parameter count for array_push() IndexAction.class.php 第 34 行.
[ 2012-08-15T23:15:24+08:00 ] NOTIC: [2] Wrong parameter count for array_push() IndexAction.class.php 第 34 行.
[ 2012-08-15T23:15:24+08:00 ] NOTIC: [2] Wrong parameter count for array_push() IndexAction.class.php 第 34 行.
[ 2012-08-15T23:15:24+08:00 ] NOTIC: [2] Wrong parameter count for array_push() IndexAction.class.php 第 34 行.
[ 2012-08-15T23:15:24+08:00 ] NOTIC: [2] Wrong parameter count for array_push() IndexAction.class.php 第 34 行.
[ 2012-08-15T23:15:24+08:00 ] SQL: SELECT id, title, keywords FROM `efu_content` WHERE status = 1 LIMIT 20  [ RunTime:0.000294s ]
[ 2012-08-15T23:15:24+08:00 ] SQL: SHOW COLUMNS FROM `efu_links` [ RunTime:0.002908s ]
[ 2012-08-15T23:15:24+08:00 ] SQL: SELECT * FROM `efu_links` WHERE status = 1 LIMIT 10  [ RunTime:0.003970s ]
[ 2012-08-15T23:15:24+08:00 ] SQL: SHOW COLUMNS FROM `efu_singlepage` [ RunTime:0.002897s ]
[ 2012-08-15T23:15:24+08:00 ] SQL: SELECT * FROM `efu_singlepage` WHERE status = 1 [ RunTime:0.003285s ]
[ 2012-08-15T23:15:24+08:00 ] SQL: SHOW COLUMNS FROM `efu_menu` [ RunTime:0.002783s ]
[ 2012-08-15T23:15:24+08:00 ] SQL: SELECT * FROM `efu_menu` WHERE status = 1 ORDER BY ordering ASC [ RunTime:0.003259s ]
[ 2012-08-15T23:15:24+08:00 ] SQL: SHOW COLUMNS FROM `efu_content` [ RunTime:0.002934s ]
[ 2012-08-15T23:15:24+08:00 ] SQL: SELECT * FROM `efu_content` WHERE status = 1 and menuid = 1 ORDER BY ptime DESC LIMIT 7  [ RunTime:0.003364s ]
[ 2012-08-15T23:15:24+08:00 ] NOTIC: [2] Wrong parameter count for array_push() IndexAction.class.php 第 23 行.
[ 2012-08-15T23:15:24+08:00 ] NOTIC: [2] Wrong parameter count for array_push() IndexAction.class.php 第 23 行.
[ 2012-08-15T23:15:24+08:00 ] NOTIC: [2] Wrong parameter count for array_push() IndexAction.class.php 第 23 行.
[ 2012-08-15T23:15:24+08:00 ] NOTIC: [2] Wrong parameter count for array_push() IndexAction.class.php 第 23 行.
[ 2012-08-15T23:15:24+08:00 ] NOTIC: [2] Wrong parameter count for array_push() IndexAction.class.php 第 23 行.
[ 2012-08-15T23:15:24+08:00 ] NOTIC: [2] Wrong parameter count for array_push() IndexAction.class.php 第 23 行.
[ 2012-08-15T23:15:24+08:00 ] NOTIC: [2] Wrong parameter count for array_push() IndexAction.class.php 第 23 行.
[ 2012-08-15T23:15:24+08:00 ] SQL: SELECT * FROM `efu_menu` WHERE status = 1 and id = 1 LIMIT 1  [ RunTime:0.000310s ]
[ 2012-08-15T23:15:24+08:00 ] SQL: SELECT * FROM `efu_content` WHERE status = 1 and menuid = 2 ORDER BY ptime DESC LIMIT 7  [ RunTime:0.000506s ]
[ 2012-08-15T23:15:24+08:00 ] NOTIC: [2] Wrong parameter count for array_push() IndexAction.class.php 第 23 行.
[ 2012-08-15T23:15:24+08:00 ] NOTIC: [2] Wrong parameter count for array_push() IndexAction.class.php 第 23 行.
[ 2012-08-15T23:15:24+08:00 ] NOTIC: [2] Wrong parameter count for array_push() IndexAction.class.php 第 23 行.
[ 2012-08-15T23:15:24+08:00 ] NOTIC: [2] Wrong parameter count for array_push() IndexAction.class.php 第 23 行.
[ 2012-08-15T23:15:24+08:00 ] NOTIC: [2] Wrong parameter count for array_push() IndexAction.class.php 第 23 行.
[ 2012-08-15T23:15:24+08:00 ] NOTIC: [2] Wrong parameter count for array_push() IndexAction.class.php 第 23 行.
[ 2012-08-15T23:15:24+08:00 ] NOTIC: [2] Wrong parameter count for array_push() IndexAction.class.php 第 23 行.
[ 2012-08-15T23:15:24+08:00 ] SQL: SELECT * FROM `efu_menu` WHERE status = 1 and id = 2 LIMIT 1  [ RunTime:0.000234s ]
[ 2012-08-15T23:15:24+08:00 ] SQL: SELECT * FROM `efu_content` WHERE status = 1 and menuid = 3 ORDER BY ptime DESC LIMIT 7  [ RunTime:0.000383s ]
[ 2012-08-15T23:15:24+08:00 ] NOTIC: [2] Wrong parameter count for array_push() IndexAction.class.php 第 23 行.
[ 2012-08-15T23:15:24+08:00 ] NOTIC: [2] Wrong parameter count for array_push() IndexAction.class.php 第 23 行.
[ 2012-08-15T23:15:24+08:00 ] NOTIC: [2] Wrong parameter count for array_push() IndexAction.class.php 第 23 行.
[ 2012-08-15T23:15:24+08:00 ] NOTIC: [2] Wrong parameter count for array_push() IndexAction.class.php 第 23 行.
[ 2012-08-15T23:15:24+08:00 ] NOTIC: [2] Wrong parameter count for array_push() IndexAction.class.php 第 23 行.
[ 2012-08-15T23:15:24+08:00 ] NOTIC: [2] Wrong parameter count for array_push() IndexAction.class.php 第 23 行.
[ 2012-08-15T23:15:24+08:00 ] NOTIC: [2] Wrong parameter count for array_push() IndexAction.class.php 第 23 行.
[ 2012-08-15T23:15:24+08:00 ] SQL: SELECT * FROM `efu_menu` WHERE status = 1 and id = 3 LIMIT 1  [ RunTime:0.000182s ]
[ 2012-08-15T23:15:24+08:00 ] SQL: SELECT * FROM `efu_content` WHERE status = 1 and menuid = 4 ORDER BY ptime DESC LIMIT 7  [ RunTime:0.000365s ]
[ 2012-08-15T23:15:24+08:00 ] NOTIC: [2] Wrong parameter count for array_push() IndexAction.class.php 第 23 行.
[ 2012-08-15T23:15:24+08:00 ] NOTIC: [2] Wrong parameter count for array_push() IndexAction.class.php 第 23 行.
[ 2012-08-15T23:15:24+08:00 ] NOTIC: [2] Wrong parameter count for array_push() IndexAction.class.php 第 23 行.
[ 2012-08-15T23:15:24+08:00 ] NOTIC: [2] Wrong parameter count for array_push() IndexAction.class.php 第 23 行.
[ 2012-08-15T23:15:24+08:00 ] NOTIC: [2] Wrong parameter count for array_push() IndexAction.class.php 第 23 行.
[ 2012-08-15T23:15:24+08:00 ] NOTIC: [2] Wrong parameter count for array_push() IndexAction.class.php 第 23 行.
[ 2012-08-15T23:15:24+08:00 ] NOTIC: [2] Wrong parameter count for array_push() IndexAction.class.php 第 23 行.
[ 2012-08-15T23:15:24+08:00 ] SQL: SELECT * FROM `efu_menu` WHERE status = 1 and id = 4 LIMIT 1  [ RunTime:0.000178s ]
[ 2012-08-15T23:15:24+08:00 ] SQL: SELECT * FROM `efu_content` WHERE status = 1 ORDER BY hits DESC LIMIT 10  [ RunTime:0.000434s ]
[ 2012-08-15T23:15:24+08:00 ] NOTIC: [2] Wrong parameter count for array_push() IndexAction.class.php 第 34 行.
[ 2012-08-15T23:15:24+08:00 ] NOTIC: [2] Wrong parameter count for array_push() IndexAction.class.php 第 34 行.
[ 2012-08-15T23:15:24+08:00 ] NOTIC: [2] Wrong parameter count for array_push() IndexAction.class.php 第 34 行.
[ 2012-08-15T23:15:24+08:00 ] NOTIC: [2] Wrong parameter count for array_push() IndexAction.class.php 第 34 行.
[ 2012-08-15T23:15:24+08:00 ] NOTIC: [2] Wrong parameter count for array_push() IndexAction.class.php 第 34 行.
[ 2012-08-15T23:15:24+08:00 ] NOTIC: [2] Wrong parameter count for array_push() IndexAction.class.php 第 34 行.
[ 2012-08-15T23:15:24+08:00 ] NOTIC: [2] Wrong parameter count for array_push() IndexAction.class.php 第 34 行.
[ 2012-08-15T23:15:24+08:00 ] NOTIC: [2] Wrong parameter count for array_push() IndexAction.class.php 第 34 行.
[ 2012-08-15T23:15:24+08:00 ] NOTIC: [2] Wrong parameter count for array_push() IndexAction.class.php 第 34 行.
[ 2012-08-15T23:15:24+08:00 ] NOTIC: [2] Wrong parameter count for array_push() IndexAction.class.php 第 34 行.
[ 2012-08-15T23:15:24+08:00 ] SQL: SELECT id, title, keywords FROM `efu_content` WHERE status = 1 LIMIT 20  [ RunTime:0.000277s ]
[ 2012-08-15T23:15:24+08:00 ] SQL: SHOW COLUMNS FROM `efu_links` [ RunTime:0.002781s ]
[ 2012-08-15T23:15:24+08:00 ] SQL: SELECT * FROM `efu_links` WHERE status = 1 LIMIT 10  [ RunTime:0.003323s ]
[ 2012-08-15T23:15:24+08:00 ] SQL: SHOW COLUMNS FROM `efu_singlepage` [ RunTime:0.003097s ]
[ 2012-08-15T23:15:24+08:00 ] SQL: SELECT * FROM `efu_singlepage` WHERE status = 1 [ RunTime:0.004297s ]
[ 2012-08-15T23:16:24+08:00 ] SQL: SHOW COLUMNS FROM `efu_menu` [ RunTime:0.003906s ]
[ 2012-08-15T23:16:24+08:00 ] SQL: SELECT * FROM `efu_menu` WHERE status = 1 ORDER BY ordering ASC [ RunTime:0.005389s ]
[ 2012-08-15T23:16:24+08:00 ] SQL: SHOW COLUMNS FROM `efu_content` [ RunTime:0.004016s ]
[ 2012-08-15T23:16:24+08:00 ] SQL: SELECT * FROM `efu_content` WHERE status = 1 and menuid = 1 ORDER BY ptime DESC LIMIT 7  [ RunTime:0.004967s ]
[ 2012-08-15T23:16:24+08:00 ] NOTIC: [2] Wrong parameter count for array_push() IndexAction.class.php 第 23 行.
[ 2012-08-15T23:16:24+08:00 ] NOTIC: [2] Wrong parameter count for array_push() IndexAction.class.php 第 23 行.
[ 2012-08-15T23:16:24+08:00 ] NOTIC: [2] Wrong parameter count for array_push() IndexAction.class.php 第 23 行.
[ 2012-08-15T23:16:24+08:00 ] NOTIC: [2] Wrong parameter count for array_push() IndexAction.class.php 第 23 行.
[ 2012-08-15T23:16:24+08:00 ] NOTIC: [2] Wrong parameter count for array_push() IndexAction.class.php 第 23 行.
[ 2012-08-15T23:16:24+08:00 ] NOTIC: [2] Wrong parameter count for array_push() IndexAction.class.php 第 23 行.
[ 2012-08-15T23:16:24+08:00 ] NOTIC: [2] Wrong parameter count for array_push() IndexAction.class.php 第 23 行.
[ 2012-08-15T23:16:24+08:00 ] SQL: SELECT * FROM `efu_menu` WHERE status = 1 and id = 1 LIMIT 1  [ RunTime:0.000332s ]
[ 2012-08-15T23:16:24+08:00 ] SQL: SELECT * FROM `efu_content` WHERE status = 1 and menuid = 2 ORDER BY ptime DESC LIMIT 7  [ RunTime:0.000534s ]
[ 2012-08-15T23:16:24+08:00 ] NOTIC: [2] Wrong parameter count for array_push() IndexAction.class.php 第 23 行.
[ 2012-08-15T23:16:24+08:00 ] NOTIC: [2] Wrong parameter count for array_push() IndexAction.class.php 第 23 行.
[ 2012-08-15T23:16:24+08:00 ] NOTIC: [2] Wrong parameter count for array_push() IndexAction.class.php 第 23 行.
[ 2012-08-15T23:16:24+08:00 ] NOTIC: [2] Wrong parameter count for array_push() IndexAction.class.php 第 23 行.
[ 2012-08-15T23:16:24+08:00 ] NOTIC: [2] Wrong parameter count for array_push() IndexAction.class.php 第 23 行.
[ 2012-08-15T23:16:24+08:00 ] NOTIC: [2] Wrong parameter count for array_push() IndexAction.class.php 第 23 行.
[ 2012-08-15T23:16:24+08:00 ] NOTIC: [2] Wrong parameter count for array_push() IndexAction.class.php 第 23 行.
[ 2012-08-15T23:16:24+08:00 ] SQL: SELECT * FROM `efu_menu` WHERE status = 1 and id = 2 LIMIT 1  [ RunTime:0.000270s ]
[ 2012-08-15T23:16:24+08:00 ] SQL: SELECT * FROM `efu_content` WHERE status = 1 and menuid = 3 ORDER BY ptime DESC LIMIT 7  [ RunTime:0.000498s ]
[ 2012-08-15T23:16:24+08:00 ] NOTIC: [2] Wrong parameter count for array_push() IndexAction.class.php 第 23 行.
[ 2012-08-15T23:16:24+08:00 ] NOTIC: [2] Wrong parameter count for array_push() IndexAction.class.php 第 23 行.
[ 2012-08-15T23:16:24+08:00 ] NOTIC: [2] Wrong parameter count for array_push() IndexAction.class.php 第 23 行.
[ 2012-08-15T23:16:24+08:00 ] NOTIC: [2] Wrong parameter count for array_push() IndexAction.class.php 第 23 行.
[ 2012-08-15T23:16:24+08:00 ] NOTIC: [2] Wrong parameter count for array_push() IndexAction.class.php 第 23 行.
[ 2012-08-15T23:16:24+08:00 ] NOTIC: [2] Wrong parameter count for array_push() IndexAction.class.php 第 23 行.
[ 2012-08-15T23:16:24+08:00 ] NOTIC: [2] Wrong parameter count for array_push() IndexAction.class.php 第 23 行.
[ 2012-08-15T23:16:24+08:00 ] SQL: SELECT * FROM `efu_menu` WHERE status = 1 and id = 3 LIMIT 1  [ RunTime:0.000309s ]
[ 2012-08-15T23:16:24+08:00 ] SQL: SELECT * FROM `efu_content` WHERE status = 1 and menuid = 4 ORDER BY ptime DESC LIMIT 7  [ RunTime:0.000396s ]
[ 2012-08-15T23:16:24+08:00 ] NOTIC: [2] Wrong parameter count for array_push() IndexAction.class.php 第 23 行.
[ 2012-08-15T23:16:24+08:00 ] NOTIC: [2] Wrong parameter count for array_push() IndexAction.class.php 第 23 行.
[ 2012-08-15T23:16:24+08:00 ] NOTIC: [2] Wrong parameter count for array_push() IndexAction.class.php 第 23 行.
[ 2012-08-15T23:16:24+08:00 ] NOTIC: [2] Wrong parameter count for array_push() IndexAction.class.php 第 23 行.
[ 2012-08-15T23:16:24+08:00 ] NOTIC: [2] Wrong parameter count for array_push() IndexAction.class.php 第 23 行.
[ 2012-08-15T23:16:24+08:00 ] NOTIC: [2] Wrong parameter count for array_push() IndexAction.class.php 第 23 行.
[ 2012-08-15T23:16:24+08:00 ] NOTIC: [2] Wrong parameter count for array_push() IndexAction.class.php 第 23 行.
[ 2012-08-15T23:16:24+08:00 ] SQL: SELECT * FROM `efu_menu` WHERE status = 1 and id = 4 LIMIT 1  [ RunTime:0.000189s ]
[ 2012-08-15T23:16:24+08:00 ] SQL: SELECT * FROM `efu_content` WHERE status = 1 ORDER BY hits DESC LIMIT 10  [ RunTime:0.000448s ]
[ 2012-08-15T23:16:24+08:00 ] NOTIC: [2] Wrong parameter count for array_push() IndexAction.class.php 第 34 行.
[ 2012-08-15T23:16:24+08:00 ] NOTIC: [2] Wrong parameter count for array_push() IndexAction.class.php 第 34 行.
[ 2012-08-15T23:16:24+08:00 ] NOTIC: [2] Wrong parameter count for array_push() IndexAction.class.php 第 34 行.
[ 2012-08-15T23:16:24+08:00 ] NOTIC: [2] Wrong parameter count for array_push() IndexAction.class.php 第 34 行.
[ 2012-08-15T23:16:24+08:00 ] NOTIC: [2] Wrong parameter count for array_push() IndexAction.class.php 第 34 行.
[ 2012-08-15T23:16:24+08:00 ] NOTIC: [2] Wrong parameter count for array_push() IndexAction.class.php 第 34 行.
[ 2012-08-15T23:16:24+08:00 ] NOTIC: [2] Wrong parameter count for array_push() IndexAction.class.php 第 34 行.
[ 2012-08-15T23:16:24+08:00 ] NOTIC: [2] Wrong parameter count for array_push() IndexAction.class.php 第 34 行.
[ 2012-08-15T23:16:24+08:00 ] NOTIC: [2] Wrong parameter count for array_push() IndexAction.class.php 第 34 行.
[ 2012-08-15T23:16:24+08:00 ] NOTIC: [2] Wrong parameter count for array_push() IndexAction.class.php 第 34 行.
[ 2012-08-15T23:16:24+08:00 ] SQL: SELECT id, title, keywords FROM `efu_content` WHERE status = 1 LIMIT 20  [ RunTime:0.000253s ]
[ 2012-08-15T23:16:24+08:00 ] SQL: SHOW COLUMNS FROM `efu_links` [ RunTime:0.002762s ]
[ 2012-08-15T23:16:24+08:00 ] SQL: SELECT * FROM `efu_links` WHERE status = 1 LIMIT 10  [ RunTime:0.004953s ]
[ 2012-08-15T23:16:24+08:00 ] SQL: SHOW COLUMNS FROM `efu_singlepage` [ RunTime:0.002801s ]
[ 2012-08-15T23:16:24+08:00 ] SQL: SELECT * FROM `efu_singlepage` WHERE status = 1 [ RunTime:0.003133s ]
[ 2012-08-15T23:16:25+08:00 ] SQL: SHOW COLUMNS FROM `efu_menu` [ RunTime:0.011495s ]
[ 2012-08-15T23:16:25+08:00 ] SQL: SELECT * FROM `efu_menu` WHERE status = 1 ORDER BY ordering ASC [ RunTime:0.011400s ]
[ 2012-08-15T23:16:25+08:00 ] SQL: SHOW COLUMNS FROM `efu_content` [ RunTime:0.004369s ]
[ 2012-08-15T23:16:25+08:00 ] SQL: SELECT * FROM `efu_content` WHERE status = 1 and menuid = 1 ORDER BY ptime DESC LIMIT 7  [ RunTime:0.004814s ]
[ 2012-08-15T23:16:25+08:00 ] NOTIC: [2] Wrong parameter count for array_push() IndexAction.class.php 第 23 行.
[ 2012-08-15T23:16:25+08:00 ] NOTIC: [2] Wrong parameter count for array_push() IndexAction.class.php 第 23 行.
[ 2012-08-15T23:16:25+08:00 ] NOTIC: [2] Wrong parameter count for array_push() IndexAction.class.php 第 23 行.
[ 2012-08-15T23:16:25+08:00 ] NOTIC: [2] Wrong parameter count for array_push() IndexAction.class.php 第 23 行.
[ 2012-08-15T23:16:25+08:00 ] NOTIC: [2] Wrong parameter count for array_push() IndexAction.class.php 第 23 行.
[ 2012-08-15T23:16:25+08:00 ] NOTIC: [2] Wrong parameter count for array_push() IndexAction.class.php 第 23 行.
[ 2012-08-15T23:16:25+08:00 ] NOTIC: [2] Wrong parameter count for array_push() IndexAction.class.php 第 23 行.
[ 2012-08-15T23:16:25+08:00 ] SQL: SELECT * FROM `efu_menu` WHERE status = 1 and id = 1 LIMIT 1  [ RunTime:0.000224s ]
[ 2012-08-15T23:16:25+08:00 ] SQL: SELECT * FROM `efu_content` WHERE status = 1 and menuid = 2 ORDER BY ptime DESC LIMIT 7  [ RunTime:0.000464s ]
[ 2012-08-15T23:16:25+08:00 ] NOTIC: [2] Wrong parameter count for array_push() IndexAction.class.php 第 23 行.
[ 2012-08-15T23:16:25+08:00 ] NOTIC: [2] Wrong parameter count for array_push() IndexAction.class.php 第 23 行.
[ 2012-08-15T23:16:25+08:00 ] NOTIC: [2] Wrong parameter count for array_push() IndexAction.class.php 第 23 行.
[ 2012-08-15T23:16:25+08:00 ] NOTIC: [2] Wrong parameter count for array_push() IndexAction.class.php 第 23 行.
[ 2012-08-15T23:16:25+08:00 ] NOTIC: [2] Wrong parameter count for array_push() IndexAction.class.php 第 23 行.
[ 2012-08-15T23:16:25+08:00 ] NOTIC: [2] Wrong parameter count for array_push() IndexAction.class.php 第 23 行.
[ 2012-08-15T23:16:25+08:00 ] NOTIC: [2] Wrong parameter count for array_push() IndexAction.class.php 第 23 行.
[ 2012-08-15T23:16:25+08:00 ] SQL: SELECT * FROM `efu_menu` WHERE status = 1 and id = 2 LIMIT 1  [ RunTime:0.000405s ]
[ 2012-08-15T23:16:25+08:00 ] SQL: SELECT * FROM `efu_content` WHERE status = 1 and menuid = 3 ORDER BY ptime DESC LIMIT 7  [ RunTime:0.000618s ]
[ 2012-08-15T23:16:25+08:00 ] NOTIC: [2] Wrong parameter count for array_push() IndexAction.class.php 第 23 行.
[ 2012-08-15T23:16:25+08:00 ] NOTIC: [2] Wrong parameter count for array_push() IndexAction.class.php 第 23 行.
[ 2012-08-15T23:16:25+08:00 ] NOTIC: [2] Wrong parameter count for array_push() IndexAction.class.php 第 23 行.
[ 2012-08-15T23:16:25+08:00 ] NOTIC: [2] Wrong parameter count for array_push() IndexAction.class.php 第 23 行.
[ 2012-08-15T23:16:25+08:00 ] NOTIC: [2] Wrong parameter count for array_push() IndexAction.class.php 第 23 行.
[ 2012-08-15T23:16:25+08:00 ] NOTIC: [2] Wrong parameter count for array_push() IndexAction.class.php 第 23 行.
[ 2012-08-15T23:16:25+08:00 ] NOTIC: [2] Wrong parameter count for array_push() IndexAction.class.php 第 23 行.
[ 2012-08-15T23:16:25+08:00 ] SQL: SELECT * FROM `efu_menu` WHERE status = 1 and id = 3 LIMIT 1  [ RunTime:0.000292s ]
[ 2012-08-15T23:16:25+08:00 ] SQL: SELECT * FROM `efu_content` WHERE status = 1 and menuid = 4 ORDER BY ptime DESC LIMIT 7  [ RunTime:0.000482s ]
[ 2012-08-15T23:16:25+08:00 ] NOTIC: [2] Wrong parameter count for array_push() IndexAction.class.php 第 23 行.
[ 2012-08-15T23:16:25+08:00 ] NOTIC: [2] Wrong parameter count for array_push() IndexAction.class.php 第 23 行.
[ 2012-08-15T23:16:25+08:00 ] NOTIC: [2] Wrong parameter count for array_push() IndexAction.class.php 第 23 行.
[ 2012-08-15T23:16:25+08:00 ] NOTIC: [2] Wrong parameter count for array_push() IndexAction.class.php 第 23 行.
[ 2012-08-15T23:16:25+08:00 ] NOTIC: [2] Wrong parameter count for array_push() IndexAction.class.php 第 23 行.
[ 2012-08-15T23:16:25+08:00 ] NOTIC: [2] Wrong parameter count for array_push() IndexAction.class.php 第 23 行.
[ 2012-08-15T23:16:25+08:00 ] NOTIC: [2] Wrong parameter count for array_push() IndexAction.class.php 第 23 行.
[ 2012-08-15T23:16:25+08:00 ] SQL: SELECT * FROM `efu_menu` WHERE status = 1 and id = 4 LIMIT 1  [ RunTime:0.000298s ]
[ 2012-08-15T23:16:25+08:00 ] SQL: SELECT * FROM `efu_content` WHERE status = 1 ORDER BY hits DESC LIMIT 10  [ RunTime:0.000555s ]
[ 2012-08-15T23:16:25+08:00 ] NOTIC: [2] Wrong parameter count for array_push() IndexAction.class.php 第 34 行.
[ 2012-08-15T23:16:25+08:00 ] NOTIC: [2] Wrong parameter count for array_push() IndexAction.class.php 第 34 行.
[ 2012-08-15T23:16:25+08:00 ] NOTIC: [2] Wrong parameter count for array_push() IndexAction.class.php 第 34 行.
[ 2012-08-15T23:16:25+08:00 ] NOTIC: [2] Wrong parameter count for array_push() IndexAction.class.php 第 34 行.
[ 2012-08-15T23:16:25+08:00 ] NOTIC: [2] Wrong parameter count for array_push() IndexAction.class.php 第 34 行.
[ 2012-08-15T23:16:25+08:00 ] NOTIC: [2] Wrong parameter count for array_push() IndexAction.class.php 第 34 行.
[ 2012-08-15T23:16:25+08:00 ] NOTIC: [2] Wrong parameter count for array_push() IndexAction.class.php 第 34 行.
[ 2012-08-15T23:16:25+08:00 ] NOTIC: [2] Wrong parameter count for array_push() IndexAction.class.php 第 34 行.
[ 2012-08-15T23:16:25+08:00 ] NOTIC: [2] Wrong parameter count for array_push() IndexAction.class.php 第 34 行.
[ 2012-08-15T23:16:25+08:00 ] NOTIC: [2] Wrong parameter count for array_push() IndexAction.class.php 第 34 行.
[ 2012-08-15T23:16:25+08:00 ] SQL: SELECT id, title, keywords FROM `efu_content` WHERE status = 1 LIMIT 20  [ RunTime:0.000444s ]
[ 2012-08-15T23:16:25+08:00 ] SQL: SHOW COLUMNS FROM `efu_links` [ RunTime:0.003598s ]
[ 2012-08-15T23:16:25+08:00 ] SQL: SELECT * FROM `efu_links` WHERE status = 1 LIMIT 10  [ RunTime:0.005080s ]
[ 2012-08-15T23:16:25+08:00 ] SQL: SHOW COLUMNS FROM `efu_singlepage` [ RunTime:0.002907s ]
[ 2012-08-15T23:16:25+08:00 ] SQL: SELECT * FROM `efu_singlepage` WHERE status = 1 [ RunTime:0.004028s ]
[ 2012-08-15T23:21:16+08:00 ] SQL: SHOW COLUMNS FROM `efu_menu` [ RunTime:0.007037s ]
[ 2012-08-15T23:21:16+08:00 ] SQL: SELECT * FROM `efu_menu` WHERE status = 1 ORDER BY ordering ASC [ RunTime:0.008258s ]
[ 2012-08-15T23:21:16+08:00 ] SQL: SHOW COLUMNS FROM `efu_content` [ RunTime:0.005295s ]
[ 2012-08-15T23:21:16+08:00 ] SQL: SELECT * FROM `efu_content` WHERE status = 1 and menuid = 1 ORDER BY ptime DESC LIMIT 7  [ RunTime:0.008560s ]
[ 2012-08-15T23:21:16+08:00 ] NOTIC: [2] Wrong parameter count for array_push() IndexAction.class.php 第 23 行.
[ 2012-08-15T23:21:16+08:00 ] NOTIC: [2] Wrong parameter count for array_push() IndexAction.class.php 第 23 行.
[ 2012-08-15T23:21:16+08:00 ] NOTIC: [2] Wrong parameter count for array_push() IndexAction.class.php 第 23 行.
[ 2012-08-15T23:21:16+08:00 ] NOTIC: [2] Wrong parameter count for array_push() IndexAction.class.php 第 23 行.
[ 2012-08-15T23:21:16+08:00 ] NOTIC: [2] Wrong parameter count for array_push() IndexAction.class.php 第 23 行.
[ 2012-08-15T23:21:16+08:00 ] NOTIC: [2] Wrong parameter count for array_push() IndexAction.class.php 第 23 行.
[ 2012-08-15T23:21:16+08:00 ] NOTIC: [2] Wrong parameter count for array_push() IndexAction.class.php 第 23 行.
[ 2012-08-15T23:21:16+08:00 ] SQL: SELECT * FROM `efu_menu` WHERE status = 1 and id = 1 LIMIT 1  [ RunTime:0.000397s ]
[ 2012-08-15T23:21:16+08:00 ] SQL: SELECT * FROM `efu_content` WHERE status = 1 and menuid = 2 ORDER BY ptime DESC LIMIT 7  [ RunTime:0.000943s ]
[ 2012-08-15T23:21:16+08:00 ] NOTIC: [2] Wrong parameter count for array_push() IndexAction.class.php 第 23 行.
[ 2012-08-15T23:21:16+08:00 ] NOTIC: [2] Wrong parameter count for array_push() IndexAction.class.php 第 23 行.
[ 2012-08-15T23:21:16+08:00 ] NOTIC: [2] Wrong parameter count for array_push() IndexAction.class.php 第 23 行.
[ 2012-08-15T23:21:16+08:00 ] NOTIC: [2] Wrong parameter count for array_push() IndexAction.class.php 第 23 行.
[ 2012-08-15T23:21:16+08:00 ] NOTIC: [2] Wrong parameter count for array_push() IndexAction.class.php 第 23 行.
[ 2012-08-15T23:21:16+08:00 ] NOTIC: [2] Wrong parameter count for array_push() IndexAction.class.php 第 23 行.
[ 2012-08-15T23:21:16+08:00 ] NOTIC: [2] Wrong parameter count for array_push() IndexAction.class.php 第 23 行.
[ 2012-08-15T23:21:16+08:00 ] SQL: SELECT * FROM `efu_menu` WHERE status = 1 and id = 2 LIMIT 1  [ RunTime:0.000444s ]
[ 2012-08-15T23:21:16+08:00 ] SQL: SELECT * FROM `efu_content` WHERE status = 1 and menuid = 3 ORDER BY ptime DESC LIMIT 7  [ RunTime:0.000449s ]
[ 2012-08-15T23:21:16+08:00 ] NOTIC: [2] Wrong parameter count for array_push() IndexAction.class.php 第 23 行.
[ 2012-08-15T23:21:16+08:00 ] NOTIC: [2] Wrong parameter count for array_push() IndexAction.class.php 第 23 行.
[ 2012-08-15T23:21:16+08:00 ] NOTIC: [2] Wrong parameter count for array_push() IndexAction.class.php 第 23 行.
[ 2012-08-15T23:21:16+08:00 ] NOTIC: [2] Wrong parameter count for array_push() IndexAction.class.php 第 23 行.
[ 2012-08-15T23:21:16+08:00 ] NOTIC: [2] Wrong parameter count for array_push() IndexAction.class.php 第 23 行.
[ 2012-08-15T23:21:16+08:00 ] NOTIC: [2] Wrong parameter count for array_push() IndexAction.class.php 第 23 行.
[ 2012-08-15T23:21:16+08:00 ] NOTIC: [2] Wrong parameter count for array_push() IndexAction.class.php 第 23 行.
[ 2012-08-15T23:21:16+08:00 ] SQL: SELECT * FROM `efu_menu` WHERE status = 1 and id = 3 LIMIT 1  [ RunTime:0.000250s ]
[ 2012-08-15T23:21:16+08:00 ] SQL: SELECT * FROM `efu_content` WHERE status = 1 and menuid = 4 ORDER BY ptime DESC LIMIT 7  [ RunTime:0.000641s ]
[ 2012-08-15T23:21:16+08:00 ] NOTIC: [2] Wrong parameter count for array_push() IndexAction.class.php 第 23 行.
[ 2012-08-15T23:21:16+08:00 ] NOTIC: [2] Wrong parameter count for array_push() IndexAction.class.php 第 23 行.
[ 2012-08-15T23:21:16+08:00 ] NOTIC: [2] Wrong parameter count for array_push() IndexAction.class.php 第 23 行.
[ 2012-08-15T23:21:16+08:00 ] NOTIC: [2] Wrong parameter count for array_push() IndexAction.class.php 第 23 行.
[ 2012-08-15T23:21:16+08:00 ] NOTIC: [2] Wrong parameter count for array_push() IndexAction.class.php 第 23 行.
[ 2012-08-15T23:21:16+08:00 ] NOTIC: [2] Wrong parameter count for array_push() IndexAction.class.php 第 23 行.
[ 2012-08-15T23:21:16+08:00 ] NOTIC: [2] Wrong parameter count for array_push() IndexAction.class.php 第 23 行.
[ 2012-08-15T23:21:16+08:00 ] SQL: SELECT * FROM `efu_menu` WHERE status = 1 and id = 4 LIMIT 1  [ RunTime:0.000343s ]
[ 2012-08-15T23:21:16+08:00 ] SQL: SELECT * FROM `efu_content` WHERE status = 1 ORDER BY hits DESC LIMIT 10  [ RunTime:0.000564s ]
[ 2012-08-15T23:21:16+08:00 ] NOTIC: [2] Wrong parameter count for array_push() IndexAction.class.php 第 34 行.
[ 2012-08-15T23:21:16+08:00 ] NOTIC: [2] Wrong parameter count for array_push() IndexAction.class.php 第 34 行.
[ 2012-08-15T23:21:16+08:00 ] NOTIC: [2] Wrong parameter count for array_push() IndexAction.class.php 第 34 行.
[ 2012-08-15T23:21:16+08:00 ] NOTIC: [2] Wrong parameter count for array_push() IndexAction.class.php 第 34 行.
[ 2012-08-15T23:21:16+08:00 ] NOTIC: [2] Wrong parameter count for array_push() IndexAction.class.php 第 34 行.
[ 2012-08-15T23:21:16+08:00 ] NOTIC: [2] Wrong parameter count for array_push() IndexAction.class.php 第 34 行.
[ 2012-08-15T23:21:16+08:00 ] NOTIC: [2] Wrong parameter count for array_push() IndexAction.class.php 第 34 行.
[ 2012-08-15T23:21:16+08:00 ] NOTIC: [2] Wrong parameter count for array_push() IndexAction.class.php 第 34 行.
[ 2012-08-15T23:21:16+08:00 ] NOTIC: [2] Wrong parameter count for array_push() IndexAction.class.php 第 34 行.
[ 2012-08-15T23:21:16+08:00 ] NOTIC: [2] Wrong parameter count for array_push() IndexAction.class.php 第 34 行.
[ 2012-08-15T23:21:16+08:00 ] SQL: SELECT id, title, keywords FROM `efu_content` WHERE status = 1 LIMIT 20  [ RunTime:0.000331s ]
[ 2012-08-15T23:21:16+08:00 ] SQL: SHOW COLUMNS FROM `efu_links` [ RunTime:0.003022s ]
[ 2012-08-15T23:21:16+08:00 ] SQL: SELECT * FROM `efu_links` WHERE status = 1 LIMIT 10  [ RunTime:0.004105s ]
[ 2012-08-15T23:21:16+08:00 ] SQL: SHOW COLUMNS FROM `efu_singlepage` [ RunTime:0.002915s ]
[ 2012-08-15T23:21:16+08:00 ] SQL: SELECT * FROM `efu_singlepage` WHERE status = 1 [ RunTime:0.003711s ]
[ 2012-08-15T23:21:16+08:00 ] SQL: SHOW COLUMNS FROM `efu_menu` [ RunTime:0.003443s ]
[ 2012-08-15T23:21:16+08:00 ] SQL: SELECT * FROM `efu_menu` WHERE status = 1 ORDER BY ordering ASC [ RunTime:0.006031s ]
[ 2012-08-15T23:21:16+08:00 ] SQL: SHOW COLUMNS FROM `efu_content` [ RunTime:0.003277s ]
[ 2012-08-15T23:21:16+08:00 ] SQL: SELECT * FROM `efu_content` WHERE status = 1 and menuid = 1 ORDER BY ptime DESC LIMIT 7  [ RunTime:0.005131s ]
[ 2012-08-15T23:21:16+08:00 ] NOTIC: [2] Wrong parameter count for array_push() IndexAction.class.php 第 23 行.
[ 2012-08-15T23:21:16+08:00 ] NOTIC: [2] Wrong parameter count for array_push() IndexAction.class.php 第 23 行.
[ 2012-08-15T23:21:16+08:00 ] NOTIC: [2] Wrong parameter count for array_push() IndexAction.class.php 第 23 行.
[ 2012-08-15T23:21:16+08:00 ] NOTIC: [2] Wrong parameter count for array_push() IndexAction.class.php 第 23 行.
[ 2012-08-15T23:21:16+08:00 ] NOTIC: [2] Wrong parameter count for array_push() IndexAction.class.php 第 23 行.
[ 2012-08-15T23:21:16+08:00 ] NOTIC: [2] Wrong parameter count for array_push() IndexAction.class.php 第 23 行.
[ 2012-08-15T23:21:16+08:00 ] NOTIC: [2] Wrong parameter count for array_push() IndexAction.class.php 第 23 行.
[ 2012-08-15T23:21:16+08:00 ] SQL: SELECT * FROM `efu_menu` WHERE status = 1 and id = 1 LIMIT 1  [ RunTime:0.000352s ]
[ 2012-08-15T23:21:16+08:00 ] SQL: SELECT * FROM `efu_content` WHERE status = 1 and menuid = 2 ORDER BY ptime DESC LIMIT 7  [ RunTime:0.000663s ]
[ 2012-08-15T23:21:16+08:00 ] NOTIC: [2] Wrong parameter count for array_push() IndexAction.class.php 第 23 行.
[ 2012-08-15T23:21:16+08:00 ] NOTIC: [2] Wrong parameter count for array_push() IndexAction.class.php 第 23 行.
[ 2012-08-15T23:21:16+08:00 ] NOTIC: [2] Wrong parameter count for array_push() IndexAction.class.php 第 23 行.
[ 2012-08-15T23:21:16+08:00 ] NOTIC: [2] Wrong parameter count for array_push() IndexAction.class.php 第 23 行.
[ 2012-08-15T23:21:16+08:00 ] NOTIC: [2] Wrong parameter count for array_push() IndexAction.class.php 第 23 行.
[ 2012-08-15T23:21:16+08:00 ] NOTIC: [2] Wrong parameter count for array_push() IndexAction.class.php 第 23 行.
[ 2012-08-15T23:21:16+08:00 ] NOTIC: [2] Wrong parameter count for array_push() IndexAction.class.php 第 23 行.
[ 2012-08-15T23:21:16+08:00 ] SQL: SELECT * FROM `efu_menu` WHERE status = 1 and id = 2 LIMIT 1  [ RunTime:0.000393s ]
[ 2012-08-15T23:21:16+08:00 ] SQL: SELECT * FROM `efu_content` WHERE status = 1 and menuid = 3 ORDER BY ptime DESC LIMIT 7  [ RunTime:0.000865s ]
[ 2012-08-15T23:21:16+08:00 ] NOTIC: [2] Wrong parameter count for array_push() IndexAction.class.php 第 23 行.
[ 2012-08-15T23:21:16+08:00 ] NOTIC: [2] Wrong parameter count for array_push() IndexAction.class.php 第 23 行.
[ 2012-08-15T23:21:16+08:00 ] NOTIC: [2] Wrong parameter count for array_push() IndexAction.class.php 第 23 行.
[ 2012-08-15T23:21:16+08:00 ] NOTIC: [2] Wrong parameter count for array_push() IndexAction.class.php 第 23 行.
[ 2012-08-15T23:21:16+08:00 ] NOTIC: [2] Wrong parameter count for array_push() IndexAction.class.php 第 23 行.
[ 2012-08-15T23:21:16+08:00 ] NOTIC: [2] Wrong parameter count for array_push() IndexAction.class.php 第 23 行.
[ 2012-08-15T23:21:16+08:00 ] NOTIC: [2] Wrong parameter count for array_push() IndexAction.class.php 第 23 行.
[ 2012-08-15T23:21:16+08:00 ] SQL: SELECT * FROM `efu_menu` WHERE status = 1 and id = 3 LIMIT 1  [ RunTime:0.000309s ]
[ 2012-08-15T23:21:16+08:00 ] SQL: SELECT * FROM `efu_content` WHERE status = 1 and menuid = 4 ORDER BY ptime DESC LIMIT 7  [ RunTime:0.000463s ]
[ 2012-08-15T23:21:16+08:00 ] NOTIC: [2] Wrong parameter count for array_push() IndexAction.class.php 第 23 行.
[ 2012-08-15T23:21:16+08:00 ] NOTIC: [2] Wrong parameter count for array_push() IndexAction.class.php 第 23 行.
[ 2012-08-15T23:21:16+08:00 ] NOTIC: [2] Wrong parameter count for array_push() IndexAction.class.php 第 23 行.
[ 2012-08-15T23:21:16+08:00 ] NOTIC: [2] Wrong parameter count for array_push() IndexAction.class.php 第 23 行.
[ 2012-08-15T23:21:16+08:00 ] NOTIC: [2] Wrong parameter count for array_push() IndexAction.class.php 第 23 行.
[ 2012-08-15T23:21:16+08:00 ] NOTIC: [2] Wrong parameter count for array_push() IndexAction.class.php 第 23 行.
[ 2012-08-15T23:21:16+08:00 ] NOTIC: [2] Wrong parameter count for array_push() IndexAction.class.php 第 23 行.
[ 2012-08-15T23:21:16+08:00 ] SQL: SELECT * FROM `efu_menu` WHERE status = 1 and id = 4 LIMIT 1  [ RunTime:0.000358s ]
[ 2012-08-15T23:21:16+08:00 ] SQL: SELECT * FROM `efu_content` WHERE status = 1 ORDER BY hits DESC LIMIT 10  [ RunTime:0.000685s ]
[ 2012-08-15T23:21:16+08:00 ] NOTIC: [2] Wrong parameter count for array_push() IndexAction.class.php 第 34 行.
[ 2012-08-15T23:21:16+08:00 ] NOTIC: [2] Wrong parameter count for array_push() IndexAction.class.php 第 34 行.
[ 2012-08-15T23:21:16+08:00 ] NOTIC: [2] Wrong parameter count for array_push() IndexAction.class.php 第 34 行.
[ 2012-08-15T23:21:16+08:00 ] NOTIC: [2] Wrong parameter count for array_push() IndexAction.class.php 第 34 行.
[ 2012-08-15T23:21:16+08:00 ] NOTIC: [2] Wrong parameter count for array_push() IndexAction.class.php 第 34 行.
[ 2012-08-15T23:21:16+08:00 ] NOTIC: [2] Wrong parameter count for array_push() IndexAction.class.php 第 34 行.
[ 2012-08-15T23:21:16+08:00 ] NOTIC: [2] Wrong parameter count for array_push() IndexAction.class.php 第 34 行.
[ 2012-08-15T23:21:16+08:00 ] NOTIC: [2] Wrong parameter count for array_push() IndexAction.class.php 第 34 行.
[ 2012-08-15T23:21:16+08:00 ] NOTIC: [2] Wrong parameter count for array_push() IndexAction.class.php 第 34 行.
[ 2012-08-15T23:21:16+08:00 ] NOTIC: [2] Wrong parameter count for array_push() IndexAction.class.php 第 34 行.
[ 2012-08-15T23:21:16+08:00 ] SQL: SELECT id, title, keywords FROM `efu_content` WHERE status = 1 LIMIT 20  [ RunTime:0.000607s ]
[ 2012-08-15T23:21:16+08:00 ] SQL: SHOW COLUMNS FROM `efu_links` [ RunTime:0.002900s ]
[ 2012-08-15T23:21:16+08:00 ] SQL: SELECT * FROM `efu_links` WHERE status = 1 LIMIT 10  [ RunTime:0.003966s ]
[ 2012-08-15T23:21:16+08:00 ] SQL: SHOW COLUMNS FROM `efu_singlepage` [ RunTime:0.003328s ]
[ 2012-08-15T23:21:16+08:00 ] SQL: SELECT * FROM `efu_singlepage` WHERE status = 1 [ RunTime:0.005134s ]
[ 2012-08-15T23:21:31+08:00 ] SQL: SHOW COLUMNS FROM `efu_menu` [ RunTime:0.006140s ]
[ 2012-08-15T23:21:31+08:00 ] SQL: SELECT * FROM `efu_menu` WHERE status = 1 ORDER BY ordering ASC [ RunTime:0.063044s ]
[ 2012-08-15T23:21:31+08:00 ] SQL: SHOW COLUMNS FROM `efu_content` [ RunTime:0.005144s ]
[ 2012-08-15T23:21:31+08:00 ] SQL: SELECT * FROM `efu_content` WHERE status = 1 and menuid = 1 ORDER BY ptime DESC LIMIT 7  [ RunTime:0.010777s ]
[ 2012-08-15T23:21:31+08:00 ] NOTIC: [2] Wrong parameter count for array_push() IndexAction.class.php 第 23 行.
[ 2012-08-15T23:21:31+08:00 ] NOTIC: [2] Wrong parameter count for array_push() IndexAction.class.php 第 23 行.
[ 2012-08-15T23:21:31+08:00 ] NOTIC: [2] Wrong parameter count for array_push() IndexAction.class.php 第 23 行.
[ 2012-08-15T23:21:31+08:00 ] NOTIC: [2] Wrong parameter count for array_push() IndexAction.class.php 第 23 行.
[ 2012-08-15T23:21:31+08:00 ] NOTIC: [2] Wrong parameter count for array_push() IndexAction.class.php 第 23 行.
[ 2012-08-15T23:21:31+08:00 ] NOTIC: [2] Wrong parameter count for array_push() IndexAction.class.php 第 23 行.
[ 2012-08-15T23:21:31+08:00 ] NOTIC: [2] Wrong parameter count for array_push() IndexAction.class.php 第 23 行.
[ 2012-08-15T23:21:31+08:00 ] SQL: SELECT * FROM `efu_menu` WHERE status = 1 and id = 1 LIMIT 1  [ RunTime:0.000574s ]
[ 2012-08-15T23:21:31+08:00 ] SQL: SELECT * FROM `efu_content` WHERE status = 1 and menuid = 2 ORDER BY ptime DESC LIMIT 7  [ RunTime:0.000939s ]
[ 2012-08-15T23:21:31+08:00 ] NOTIC: [2] Wrong parameter count for array_push() IndexAction.class.php 第 23 行.
[ 2012-08-15T23:21:31+08:00 ] NOTIC: [2] Wrong parameter count for array_push() IndexAction.class.php 第 23 行.
[ 2012-08-15T23:21:31+08:00 ] NOTIC: [2] Wrong parameter count for array_push() IndexAction.class.php 第 23 行.
[ 2012-08-15T23:21:31+08:00 ] NOTIC: [2] Wrong parameter count for array_push() IndexAction.class.php 第 23 行.
[ 2012-08-15T23:21:31+08:00 ] NOTIC: [2] Wrong parameter count for array_push() IndexAction.class.php 第 23 行.
[ 2012-08-15T23:21:31+08:00 ] NOTIC: [2] Wrong parameter count for array_push() IndexAction.class.php 第 23 行.
[ 2012-08-15T23:21:31+08:00 ] NOTIC: [2] Wrong parameter count for array_push() IndexAction.class.php 第 23 行.
[ 2012-08-15T23:21:31+08:00 ] SQL: SELECT * FROM `efu_menu` WHERE status = 1 and id = 2 LIMIT 1  [ RunTime:0.000596s ]
[ 2012-08-15T23:21:31+08:00 ] SQL: SELECT * FROM `efu_content` WHERE status = 1 and menuid = 3 ORDER BY ptime DESC LIMIT 7  [ RunTime:0.000722s ]
[ 2012-08-15T23:21:31+08:00 ] NOTIC: [2] Wrong parameter count for array_push() IndexAction.class.php 第 23 行.
[ 2012-08-15T23:21:31+08:00 ] NOTIC: [2] Wrong parameter count for array_push() IndexAction.class.php 第 23 行.
[ 2012-08-15T23:21:31+08:00 ] NOTIC: [2] Wrong parameter count for array_push() IndexAction.class.php 第 23 行.
[ 2012-08-15T23:21:31+08:00 ] NOTIC: [2] Wrong parameter count for array_push() IndexAction.class.php 第 23 行.
[ 2012-08-15T23:21:31+08:00 ] NOTIC: [2] Wrong parameter count for array_push() IndexAction.class.php 第 23 行.
[ 2012-08-15T23:21:31+08:00 ] NOTIC: [2] Wrong parameter count for array_push() IndexAction.class.php 第 23 行.
[ 2012-08-15T23:21:31+08:00 ] NOTIC: [2] Wrong parameter count for array_push() IndexAction.class.php 第 23 行.
[ 2012-08-15T23:21:31+08:00 ] SQL: SELECT * FROM `efu_menu` WHERE status = 1 and id = 3 LIMIT 1  [ RunTime:0.000379s ]
[ 2012-08-15T23:21:31+08:00 ] SQL: SELECT * FROM `efu_content` WHERE status = 1 and menuid = 4 ORDER BY ptime DESC LIMIT 7  [ RunTime:0.000798s ]
[ 2012-08-15T23:21:31+08:00 ] NOTIC: [2] Wrong parameter count for array_push() IndexAction.class.php 第 23 行.
[ 2012-08-15T23:21:31+08:00 ] NOTIC: [2] Wrong parameter count for array_push() IndexAction.class.php 第 23 行.
[ 2012-08-15T23:21:31+08:00 ] NOTIC: [2] Wrong parameter count for array_push() IndexAction.class.php 第 23 行.
[ 2012-08-15T23:21:31+08:00 ] NOTIC: [2] Wrong parameter count for array_push() IndexAction.class.php 第 23 行.
[ 2012-08-15T23:21:31+08:00 ] NOTIC: [2] Wrong parameter count for array_push() IndexAction.class.php 第 23 行.
[ 2012-08-15T23:21:31+08:00 ] NOTIC: [2] Wrong parameter count for array_push() IndexAction.class.php 第 23 行.
[ 2012-08-15T23:21:31+08:00 ] NOTIC: [2] Wrong parameter count for array_push() IndexAction.class.php 第 23 行.
[ 2012-08-15T23:21:31+08:00 ] SQL: SELECT * FROM `efu_menu` WHERE status = 1 and id = 4 LIMIT 1  [ RunTime:0.000548s ]
[ 2012-08-15T23:21:31+08:00 ] SQL: SELECT * FROM `efu_content` WHERE status = 1 ORDER BY hits DESC LIMIT 10  [ RunTime:0.000834s ]
[ 2012-08-15T23:21:31+08:00 ] NOTIC: [2] Wrong parameter count for array_push() IndexAction.class.php 第 34 行.
[ 2012-08-15T23:21:31+08:00 ] NOTIC: [2] Wrong parameter count for array_push() IndexAction.class.php 第 34 行.
[ 2012-08-15T23:21:31+08:00 ] NOTIC: [2] Wrong parameter count for array_push() IndexAction.class.php 第 34 行.
[ 2012-08-15T23:21:31+08:00 ] NOTIC: [2] Wrong parameter count for array_push() IndexAction.class.php 第 34 行.
[ 2012-08-15T23:21:31+08:00 ] NOTIC: [2] Wrong parameter count for array_push() IndexAction.class.php 第 34 行.
[ 2012-08-15T23:21:31+08:00 ] NOTIC: [2] Wrong parameter count for array_push() IndexAction.class.php 第 34 行.
[ 2012-08-15T23:21:31+08:00 ] NOTIC: [2] Wrong parameter count for array_push() IndexAction.class.php 第 34 行.
[ 2012-08-15T23:21:31+08:00 ] NOTIC: [2] Wrong parameter count for array_push() IndexAction.class.php 第 34 行.
[ 2012-08-15T23:21:31+08:00 ] NOTIC: [2] Wrong parameter count for array_push() IndexAction.class.php 第 34 行.
[ 2012-08-15T23:21:31+08:00 ] NOTIC: [2] Wrong parameter count for array_push() IndexAction.class.php 第 34 行.
[ 2012-08-15T23:21:31+08:00 ] SQL: SELECT id, title, keywords FROM `efu_content` WHERE status = 1 LIMIT 20  [ RunTime:0.000549s ]
[ 2012-08-15T23:21:31+08:00 ] SQL: SHOW COLUMNS FROM `efu_links` [ RunTime:0.004757s ]
[ 2012-08-15T23:21:31+08:00 ] SQL: SELECT * FROM `efu_links` WHERE status = 1 LIMIT 10  [ RunTime:0.015129s ]
[ 2012-08-15T23:21:31+08:00 ] SQL: SHOW COLUMNS FROM `efu_singlepage` [ RunTime:0.005184s ]
[ 2012-08-15T23:21:31+08:00 ] SQL: SELECT * FROM `efu_singlepage` WHERE status = 1 [ RunTime:0.005556s ]
