[ 2012-08-12T16:25:57+08:00 ] SQL: SHOW COLUMNS FROM `efu_section` [ RunTime:0.007520s ]
[ 2012-08-12T16:25:57+08:00 ] SQL: SELECT * FROM `efu_section` WHERE ststus = 1 ORDER BY ordering ASC [ RunTime:0.007223s ]
[ 2012-08-12T16:25:58+08:00 ] SQL: SHOW COLUMNS FROM `efu_section` [ RunTime:0.006557s ]
[ 2012-08-12T16:25:58+08:00 ] SQL: SELECT * FROM `efu_section` WHERE ststus = 1 ORDER BY ordering ASC [ RunTime:0.006726s ]
[ 2012-08-12T16:25:59+08:00 ] SQL: SHOW COLUMNS FROM `efu_section` [ RunTime:0.003746s ]
[ 2012-08-12T16:25:59+08:00 ] SQL: SELECT * FROM `efu_section` WHERE ststus = 1 ORDER BY ordering ASC [ RunTime:0.003660s ]
[ 2012-08-12T16:26:13+08:00 ] SQL: SHOW COLUMNS FROM `efu_section` [ RunTime:0.006074s ]
[ 2012-08-12T16:26:13+08:00 ] SQL: SELECT * FROM `efu_section` WHERE status = 1 ORDER BY ordering ASC [ RunTime:0.007194s ]
[ 2012-08-12T16:26:37+08:00 ] SQL: SHOW COLUMNS FROM `efu_section` [ RunTime:0.007118s ]
[ 2012-08-12T16:26:37+08:00 ] SQL: SELECT * FROM `efu_section` WHERE status = 1 ORDER BY ordering DESC [ RunTime:0.006491s ]
[ 2012-08-12T16:26:53+08:00 ] SQL: SHOW COLUMNS FROM `efu_section` [ RunTime:0.006039s ]
[ 2012-08-12T16:26:53+08:00 ] SQL: SELECT * FROM `efu_section` WHERE status = 1 ORDER BY ordering ASC [ RunTime:0.006059s ]
[ 2012-08-12T16:36:35+08:00 ] SQL: SHOW COLUMNS FROM `efu_section` [ RunTime:0.006415s ]
[ 2012-08-12T16:36:35+08:00 ] SQL: SELECT * FROM `efu_section` WHERE status = 1 ORDER BY ordering ASC [ RunTime:0.007498s ]
[ 2012-08-12T16:36:35+08:00 ] SQL: SHOW COLUMNS FROM `efu_section` [ RunTime:0.006776s ]
[ 2012-08-12T16:36:35+08:00 ] SQL: SELECT * FROM `efu_section` WHERE status = 1 ORDER BY ordering ASC [ RunTime:0.006453s ]
[ 2012-08-12T16:37:14+08:00 ] SQL: SHOW COLUMNS FROM `efu_section` [ RunTime:0.006085s ]
[ 2012-08-12T16:37:14+08:00 ] SQL: SELECT * FROM `efu_section` WHERE status = 1 ORDER BY ordering ASC [ RunTime:0.006691s ]
[ 2012-08-12T16:37:15+08:00 ] SQL: SHOW COLUMNS FROM `efu_section` [ RunTime:0.005977s ]
[ 2012-08-12T16:37:15+08:00 ] SQL: SELECT * FROM `efu_section` WHERE status = 1 ORDER BY ordering ASC [ RunTime:0.007390s ]
[ 2012-08-12T16:37:16+08:00 ] SQL: SHOW COLUMNS FROM `efu_section` [ RunTime:0.003685s ]
[ 2012-08-12T16:37:16+08:00 ] SQL: SELECT * FROM `efu_section` WHERE status = 1 ORDER BY ordering ASC [ RunTime:0.004106s ]
[ 2012-08-12T16:37:33+08:00 ] SQL: SHOW COLUMNS FROM `efu_section` [ RunTime:0.013839s ]
[ 2012-08-12T16:37:33+08:00 ] SQL: SELECT * FROM `efu_section` WHERE status = 1 ORDER BY ordering ASC [ RunTime:0.006149s ]
[ 2012-08-12T16:38:13+08:00 ] SQL: SHOW COLUMNS FROM `efu_section` [ RunTime:0.006020s ]
[ 2012-08-12T16:38:13+08:00 ] SQL: SELECT * FROM `efu_section` WHERE status = 1 ORDER BY ordering ASC [ RunTime:0.006365s ]
[ 2012-08-12T16:38:14+08:00 ] SQL: SHOW COLUMNS FROM `efu_section` [ RunTime:0.005949s ]
[ 2012-08-12T16:38:14+08:00 ] SQL: SELECT * FROM `efu_section` WHERE status = 1 ORDER BY ordering ASC [ RunTime:0.006093s ]
[ 2012-08-12T16:38:14+08:00 ] SQL: SHOW COLUMNS FROM `efu_section` [ RunTime:0.003599s ]
[ 2012-08-12T16:38:14+08:00 ] SQL: SELECT * FROM `efu_section` WHERE status = 1 ORDER BY ordering ASC [ RunTime:0.003899s ]
[ 2012-08-12T16:39:59+08:00 ] SQL: SHOW COLUMNS FROM `efu_section` [ RunTime:0.006277s ]
[ 2012-08-12T16:39:59+08:00 ] SQL: SELECT * FROM `efu_section` WHERE status = 1 ORDER BY ordering ASC [ RunTime:0.007694s ]
[ 2012-08-12T16:40:01+08:00 ] SQL: SHOW COLUMNS FROM `efu_section` [ RunTime:0.006181s ]
[ 2012-08-12T16:40:01+08:00 ] SQL: SELECT * FROM `efu_section` WHERE status = 1 ORDER BY ordering ASC [ RunTime:0.006200s ]
[ 2012-08-12T16:40:14+08:00 ] SQL: SHOW COLUMNS FROM `efu_section` [ RunTime:0.006952s ]
[ 2012-08-12T16:40:14+08:00 ] SQL: SELECT * FROM `efu_section` WHERE status = 1 ORDER BY ordering ASC [ RunTime:0.009768s ]
[ 2012-08-12T16:40:15+08:00 ] SQL: SHOW COLUMNS FROM `efu_section` [ RunTime:0.006928s ]
[ 2012-08-12T16:40:15+08:00 ] SQL: SELECT * FROM `efu_section` WHERE status = 1 ORDER BY ordering ASC [ RunTime:0.006157s ]
[ 2012-08-12T16:40:23+08:00 ] SQL: SHOW COLUMNS FROM `efu_section` [ RunTime:0.006245s ]
[ 2012-08-12T16:40:23+08:00 ] SQL: SELECT * FROM `efu_section` WHERE status = 1 ORDER BY ordering ASC [ RunTime:0.007695s ]
[ 2012-08-12T16:40:23+08:00 ] SQL: SHOW COLUMNS FROM `efu_section` [ RunTime:0.006274s ]
[ 2012-08-12T16:40:23+08:00 ] SQL: SELECT * FROM `efu_section` WHERE status = 1 ORDER BY ordering ASC [ RunTime:0.006541s ]
[ 2012-08-12T16:41:56+08:00 ] SQL: SHOW COLUMNS FROM `efu_section` [ RunTime:0.005946s ]
[ 2012-08-12T16:41:56+08:00 ] SQL: SELECT * FROM `efu_section` WHERE status = 1 ORDER BY ordering ASC [ RunTime:0.006788s ]
[ 2012-08-12T16:48:37+08:00 ] SQL: SHOW COLUMNS FROM `efu_section` [ RunTime:0.006243s ]
[ 2012-08-12T16:48:37+08:00 ] SQL: SELECT * FROM `efu_section` WHERE status = 1 ORDER BY ordering ASC [ RunTime:0.006156s ]
[ 2012-08-12T16:48:37+08:00 ] NOTIC: [2] Cannot modify header information - headers already sent by (output started at D:\localhost\www\efucms\cms\Lib\Action\IndexAction.class.php:15) ~runtime.php 第 2 行.
[ 2012-08-12T16:48:37+08:00 ] NOTIC: [2] Cannot modify header information - headers already sent by (output started at D:\localhost\www\efucms\cms\Lib\Action\IndexAction.class.php:15) ~runtime.php 第 2 行.
[ 2012-08-12T16:48:37+08:00 ] NOTIC: [2] Cannot modify header information - headers already sent by (output started at D:\localhost\www\efucms\cms\Lib\Action\IndexAction.class.php:15) ~runtime.php 第 2 行.
[ 2012-08-12T16:49:12+08:00 ] SQL: SHOW COLUMNS FROM `efu_section` [ RunTime:0.006048s ]
[ 2012-08-12T16:49:12+08:00 ] SQL: SELECT * FROM `efu_section` WHERE status = 1 ORDER BY ordering ASC [ RunTime:0.007434s ]
[ 2012-08-12T16:49:12+08:00 ] NOTIC: [2] Cannot modify header information - headers already sent by (output started at D:\localhost\www\efucms\cms\Lib\Action\IndexAction.class.php:15) ~runtime.php 第 2 行.
[ 2012-08-12T16:49:12+08:00 ] NOTIC: [2] Cannot modify header information - headers already sent by (output started at D:\localhost\www\efucms\cms\Lib\Action\IndexAction.class.php:15) ~runtime.php 第 2 行.
[ 2012-08-12T16:49:12+08:00 ] NOTIC: [2] Cannot modify header information - headers already sent by (output started at D:\localhost\www\efucms\cms\Lib\Action\IndexAction.class.php:15) ~runtime.php 第 2 行.
[ 2012-08-12T16:49:13+08:00 ] SQL: SHOW COLUMNS FROM `efu_section` [ RunTime:0.006030s ]
[ 2012-08-12T16:49:13+08:00 ] SQL: SELECT * FROM `efu_section` WHERE status = 1 ORDER BY ordering ASC [ RunTime:0.007288s ]
[ 2012-08-12T16:49:13+08:00 ] NOTIC: [2] Cannot modify header information - headers already sent by (output started at D:\localhost\www\efucms\cms\Lib\Action\IndexAction.class.php:15) ~runtime.php 第 2 行.
[ 2012-08-12T16:49:13+08:00 ] NOTIC: [2] Cannot modify header information - headers already sent by (output started at D:\localhost\www\efucms\cms\Lib\Action\IndexAction.class.php:15) ~runtime.php 第 2 行.
[ 2012-08-12T16:49:13+08:00 ] NOTIC: [2] Cannot modify header information - headers already sent by (output started at D:\localhost\www\efucms\cms\Lib\Action\IndexAction.class.php:15) ~runtime.php 第 2 行.
[ 2012-08-12T16:49:14+08:00 ] SQL: SHOW COLUMNS FROM `efu_section` [ RunTime:0.007272s ]
[ 2012-08-12T16:49:14+08:00 ] SQL: SELECT * FROM `efu_section` WHERE status = 1 ORDER BY ordering ASC [ RunTime:0.006063s ]
[ 2012-08-12T16:49:14+08:00 ] NOTIC: [2] Cannot modify header information - headers already sent by (output started at D:\localhost\www\efucms\cms\Lib\Action\IndexAction.class.php:15) ~runtime.php 第 2 行.
[ 2012-08-12T16:49:14+08:00 ] NOTIC: [2] Cannot modify header information - headers already sent by (output started at D:\localhost\www\efucms\cms\Lib\Action\IndexAction.class.php:15) ~runtime.php 第 2 行.
[ 2012-08-12T16:49:14+08:00 ] NOTIC: [2] Cannot modify header information - headers already sent by (output started at D:\localhost\www\efucms\cms\Lib\Action\IndexAction.class.php:15) ~runtime.php 第 2 行.
[ 2012-08-12T16:51:10+08:00 ] SQL: SHOW COLUMNS FROM `efu_section` [ RunTime:0.007770s ]
[ 2012-08-12T16:51:10+08:00 ] SQL: SELECT * FROM `efu_section` WHERE status = 1 ORDER BY ordering ASC [ RunTime:0.007768s ]
[ 2012-08-12T16:51:10+08:00 ] NOTIC: [2] Cannot modify header information - headers already sent by (output started at D:\localhost\www\efucms\cms\Lib\Action\IndexAction.class.php:15) ~runtime.php 第 2 行.
[ 2012-08-12T16:51:10+08:00 ] NOTIC: [2] Cannot modify header information - headers already sent by (output started at D:\localhost\www\efucms\cms\Lib\Action\IndexAction.class.php:15) ~runtime.php 第 2 行.
[ 2012-08-12T16:51:10+08:00 ] NOTIC: [2] Cannot modify header information - headers already sent by (output started at D:\localhost\www\efucms\cms\Lib\Action\IndexAction.class.php:15) ~runtime.php 第 2 行.
[ 2012-08-12T16:52:55+08:00 ] SQL: SHOW COLUMNS FROM `efu_section` [ RunTime:0.006428s ]
[ 2012-08-12T16:52:55+08:00 ] SQL: SELECT * FROM `efu_section` WHERE status = 1 ORDER BY ordering ASC [ RunTime:0.006664s ]
[ 2012-08-12T16:53:13+08:00 ] SQL: SHOW COLUMNS FROM `efu_section` [ RunTime:0.006003s ]
[ 2012-08-12T16:53:13+08:00 ] SQL: SELECT * FROM `efu_section` WHERE status = 1 ORDER BY ordering ASC [ RunTime:0.007606s ]
[ 2012-08-12T16:53:25+08:00 ] SQL: SHOW COLUMNS FROM `efu_section` [ RunTime:0.003707s ]
[ 2012-08-12T16:53:25+08:00 ] SQL: SELECT * FROM `efu_section` WHERE status = 1 ORDER BY ordering ASC [ RunTime:0.003875s ]
[ 2012-08-12T16:58:54+08:00 ] SQL: SHOW COLUMNS FROM `efu_section` [ RunTime:0.006559s ]
[ 2012-08-12T16:58:54+08:00 ] SQL: SELECT * FROM `efu_section` WHERE status = 1 ORDER BY ordering ASC [ RunTime:0.006773s ]
[ 2012-08-12T16:58:55+08:00 ] SQL: SHOW COLUMNS FROM `efu_section` [ RunTime:0.003788s ]
[ 2012-08-12T16:58:55+08:00 ] SQL: SELECT * FROM `efu_section` WHERE status = 1 ORDER BY ordering ASC [ RunTime:0.003954s ]
[ 2012-08-12T17:05:13+08:00 ] SQL: SHOW COLUMNS FROM `efu_section` [ RunTime:0.003819s ]
[ 2012-08-12T17:05:13+08:00 ] SQL: SELECT * FROM `efu_section` WHERE status = 1 ORDER BY ordering ASC [ RunTime:0.004749s ]
[ 2012-08-12T17:05:46+08:00 ] SQL: SHOW COLUMNS FROM `efu_section` [ RunTime:0.006360s ]
[ 2012-08-12T17:05:46+08:00 ] SQL: SELECT * FROM `efu_section` WHERE status = 1 ORDER BY ordering ASC [ RunTime:0.006438s ]
[ 2012-08-12T17:06:04+08:00 ] SQL: SHOW COLUMNS FROM `efu_section` [ RunTime:0.006814s ]
[ 2012-08-12T17:06:04+08:00 ] SQL: SELECT * FROM `efu_section` WHERE status = 1 ORDER BY ordering ASC [ RunTime:0.006498s ]
[ 2012-08-12T17:06:27+08:00 ] SQL: SHOW COLUMNS FROM `efu_section` [ RunTime:0.006467s ]
[ 2012-08-12T17:06:27+08:00 ] SQL: SELECT * FROM `efu_section` WHERE status = 1 ORDER BY ordering ASC [ RunTime:0.007406s ]
[ 2012-08-12T17:06:36+08:00 ] SQL: SHOW COLUMNS FROM `efu_section` [ RunTime:0.006688s ]
[ 2012-08-12T17:06:36+08:00 ] SQL: SELECT * FROM `efu_section` WHERE status = 1 ORDER BY ordering ASC [ RunTime:0.007771s ]
[ 2012-08-12T17:09:26+08:00 ] SQL: SHOW COLUMNS FROM `efu_section` [ RunTime:0.008582s ]
[ 2012-08-12T17:09:26+08:00 ] SQL: SELECT * FROM `efu_section` WHERE status = 1 ORDER BY ordering ASC [ RunTime:0.007689s ]
[ 2012-08-12T17:10:48+08:00 ] SQL: SHOW COLUMNS FROM `efu_section` [ RunTime:0.006908s ]
[ 2012-08-12T17:10:48+08:00 ] SQL: SELECT * FROM `efu_section` WHERE status = 1 ORDER BY ordering ASC [ RunTime:0.006713s ]
[ 2012-08-12T17:10:58+08:00 ] SQL: SHOW COLUMNS FROM `efu_section` [ RunTime:0.006162s ]
[ 2012-08-12T17:10:58+08:00 ] SQL: SELECT * FROM `efu_section` WHERE status = 1 ORDER BY ordering ASC [ RunTime:0.006541s ]
[ 2012-08-12T17:11:01+08:00 ] SQL: SHOW COLUMNS FROM `efu_section` [ RunTime:0.007354s ]
[ 2012-08-12T17:11:01+08:00 ] SQL: SELECT * FROM `efu_section` WHERE status = 1 ORDER BY ordering ASC [ RunTime:0.006788s ]
[ 2012-08-12T17:11:22+08:00 ] SQL: SHOW COLUMNS FROM `efu_section` [ RunTime:0.006153s ]
[ 2012-08-12T17:11:22+08:00 ] SQL: SELECT * FROM `efu_section` WHERE status = 1 ORDER BY ordering ASC [ RunTime:0.006933s ]
[ 2012-08-12T17:14:57+08:00 ] SQL: SHOW COLUMNS FROM `efu_section` [ RunTime:0.006433s ]
[ 2012-08-12T17:14:57+08:00 ] SQL: SELECT * FROM `efu_section` WHERE status = 1 ORDER BY ordering ASC [ RunTime:0.007017s ]
[ 2012-08-12T17:20:38+08:00 ] SQL: SHOW COLUMNS FROM `efu_section` [ RunTime:0.006366s ]
[ 2012-08-12T17:20:38+08:00 ] SQL: SELECT * FROM `efu_section` WHERE status = 1 ORDER BY ordering ASC [ RunTime:0.007123s ]
[ 2012-08-12T17:22:30+08:00 ] SQL: SHOW COLUMNS FROM `efu_section` [ RunTime:0.006594s ]
[ 2012-08-12T17:22:30+08:00 ] SQL: SELECT * FROM `efu_section` WHERE status = 1 ORDER BY ordering ASC [ RunTime:0.007260s ]
[ 2012-08-12T17:31:29+08:00 ] SQL: SHOW COLUMNS FROM `efu_section` [ RunTime:0.006273s ]
[ 2012-08-12T17:31:29+08:00 ] SQL: SELECT * FROM `efu_section` WHERE status = 1 ORDER BY ordering ASC [ RunTime:0.010588s ]
[ 2012-08-12T17:36:52+08:00 ] SQL: SHOW COLUMNS FROM `efu_section` [ RunTime:0.008351s ]
[ 2012-08-12T17:36:52+08:00 ] SQL: SELECT * FROM `efu_section` WHERE status = 1 ORDER BY ordering ASC [ RunTime:0.006248s ]
[ 2012-08-12T17:40:24+08:00 ] SQL: SHOW COLUMNS FROM `efu_section` [ RunTime:0.006780s ]
[ 2012-08-12T17:40:24+08:00 ] SQL: SELECT * FROM `efu_section` WHERE status = 1 ORDER BY ordering ASC [ RunTime:0.008286s ]
[ 2012-08-12T17:40:28+08:00 ] SQL: SHOW COLUMNS FROM `efu_section` [ RunTime:0.006052s ]
[ 2012-08-12T17:40:28+08:00 ] SQL: SELECT * FROM `efu_section` WHERE status = 1 ORDER BY ordering ASC [ RunTime:0.006587s ]
[ 2012-08-12T17:43:31+08:00 ] SQL: SHOW COLUMNS FROM `efu_section` [ RunTime:0.006687s ]
[ 2012-08-12T17:43:31+08:00 ] SQL: SELECT * FROM `efu_section` WHERE status = 1 ORDER BY ordering ASC [ RunTime:0.006298s ]
[ 2012-08-12T17:43:31+08:00 ] NOTIC: [8] Trying to get property of non-object ceba147c5c0bb5c55444210a46206ea2.php 第 9 行.
[ 2012-08-12T17:43:31+08:00 ] NOTIC: [8] Trying to get property of non-object ceba147c5c0bb5c55444210a46206ea2.php 第 9 行.
[ 2012-08-12T17:43:31+08:00 ] NOTIC: [8] Trying to get property of non-object ceba147c5c0bb5c55444210a46206ea2.php 第 9 行.
[ 2012-08-12T17:43:31+08:00 ] NOTIC: [8] Trying to get property of non-object ceba147c5c0bb5c55444210a46206ea2.php 第 9 行.
[ 2012-08-12T17:43:53+08:00 ] SQL: SHOW COLUMNS FROM `efu_section` [ RunTime:0.006707s ]
[ 2012-08-12T17:43:53+08:00 ] SQL: SELECT * FROM `efu_section` WHERE status = 1 ORDER BY ordering ASC [ RunTime:0.006589s ]
[ 2012-08-12T17:43:53+08:00 ] NOTIC: [8] Use of undefined constant alias - assumed 'alias' ceba147c5c0bb5c55444210a46206ea2.php 第 9 行.
[ 2012-08-12T17:43:53+08:00 ] NOTIC: [8] Use of undefined constant alias - assumed 'alias' ceba147c5c0bb5c55444210a46206ea2.php 第 9 行.
[ 2012-08-12T17:43:53+08:00 ] NOTIC: [8] Use of undefined constant alias - assumed 'alias' ceba147c5c0bb5c55444210a46206ea2.php 第 9 行.
[ 2012-08-12T17:43:53+08:00 ] NOTIC: [8] Use of undefined constant alias - assumed 'alias' ceba147c5c0bb5c55444210a46206ea2.php 第 9 行.
[ 2012-08-12T17:44:32+08:00 ] SQL: SHOW COLUMNS FROM `efu_section` [ RunTime:0.003788s ]
[ 2012-08-12T17:44:32+08:00 ] SQL: SELECT * FROM `efu_section` WHERE status = 1 ORDER BY ordering ASC [ RunTime:0.004042s ]
[ 2012-08-12T17:44:32+08:00 ] NOTIC: [8] Trying to get property of non-object ceba147c5c0bb5c55444210a46206ea2.php 第 9 行.
[ 2012-08-12T17:44:32+08:00 ] NOTIC: [8] Trying to get property of non-object ceba147c5c0bb5c55444210a46206ea2.php 第 9 行.
[ 2012-08-12T17:44:32+08:00 ] NOTIC: [8] Trying to get property of non-object ceba147c5c0bb5c55444210a46206ea2.php 第 9 行.
[ 2012-08-12T17:44:32+08:00 ] NOTIC: [8] Trying to get property of non-object ceba147c5c0bb5c55444210a46206ea2.php 第 9 行.
[ 2012-08-12T17:44:53+08:00 ] SQL: SHOW COLUMNS FROM `efu_section` [ RunTime:0.006605s ]
[ 2012-08-12T17:44:53+08:00 ] SQL: SELECT * FROM `efu_section` WHERE status = 1 ORDER BY ordering ASC [ RunTime:0.010001s ]
[ 2012-08-12T17:44:53+08:00 ] NOTIC: [8] Trying to get property of non-object ceba147c5c0bb5c55444210a46206ea2.php 第 9 行.
[ 2012-08-12T17:44:53+08:00 ] NOTIC: [8] Trying to get property of non-object ceba147c5c0bb5c55444210a46206ea2.php 第 9 行.
[ 2012-08-12T17:44:53+08:00 ] NOTIC: [8] Trying to get property of non-object ceba147c5c0bb5c55444210a46206ea2.php 第 9 行.
[ 2012-08-12T17:44:53+08:00 ] NOTIC: [8] Trying to get property of non-object ceba147c5c0bb5c55444210a46206ea2.php 第 9 行.
[ 2012-08-12T17:45:06+08:00 ] SQL: SHOW COLUMNS FROM `efu_section` [ RunTime:0.006127s ]
[ 2012-08-12T17:45:06+08:00 ] SQL: SELECT * FROM `efu_section` WHERE status = 1 ORDER BY ordering ASC [ RunTime:0.006794s ]
[ 2012-08-12T17:45:06+08:00 ] NOTIC: [8] Trying to get property of non-object ceba147c5c0bb5c55444210a46206ea2.php 第 9 行.
[ 2012-08-12T17:45:06+08:00 ] NOTIC: [8] Trying to get property of non-object ceba147c5c0bb5c55444210a46206ea2.php 第 9 行.
[ 2012-08-12T17:45:06+08:00 ] NOTIC: [8] Trying to get property of non-object ceba147c5c0bb5c55444210a46206ea2.php 第 9 行.
[ 2012-08-12T17:45:06+08:00 ] NOTIC: [8] Trying to get property of non-object ceba147c5c0bb5c55444210a46206ea2.php 第 9 行.
[ 2012-08-12T17:45:07+08:00 ] SQL: SHOW COLUMNS FROM `efu_section` [ RunTime:0.006195s ]
[ 2012-08-12T17:45:07+08:00 ] SQL: SELECT * FROM `efu_section` WHERE status = 1 ORDER BY ordering ASC [ RunTime:0.006378s ]
[ 2012-08-12T17:45:07+08:00 ] NOTIC: [8] Trying to get property of non-object ceba147c5c0bb5c55444210a46206ea2.php 第 9 行.
[ 2012-08-12T17:45:07+08:00 ] NOTIC: [8] Trying to get property of non-object ceba147c5c0bb5c55444210a46206ea2.php 第 9 行.
[ 2012-08-12T17:45:07+08:00 ] NOTIC: [8] Trying to get property of non-object ceba147c5c0bb5c55444210a46206ea2.php 第 9 行.
[ 2012-08-12T17:45:07+08:00 ] NOTIC: [8] Trying to get property of non-object ceba147c5c0bb5c55444210a46206ea2.php 第 9 行.
[ 2012-08-12T17:45:14+08:00 ] SQL: SHOW COLUMNS FROM `efu_section` [ RunTime:0.006360s ]
[ 2012-08-12T17:45:14+08:00 ] SQL: SELECT * FROM `efu_section` WHERE status = 1 ORDER BY ordering ASC [ RunTime:0.007273s ]
[ 2012-08-12T17:45:14+08:00 ] NOTIC: [8] Trying to get property of non-object ceba147c5c0bb5c55444210a46206ea2.php 第 9 行.
[ 2012-08-12T17:45:14+08:00 ] NOTIC: [8] Trying to get property of non-object ceba147c5c0bb5c55444210a46206ea2.php 第 9 行.
[ 2012-08-12T17:45:14+08:00 ] NOTIC: [8] Trying to get property of non-object ceba147c5c0bb5c55444210a46206ea2.php 第 9 行.
[ 2012-08-12T17:45:14+08:00 ] NOTIC: [8] Trying to get property of non-object ceba147c5c0bb5c55444210a46206ea2.php 第 9 行.
[ 2012-08-12T17:51:21+08:00 ] SQL: SHOW COLUMNS FROM `efu_section` [ RunTime:0.006221s ]
[ 2012-08-12T17:51:21+08:00 ] SQL: SELECT * FROM `efu_section` WHERE status = 1 ORDER BY ordering ASC [ RunTime:0.007488s ]
[ 2012-08-12T17:51:21+08:00 ] NOTIC: [8] Trying to get property of non-object ceba147c5c0bb5c55444210a46206ea2.php 第 9 行.
[ 2012-08-12T17:51:21+08:00 ] NOTIC: [8] Trying to get property of non-object ceba147c5c0bb5c55444210a46206ea2.php 第 9 行.
[ 2012-08-12T17:51:21+08:00 ] NOTIC: [8] Trying to get property of non-object ceba147c5c0bb5c55444210a46206ea2.php 第 9 行.
[ 2012-08-12T17:51:21+08:00 ] NOTIC: [8] Trying to get property of non-object ceba147c5c0bb5c55444210a46206ea2.php 第 9 行.
[ 2012-08-12T17:51:24+08:00 ] SQL: SHOW COLUMNS FROM `efu_section` [ RunTime:0.006420s ]
[ 2012-08-12T17:51:24+08:00 ] SQL: SELECT * FROM `efu_section` WHERE status = 1 ORDER BY ordering ASC [ RunTime:0.007925s ]
[ 2012-08-12T17:51:24+08:00 ] NOTIC: [8] Trying to get property of non-object ceba147c5c0bb5c55444210a46206ea2.php 第 9 行.
[ 2012-08-12T17:51:24+08:00 ] NOTIC: [8] Trying to get property of non-object ceba147c5c0bb5c55444210a46206ea2.php 第 9 行.
[ 2012-08-12T17:51:24+08:00 ] NOTIC: [8] Trying to get property of non-object ceba147c5c0bb5c55444210a46206ea2.php 第 9 行.
[ 2012-08-12T17:51:24+08:00 ] NOTIC: [8] Trying to get property of non-object ceba147c5c0bb5c55444210a46206ea2.php 第 9 行.
[ 2012-08-12T17:51:27+08:00 ] SQL: SHOW COLUMNS FROM `efu_section` [ RunTime:0.006532s ]
[ 2012-08-12T17:51:27+08:00 ] SQL: SELECT * FROM `efu_section` WHERE status = 1 ORDER BY ordering ASC [ RunTime:0.007457s ]
[ 2012-08-12T17:51:27+08:00 ] NOTIC: [8] Trying to get property of non-object ceba147c5c0bb5c55444210a46206ea2.php 第 9 行.
[ 2012-08-12T17:51:27+08:00 ] NOTIC: [8] Trying to get property of non-object ceba147c5c0bb5c55444210a46206ea2.php 第 9 行.
[ 2012-08-12T17:51:27+08:00 ] NOTIC: [8] Trying to get property of non-object ceba147c5c0bb5c55444210a46206ea2.php 第 9 行.
[ 2012-08-12T17:51:27+08:00 ] NOTIC: [8] Trying to get property of non-object ceba147c5c0bb5c55444210a46206ea2.php 第 9 行.
[ 2012-08-12T17:51:27+08:00 ] SQL: SHOW COLUMNS FROM `efu_section` [ RunTime:0.006074s ]
[ 2012-08-12T17:51:27+08:00 ] SQL: SELECT * FROM `efu_section` WHERE status = 1 ORDER BY ordering ASC [ RunTime:0.006648s ]
[ 2012-08-12T17:51:27+08:00 ] NOTIC: [8] Trying to get property of non-object ceba147c5c0bb5c55444210a46206ea2.php 第 9 行.
[ 2012-08-12T17:51:27+08:00 ] NOTIC: [8] Trying to get property of non-object ceba147c5c0bb5c55444210a46206ea2.php 第 9 行.
[ 2012-08-12T17:51:27+08:00 ] NOTIC: [8] Trying to get property of non-object ceba147c5c0bb5c55444210a46206ea2.php 第 9 行.
[ 2012-08-12T17:51:27+08:00 ] NOTIC: [8] Trying to get property of non-object ceba147c5c0bb5c55444210a46206ea2.php 第 9 行.
[ 2012-08-12T17:51:28+08:00 ] SQL: SHOW COLUMNS FROM `efu_section` [ RunTime:0.003822s ]
[ 2012-08-12T17:51:28+08:00 ] SQL: SELECT * FROM `efu_section` WHERE status = 1 ORDER BY ordering ASC [ RunTime:0.004055s ]
[ 2012-08-12T17:51:28+08:00 ] NOTIC: [8] Trying to get property of non-object ceba147c5c0bb5c55444210a46206ea2.php 第 9 行.
[ 2012-08-12T17:51:28+08:00 ] NOTIC: [8] Trying to get property of non-object ceba147c5c0bb5c55444210a46206ea2.php 第 9 行.
[ 2012-08-12T17:51:28+08:00 ] NOTIC: [8] Trying to get property of non-object ceba147c5c0bb5c55444210a46206ea2.php 第 9 行.
[ 2012-08-12T17:51:28+08:00 ] NOTIC: [8] Trying to get property of non-object ceba147c5c0bb5c55444210a46206ea2.php 第 9 行.
[ 2012-08-12T17:51:58+08:00 ] SQL: SHOW COLUMNS FROM `efu_section` [ RunTime:0.006760s ]
[ 2012-08-12T17:51:58+08:00 ] SQL: SELECT * FROM `efu_section` WHERE status = 1 ORDER BY ordering ASC [ RunTime:0.006508s ]
[ 2012-08-12T17:51:58+08:00 ] NOTIC: [8] Trying to get property of non-object ceba147c5c0bb5c55444210a46206ea2.php 第 9 行.
[ 2012-08-12T17:51:58+08:00 ] NOTIC: [8] Trying to get property of non-object ceba147c5c0bb5c55444210a46206ea2.php 第 9 行.
[ 2012-08-12T17:51:58+08:00 ] NOTIC: [8] Trying to get property of non-object ceba147c5c0bb5c55444210a46206ea2.php 第 9 行.
[ 2012-08-12T17:51:58+08:00 ] NOTIC: [8] Trying to get property of non-object ceba147c5c0bb5c55444210a46206ea2.php 第 9 行.
[ 2012-08-12T17:52:00+08:00 ] SQL: SHOW COLUMNS FROM `efu_section` [ RunTime:0.006075s ]
[ 2012-08-12T17:52:00+08:00 ] SQL: SELECT * FROM `efu_section` WHERE status = 1 ORDER BY ordering ASC [ RunTime:0.006980s ]
[ 2012-08-12T17:52:00+08:00 ] NOTIC: [8] Trying to get property of non-object ceba147c5c0bb5c55444210a46206ea2.php 第 9 行.
[ 2012-08-12T17:52:00+08:00 ] NOTIC: [8] Trying to get property of non-object ceba147c5c0bb5c55444210a46206ea2.php 第 9 行.
[ 2012-08-12T17:52:00+08:00 ] NOTIC: [8] Trying to get property of non-object ceba147c5c0bb5c55444210a46206ea2.php 第 9 行.
[ 2012-08-12T17:52:00+08:00 ] NOTIC: [8] Trying to get property of non-object ceba147c5c0bb5c55444210a46206ea2.php 第 9 行.
[ 2012-08-12T17:52:01+08:00 ] SQL: SHOW COLUMNS FROM `efu_section` [ RunTime:0.004061s ]
[ 2012-08-12T17:52:01+08:00 ] SQL: SELECT * FROM `efu_section` WHERE status = 1 ORDER BY ordering ASC [ RunTime:0.004195s ]
[ 2012-08-12T17:52:01+08:00 ] NOTIC: [8] Trying to get property of non-object ceba147c5c0bb5c55444210a46206ea2.php 第 9 行.
[ 2012-08-12T17:52:01+08:00 ] NOTIC: [8] Trying to get property of non-object ceba147c5c0bb5c55444210a46206ea2.php 第 9 行.
[ 2012-08-12T17:52:01+08:00 ] NOTIC: [8] Trying to get property of non-object ceba147c5c0bb5c55444210a46206ea2.php 第 9 行.
[ 2012-08-12T17:52:01+08:00 ] NOTIC: [8] Trying to get property of non-object ceba147c5c0bb5c55444210a46206ea2.php 第 9 行.
[ 2012-08-12T17:52:10+08:00 ] SQL: SHOW COLUMNS FROM `efu_section` [ RunTime:0.004631s ]
[ 2012-08-12T17:52:10+08:00 ] SQL: SELECT * FROM `efu_section` WHERE status = 1 ORDER BY ordering ASC [ RunTime:0.004625s ]
[ 2012-08-12T17:52:10+08:00 ] NOTIC: [8] Trying to get property of non-object ceba147c5c0bb5c55444210a46206ea2.php 第 9 行.
[ 2012-08-12T17:52:10+08:00 ] NOTIC: [8] Trying to get property of non-object ceba147c5c0bb5c55444210a46206ea2.php 第 9 行.
[ 2012-08-12T17:52:10+08:00 ] NOTIC: [8] Trying to get property of non-object ceba147c5c0bb5c55444210a46206ea2.php 第 9 行.
[ 2012-08-12T17:52:10+08:00 ] NOTIC: [8] Trying to get property of non-object ceba147c5c0bb5c55444210a46206ea2.php 第 9 行.
[ 2012-08-12T17:52:11+08:00 ] SQL: SHOW COLUMNS FROM `efu_section` [ RunTime:0.007128s ]
[ 2012-08-12T17:52:11+08:00 ] SQL: SELECT * FROM `efu_section` WHERE status = 1 ORDER BY ordering ASC [ RunTime:0.006586s ]
[ 2012-08-12T17:52:11+08:00 ] NOTIC: [8] Trying to get property of non-object ceba147c5c0bb5c55444210a46206ea2.php 第 9 行.
[ 2012-08-12T17:52:11+08:00 ] NOTIC: [8] Trying to get property of non-object ceba147c5c0bb5c55444210a46206ea2.php 第 9 行.
[ 2012-08-12T17:52:11+08:00 ] NOTIC: [8] Trying to get property of non-object ceba147c5c0bb5c55444210a46206ea2.php 第 9 行.
[ 2012-08-12T17:52:11+08:00 ] NOTIC: [8] Trying to get property of non-object ceba147c5c0bb5c55444210a46206ea2.php 第 9 行.
[ 2012-08-12T17:52:11+08:00 ] SQL: SHOW COLUMNS FROM `efu_section` [ RunTime:0.006341s ]
[ 2012-08-12T17:52:11+08:00 ] SQL: SELECT * FROM `efu_section` WHERE status = 1 ORDER BY ordering ASC [ RunTime:0.007524s ]
[ 2012-08-12T17:52:11+08:00 ] NOTIC: [8] Trying to get property of non-object ceba147c5c0bb5c55444210a46206ea2.php 第 9 行.
[ 2012-08-12T17:52:11+08:00 ] NOTIC: [8] Trying to get property of non-object ceba147c5c0bb5c55444210a46206ea2.php 第 9 行.
[ 2012-08-12T17:52:11+08:00 ] NOTIC: [8] Trying to get property of non-object ceba147c5c0bb5c55444210a46206ea2.php 第 9 行.
[ 2012-08-12T17:52:11+08:00 ] NOTIC: [8] Trying to get property of non-object ceba147c5c0bb5c55444210a46206ea2.php 第 9 行.
[ 2012-08-12T17:52:12+08:00 ] SQL: SHOW COLUMNS FROM `efu_section` [ RunTime:0.003816s ]
[ 2012-08-12T17:52:12+08:00 ] SQL: SELECT * FROM `efu_section` WHERE status = 1 ORDER BY ordering ASC [ RunTime:0.004832s ]
[ 2012-08-12T17:52:12+08:00 ] NOTIC: [8] Trying to get property of non-object ceba147c5c0bb5c55444210a46206ea2.php 第 9 行.
[ 2012-08-12T17:52:12+08:00 ] NOTIC: [8] Trying to get property of non-object ceba147c5c0bb5c55444210a46206ea2.php 第 9 行.
[ 2012-08-12T17:52:12+08:00 ] NOTIC: [8] Trying to get property of non-object ceba147c5c0bb5c55444210a46206ea2.php 第 9 行.
[ 2012-08-12T17:52:12+08:00 ] NOTIC: [8] Trying to get property of non-object ceba147c5c0bb5c55444210a46206ea2.php 第 9 行.
[ 2012-08-12T17:52:19+08:00 ] SQL: SHOW COLUMNS FROM `efu_section` [ RunTime:0.007992s ]
[ 2012-08-12T17:52:19+08:00 ] SQL: SELECT * FROM `efu_section` WHERE status = 1 ORDER BY ordering ASC [ RunTime:0.007836s ]
[ 2012-08-12T17:52:19+08:00 ] NOTIC: [8] Trying to get property of non-object ceba147c5c0bb5c55444210a46206ea2.php 第 9 行.
[ 2012-08-12T17:52:19+08:00 ] NOTIC: [8] Trying to get property of non-object ceba147c5c0bb5c55444210a46206ea2.php 第 9 行.
[ 2012-08-12T17:52:19+08:00 ] NOTIC: [8] Trying to get property of non-object ceba147c5c0bb5c55444210a46206ea2.php 第 9 行.
[ 2012-08-12T17:52:19+08:00 ] NOTIC: [8] Trying to get property of non-object ceba147c5c0bb5c55444210a46206ea2.php 第 9 行.
[ 2012-08-12T17:58:29+08:00 ] SQL: SHOW COLUMNS FROM `efu_section` [ RunTime:0.006695s ]
[ 2012-08-12T17:58:29+08:00 ] SQL: SELECT * FROM `efu_section` WHERE status = 1 ORDER BY ordering ASC [ RunTime:0.006893s ]
[ 2012-08-12T18:03:00+08:00 ] SQL: SHOW COLUMNS FROM `efu_section` [ RunTime:0.007288s ]
[ 2012-08-12T18:03:00+08:00 ] SQL: SELECT * FROM `efu_section` WHERE status = 1 ORDER BY ordering ASC [ RunTime:0.006508s ]
[ 2012-08-12T18:04:22+08:00 ] SQL: SHOW COLUMNS FROM `efu_section` [ RunTime:0.006354s ]
[ 2012-08-12T18:04:22+08:00 ] SQL: SELECT * FROM `efu_section` WHERE status = 1 ORDER BY ordering ASC [ RunTime:0.006933s ]
[ 2012-08-12T18:04:43+08:00 ] ERR: (ThinkException) 非法操作internet
[ 2012-08-12T18:05:54+08:00 ] SQL: SHOW COLUMNS FROM `efu_section` [ RunTime:0.006327s ]
[ 2012-08-12T18:05:54+08:00 ] SQL: SELECT * FROM `efu_section` WHERE status = 1 ORDER BY ordering ASC [ RunTime:0.007528s ]
[ 2012-08-12T18:08:36+08:00 ] SQL: SHOW COLUMNS FROM `efu_section` [ RunTime:0.006471s ]
[ 2012-08-12T18:08:36+08:00 ] SQL: SELECT * FROM `efu_section` WHERE status = 1 ORDER BY ordering ASC [ RunTime:0.006851s ]
[ 2012-08-12T18:08:56+08:00 ] SQL: SHOW COLUMNS FROM `efu_section` [ RunTime:0.003705s ]
[ 2012-08-12T18:08:56+08:00 ] SQL: SELECT * FROM `efu_section` WHERE status = 1 ORDER BY ordering ASC [ RunTime:0.066048s ]
[ 2012-08-12T18:09:03+08:00 ] ERR: (ThinkException) 非法操作section
[ 2012-08-12T18:09:44+08:00 ] SQL: SHOW COLUMNS FROM `efu_section` [ RunTime:0.006231s ]
[ 2012-08-12T18:09:44+08:00 ] SQL: SELECT * FROM `efu_section` WHERE status = 1 ORDER BY ordering ASC [ RunTime:0.006466s ]
[ 2012-08-12T18:10:07+08:00 ] SQL: SHOW COLUMNS FROM `efu_section` [ RunTime:0.008557s ]
[ 2012-08-12T18:10:07+08:00 ] SQL: SELECT * FROM `efu_section` WHERE status = 1 ORDER BY ordering ASC [ RunTime:0.007674s ]
[ 2012-08-12T18:10:08+08:00 ] SQL: SHOW COLUMNS FROM `efu_section` [ RunTime:0.006139s ]
[ 2012-08-12T18:10:08+08:00 ] SQL: SELECT * FROM `efu_section` WHERE status = 1 ORDER BY ordering ASC [ RunTime:0.007979s ]
[ 2012-08-12T18:10:12+08:00 ] SQL: SHOW COLUMNS FROM `efu_section` [ RunTime:0.006592s ]
[ 2012-08-12T18:10:12+08:00 ] SQL: SELECT * FROM `efu_section` WHERE status = 1 ORDER BY ordering ASC [ RunTime:0.006928s ]
[ 2012-08-12T18:10:19+08:00 ] SQL: SHOW COLUMNS FROM `efu_section` [ RunTime:0.006351s ]
[ 2012-08-12T18:10:19+08:00 ] SQL: SELECT * FROM `efu_section` WHERE status = 1 ORDER BY ordering ASC [ RunTime:0.008429s ]
[ 2012-08-12T18:10:26+08:00 ] SQL: SHOW COLUMNS FROM `efu_section` [ RunTime:0.006452s ]
[ 2012-08-12T18:10:26+08:00 ] SQL: SELECT * FROM `efu_section` WHERE status = 1 ORDER BY ordering ASC [ RunTime:0.006528s ]
[ 2012-08-12T18:10:29+08:00 ] SQL: SHOW COLUMNS FROM `efu_section` [ RunTime:0.006278s ]
[ 2012-08-12T18:10:29+08:00 ] SQL: SELECT * FROM `efu_section` WHERE status = 1 ORDER BY ordering ASC [ RunTime:0.006613s ]
[ 2012-08-12T18:10:29+08:00 ] SQL: SHOW COLUMNS FROM `efu_section` [ RunTime:0.003811s ]
[ 2012-08-12T18:10:29+08:00 ] SQL: SELECT * FROM `efu_section` WHERE status = 1 ORDER BY ordering ASC [ RunTime:0.003944s ]
[ 2012-08-12T18:15:18+08:00 ] SQL: SHOW COLUMNS FROM `efu_section` [ RunTime:0.006126s ]
[ 2012-08-12T18:15:18+08:00 ] SQL: SELECT * FROM `efu_section` WHERE status = 1 ORDER BY ordering ASC [ RunTime:0.006680s ]
[ 2012-08-12T18:15:19+08:00 ] SQL: SHOW COLUMNS FROM `efu_section` [ RunTime:0.004144s ]
[ 2012-08-12T18:15:19+08:00 ] SQL: SELECT * FROM `efu_section` WHERE status = 1 ORDER BY ordering ASC [ RunTime:0.004284s ]
[ 2012-08-12T18:15:37+08:00 ] SQL: SHOW COLUMNS FROM `efu_section` [ RunTime:0.006512s ]
[ 2012-08-12T18:15:37+08:00 ] SQL: SELECT * FROM `efu_section` WHERE status = 1 ORDER BY ordering ASC [ RunTime:0.006475s ]
[ 2012-08-12T18:15:38+08:00 ] SQL: SHOW COLUMNS FROM `efu_section` [ RunTime:0.003917s ]
[ 2012-08-12T18:15:38+08:00 ] SQL: SELECT * FROM `efu_section` WHERE status = 1 ORDER BY ordering ASC [ RunTime:0.004086s ]
[ 2012-08-12T18:23:41+08:00 ] SQL: SHOW COLUMNS FROM `efu_section` [ RunTime:0.023575s ]
[ 2012-08-12T18:23:41+08:00 ] SQL: SELECT * FROM `efu_section` WHERE status = 1 ORDER BY ordering ASC [ RunTime:0.006961s ]
[ 2012-08-12T18:23:42+08:00 ] SQL: SHOW COLUMNS FROM `efu_section` [ RunTime:0.006945s ]
[ 2012-08-12T18:23:42+08:00 ] SQL: SELECT * FROM `efu_section` WHERE status = 1 ORDER BY ordering ASC [ RunTime:0.008391s ]
[ 2012-08-12T18:23:43+08:00 ] SQL: SHOW COLUMNS FROM `efu_section` [ RunTime:0.006942s ]
[ 2012-08-12T18:23:43+08:00 ] SQL: SELECT * FROM `efu_section` WHERE status = 1 ORDER BY ordering ASC [ RunTime:0.008643s ]
[ 2012-08-12T18:23:45+08:00 ] SQL: SHOW COLUMNS FROM `efu_content` [ RunTime:0.006868s ]
[ 2012-08-12T18:23:45+08:00 ] SQL: SELECT * FROM `efu_content` WHERE status = 1 [ RunTime:0.006701s ]
[ 2012-08-12T18:23:48+08:00 ] SQL: SHOW COLUMNS FROM `efu_content` [ RunTime:0.006406s ]
[ 2012-08-12T18:23:48+08:00 ] SQL: SELECT * FROM `efu_content` WHERE status = 1 [ RunTime:0.006855s ]
[ 2012-08-12T18:26:15+08:00 ] SQL: SHOW COLUMNS FROM `efu_section` [ RunTime:0.006980s ]
[ 2012-08-12T18:26:15+08:00 ] SQL: SELECT * FROM `efu_section` WHERE status = 1 ORDER BY ordering ASC [ RunTime:0.006743s ]
[ 2012-08-12T18:26:18+08:00 ] SQL: SHOW COLUMNS FROM `efu_content` [ RunTime:0.006538s ]
[ 2012-08-12T18:26:18+08:00 ] SQL: SELECT * FROM `efu_content` WHERE status = 1 and sectionid = 1 [ RunTime:0.006994s ]
[ 2012-08-12T18:26:21+08:00 ] SQL: SHOW COLUMNS FROM `efu_content` [ RunTime:0.006393s ]
[ 2012-08-12T18:26:21+08:00 ] SQL: SELECT * FROM `efu_content` WHERE status = 1 and sectionid = 4 [ RunTime:0.006527s ]
[ 2012-08-12T18:26:25+08:00 ] SQL: SHOW COLUMNS FROM `efu_content` [ RunTime:0.006394s ]
[ 2012-08-12T18:26:25+08:00 ] SQL: SELECT * FROM `efu_content` WHERE status = 1 and sectionid = 3 [ RunTime:0.006565s ]
[ 2012-08-12T18:26:28+08:00 ] SQL: SHOW COLUMNS FROM `efu_content` [ RunTime:0.006425s ]
[ 2012-08-12T18:26:28+08:00 ] SQL: SELECT * FROM `efu_content` WHERE status = 1 and sectionid = 1 [ RunTime:0.007174s ]
[ 2012-08-12T20:04:33+08:00 ] SQL: SHOW COLUMNS FROM `efu_content` [ RunTime:0.009013s ]
[ 2012-08-12T20:04:33+08:00 ] SQL: SELECT * FROM `efu_content` WHERE status = 1 and sectionid = 1 [ RunTime:0.006178s ]
[ 2012-08-12T20:04:34+08:00 ] SQL: SHOW COLUMNS FROM `efu_content` [ RunTime:0.006395s ]
[ 2012-08-12T20:04:34+08:00 ] SQL: SELECT * FROM `efu_content` WHERE status = 1 and sectionid = 1 [ RunTime:0.007245s ]
[ 2012-08-12T20:11:08+08:00 ] SQL: SHOW COLUMNS FROM `efu_content` [ RunTime:0.007045s ]
[ 2012-08-12T20:11:08+08:00 ] SQL: SELECT * FROM `efu_content` WHERE status = 1 and sectionid = 1 [ RunTime:0.008989s ]
[ 2012-08-12T20:20:33+08:00 ] SQL: SHOW COLUMNS FROM `efu_content` [ RunTime:0.006597s ]
[ 2012-08-12T20:20:33+08:00 ] SQL: SELECT * FROM `efu_content` WHERE status = 1 and sectionid = 1 [ RunTime:0.006931s ]
[ 2012-08-12T20:20:33+08:00 ] NOTIC: [8] Undefined variable: content IndexAction.class.php 第 23 行.
[ 2012-08-12T20:20:34+08:00 ] SQL: SHOW COLUMNS FROM `efu_content` [ RunTime:0.006382s ]
[ 2012-08-12T20:20:34+08:00 ] SQL: SELECT * FROM `efu_content` WHERE status = 1 and sectionid = 1 [ RunTime:0.006663s ]
[ 2012-08-12T20:20:34+08:00 ] NOTIC: [8] Undefined variable: content IndexAction.class.php 第 23 行.
[ 2012-08-12T20:20:44+08:00 ] SQL: SHOW COLUMNS FROM `efu_content` [ RunTime:0.008398s ]
[ 2012-08-12T20:20:44+08:00 ] SQL: SELECT * FROM `efu_content` WHERE status = 1 and sectionid = 1 [ RunTime:0.006395s ]
[ 2012-08-12T20:27:36+08:00 ] SQL: SHOW COLUMNS FROM `efu_content` [ RunTime:0.064716s ]
[ 2012-08-12T20:27:36+08:00 ] SQL: SHOW COLUMNS FROM `efu_section` [ RunTime:0.011398s ]
[ 2012-08-12T20:27:36+08:00 ] SQL: SELECT * FROM `efu_content` WHERE status = 1 and sectionid = 1 [ RunTime:0.008948s ]
[ 2012-08-12T20:27:36+08:00 ] SQL: SELECT * FROM `efu_section` WHERE status = 1 and id =1 [ RunTime:0.000398s ]
[ 2012-08-12T20:27:46+08:00 ] SQL: SHOW COLUMNS FROM `efu_section` [ RunTime:0.007648s ]
[ 2012-08-12T20:27:46+08:00 ] SQL: SELECT * FROM `efu_section` WHERE status = 1 ORDER BY ordering ASC [ RunTime:0.006439s ]
[ 2012-08-12T20:27:48+08:00 ] SQL: SHOW COLUMNS FROM `efu_content` [ RunTime:0.007107s ]
[ 2012-08-12T20:27:48+08:00 ] SQL: SHOW COLUMNS FROM `efu_section` [ RunTime:0.008411s ]
[ 2012-08-12T20:27:48+08:00 ] SQL: SELECT * FROM `efu_content` WHERE status = 1 and sectionid = 4 [ RunTime:0.007385s ]
[ 2012-08-12T20:27:48+08:00 ] SQL: SELECT * FROM `efu_section` WHERE status = 1 and id =4 [ RunTime:0.000345s ]
[ 2012-08-12T20:27:53+08:00 ] SQL: SHOW COLUMNS FROM `efu_content` [ RunTime:0.006855s ]
[ 2012-08-12T20:27:54+08:00 ] SQL: SHOW COLUMNS FROM `efu_section` [ RunTime:0.087408s ]
[ 2012-08-12T20:27:54+08:00 ] SQL: SELECT * FROM `efu_content` WHERE status = 1 and sectionid = 3 [ RunTime:0.005056s ]
[ 2012-08-12T20:27:54+08:00 ] SQL: SELECT * FROM `efu_section` WHERE status = 1 and id =3 [ RunTime:0.000232s ]
[ 2012-08-12T20:28:56+08:00 ] SQL: SHOW COLUMNS FROM `efu_section` [ RunTime:0.006288s ]
[ 2012-08-12T20:28:56+08:00 ] SQL: SELECT * FROM `efu_section` WHERE status = 1 ORDER BY ordering ASC [ RunTime:0.008595s ]
[ 2012-08-12T20:28:57+08:00 ] SQL: SHOW COLUMNS FROM `efu_content` [ RunTime:0.006686s ]
[ 2012-08-12T20:28:57+08:00 ] SQL: SHOW COLUMNS FROM `efu_section` [ RunTime:0.009805s ]
[ 2012-08-12T20:28:57+08:00 ] SQL: SELECT * FROM `efu_content` WHERE status = 1 and sectionid = 4 [ RunTime:0.007198s ]
[ 2012-08-12T20:28:57+08:00 ] SQL: SELECT * FROM `efu_section` WHERE status = 1 and id =4 [ RunTime:0.000344s ]
[ 2012-08-12T20:31:50+08:00 ] SQL: SHOW COLUMNS FROM `efu_content` [ RunTime:0.006420s ]
[ 2012-08-12T20:31:50+08:00 ] SQL: SHOW COLUMNS FROM `efu_section` [ RunTime:0.010107s ]
[ 2012-08-12T20:31:50+08:00 ] SQL: SELECT * FROM `efu_content` WHERE status = 1 and sectionid = 4 [ RunTime:0.006264s ]
[ 2012-08-12T20:31:50+08:00 ] SQL: SELECT * FROM `efu_section` WHERE status = 1 and id =4 [ RunTime:0.001712s ]
[ 2012-08-12T20:31:50+08:00 ] NOTIC: [8] Undefined variable: section dc846dba8d18cdda7632ecf93eea8f86.php 第 3 行.
[ 2012-08-12T20:31:51+08:00 ] SQL: SHOW COLUMNS FROM `efu_content` [ RunTime:0.006274s ]
[ 2012-08-12T20:31:51+08:00 ] SQL: SHOW COLUMNS FROM `efu_section` [ RunTime:0.008521s ]
[ 2012-08-12T20:31:51+08:00 ] SQL: SELECT * FROM `efu_content` WHERE status = 1 and sectionid = 4 [ RunTime:0.006668s ]
[ 2012-08-12T20:31:51+08:00 ] SQL: SELECT * FROM `efu_section` WHERE status = 1 and id =4 [ RunTime:0.000623s ]
[ 2012-08-12T20:31:51+08:00 ] NOTIC: [8] Undefined variable: section dc846dba8d18cdda7632ecf93eea8f86.php 第 3 行.
[ 2012-08-12T20:32:16+08:00 ] SQL: SHOW COLUMNS FROM `efu_content` [ RunTime:0.007439s ]
[ 2012-08-12T20:32:16+08:00 ] SQL: SHOW COLUMNS FROM `efu_section` [ RunTime:0.008842s ]
[ 2012-08-12T20:32:16+08:00 ] SQL: SELECT * FROM `efu_content` WHERE status = 1 and sectionid = 4 [ RunTime:0.007524s ]
[ 2012-08-12T20:32:16+08:00 ] SQL: SELECT * FROM `efu_section` WHERE status = 1 and id =4 [ RunTime:0.000346s ]
[ 2012-08-12T20:32:17+08:00 ] SQL: SHOW COLUMNS FROM `efu_content` [ RunTime:0.003811s ]
[ 2012-08-12T20:32:17+08:00 ] SQL: SHOW COLUMNS FROM `efu_section` [ RunTime:0.005096s ]
[ 2012-08-12T20:32:17+08:00 ] SQL: SELECT * FROM `efu_content` WHERE status = 1 and sectionid = 4 [ RunTime:0.004938s ]
[ 2012-08-12T20:32:17+08:00 ] SQL: SELECT * FROM `efu_section` WHERE status = 1 and id =4 [ RunTime:0.000240s ]
[ 2012-08-12T20:32:18+08:00 ] SQL: SHOW COLUMNS FROM `efu_content` [ RunTime:0.007449s ]
[ 2012-08-12T20:32:18+08:00 ] SQL: SHOW COLUMNS FROM `efu_section` [ RunTime:0.010201s ]
[ 2012-08-12T20:32:18+08:00 ] SQL: SELECT * FROM `efu_content` WHERE status = 1 and sectionid = 4 [ RunTime:0.007173s ]
[ 2012-08-12T20:32:18+08:00 ] SQL: SELECT * FROM `efu_section` WHERE status = 1 and id =4 [ RunTime:0.000504s ]
[ 2012-08-12T20:32:32+08:00 ] SQL: SHOW COLUMNS FROM `efu_content` [ RunTime:0.004476s ]
[ 2012-08-12T20:32:32+08:00 ] SQL: SHOW COLUMNS FROM `efu_section` [ RunTime:0.007436s ]
[ 2012-08-12T20:32:32+08:00 ] SQL: SELECT * FROM `efu_content` WHERE status = 1 and sectionid = 4 [ RunTime:0.007620s ]
[ 2012-08-12T20:32:32+08:00 ] SQL: SELECT * FROM `efu_section` WHERE status = 1 and id =4 [ RunTime:0.000200s ]
[ 2012-08-12T20:32:32+08:00 ] NOTIC: [8] Undefined variable: section dc846dba8d18cdda7632ecf93eea8f86.php 第 3 行.
[ 2012-08-12T20:32:33+08:00 ] SQL: SHOW COLUMNS FROM `efu_content` [ RunTime:0.003942s ]
[ 2012-08-12T20:32:33+08:00 ] SQL: SHOW COLUMNS FROM `efu_section` [ RunTime:0.005248s ]
[ 2012-08-12T20:32:33+08:00 ] SQL: SELECT * FROM `efu_content` WHERE status = 1 and sectionid = 4 [ RunTime:0.005851s ]
[ 2012-08-12T20:32:33+08:00 ] SQL: SELECT * FROM `efu_section` WHERE status = 1 and id =4 [ RunTime:0.000220s ]
[ 2012-08-12T20:32:33+08:00 ] NOTIC: [8] Undefined variable: section dc846dba8d18cdda7632ecf93eea8f86.php 第 3 行.
[ 2012-08-12T20:35:11+08:00 ] SQL: SHOW COLUMNS FROM `efu_content` [ RunTime:0.008108s ]
[ 2012-08-12T20:35:11+08:00 ] SQL: SHOW COLUMNS FROM `efu_section` [ RunTime:0.011107s ]
[ 2012-08-12T20:35:11+08:00 ] SQL: SELECT * FROM `efu_content` WHERE status = 1 and sectionid = 4 [ RunTime:0.006325s ]
[ 2012-08-12T20:35:11+08:00 ] SQL: SELECT * FROM `efu_section` WHERE ( `id` = '4' ) LIMIT 1  [ RunTime:0.000484s ]
[ 2012-08-12T20:36:42+08:00 ] SQL: SHOW COLUMNS FROM `efu_content` [ RunTime:0.004888s ]
[ 2012-08-12T20:36:42+08:00 ] SQL: SHOW COLUMNS FROM `efu_section` [ RunTime:0.005139s ]
[ 2012-08-12T20:36:42+08:00 ] SQL: SELECT * FROM `efu_content` WHERE status = 1 and sectionid = 4 [ RunTime:0.003833s ]
[ 2012-08-12T20:36:42+08:00 ] SQL: SELECT * FROM `efu_section` WHERE ( `id` = '4' ) LIMIT 1  [ RunTime:0.000241s ]
[ 2012-08-12T20:37:09+08:00 ] SQL: SHOW COLUMNS FROM `efu_content` [ RunTime:0.004528s ]
[ 2012-08-12T20:37:09+08:00 ] SQL: SHOW COLUMNS FROM `efu_section` [ RunTime:0.005321s ]
[ 2012-08-12T20:37:09+08:00 ] SQL: SELECT * FROM `efu_content` WHERE status = 1 and sectionid = 4 [ RunTime:0.003932s ]
[ 2012-08-12T20:37:09+08:00 ] SQL: SELECT * FROM `efu_section` WHERE ( `id` = '4' ) LIMIT 1  [ RunTime:0.000240s ]
[ 2012-08-12T20:37:10+08:00 ] SQL: SHOW COLUMNS FROM `efu_content` [ RunTime:0.003793s ]
[ 2012-08-12T20:37:10+08:00 ] SQL: SHOW COLUMNS FROM `efu_section` [ RunTime:0.005767s ]
[ 2012-08-12T20:37:10+08:00 ] SQL: SELECT * FROM `efu_content` WHERE status = 1 and sectionid = 4 [ RunTime:0.003898s ]
[ 2012-08-12T20:37:10+08:00 ] SQL: SELECT * FROM `efu_section` WHERE ( `id` = '4' ) LIMIT 1  [ RunTime:0.000239s ]
[ 2012-08-12T20:37:10+08:00 ] SQL: SHOW COLUMNS FROM `efu_content` [ RunTime:0.004004s ]
[ 2012-08-12T20:37:10+08:00 ] SQL: SHOW COLUMNS FROM `efu_section` [ RunTime:0.005150s ]
[ 2012-08-12T20:37:10+08:00 ] SQL: SELECT * FROM `efu_content` WHERE status = 1 and sectionid = 4 [ RunTime:0.005607s ]
[ 2012-08-12T20:37:10+08:00 ] SQL: SELECT * FROM `efu_section` WHERE ( `id` = '4' ) LIMIT 1  [ RunTime:0.000241s ]
[ 2012-08-12T20:37:10+08:00 ] SQL: SHOW COLUMNS FROM `efu_content` [ RunTime:0.003830s ]
[ 2012-08-12T20:37:10+08:00 ] SQL: SHOW COLUMNS FROM `efu_section` [ RunTime:0.005146s ]
[ 2012-08-12T20:37:10+08:00 ] SQL: SELECT * FROM `efu_content` WHERE status = 1 and sectionid = 4 [ RunTime:0.004319s ]
[ 2012-08-12T20:37:10+08:00 ] SQL: SELECT * FROM `efu_section` WHERE ( `id` = '4' ) LIMIT 1  [ RunTime:0.000237s ]
[ 2012-08-12T20:37:11+08:00 ] SQL: SHOW COLUMNS FROM `efu_content` [ RunTime:0.003829s ]
[ 2012-08-12T20:37:11+08:00 ] SQL: SHOW COLUMNS FROM `efu_section` [ RunTime:0.005847s ]
[ 2012-08-12T20:37:11+08:00 ] SQL: SELECT * FROM `efu_content` WHERE status = 1 and sectionid = 4 [ RunTime:0.004118s ]
[ 2012-08-12T20:37:11+08:00 ] SQL: SELECT * FROM `efu_section` WHERE ( `id` = '4' ) LIMIT 1  [ RunTime:0.000359s ]
[ 2012-08-12T20:37:22+08:00 ] SQL: SHOW COLUMNS FROM `efu_content` [ RunTime:0.004124s ]
[ 2012-08-12T20:37:22+08:00 ] SQL: SHOW COLUMNS FROM `efu_section` [ RunTime:0.017577s ]
[ 2012-08-12T20:37:22+08:00 ] SQL: SELECT * FROM `efu_content` WHERE status = 1 and sectionid = 4 [ RunTime:0.003964s ]
[ 2012-08-12T20:37:22+08:00 ] SQL: SELECT * FROM `efu_section` WHERE ( `id` = '4' ) LIMIT 1  [ RunTime:0.000241s ]
[ 2012-08-12T20:37:47+08:00 ] SQL: SHOW COLUMNS FROM `efu_content` [ RunTime:0.006243s ]
[ 2012-08-12T20:37:47+08:00 ] SQL: SHOW COLUMNS FROM `efu_section` [ RunTime:0.008298s ]
[ 2012-08-12T20:37:47+08:00 ] SQL: SELECT * FROM `efu_content` WHERE status = 1 and sectionid = 4 [ RunTime:0.028783s ]
[ 2012-08-12T20:37:47+08:00 ] SQL: SELECT * FROM `efu_section` WHERE ( `id` = '4' ) LIMIT 1  [ RunTime:0.000288s ]
[ 2012-08-12T20:37:55+08:00 ] SQL: SHOW COLUMNS FROM `efu_content` [ RunTime:0.003798s ]
[ 2012-08-12T20:37:55+08:00 ] SQL: SHOW COLUMNS FROM `efu_section` [ RunTime:0.005838s ]
[ 2012-08-12T20:37:55+08:00 ] SQL: SELECT * FROM `efu_content` WHERE status = 1 and sectionid = 4 [ RunTime:0.003893s ]
[ 2012-08-12T20:37:55+08:00 ] SQL: SELECT * FROM `efu_section` WHERE ( `id` = '4' ) LIMIT 1  [ RunTime:0.000235s ]
[ 2012-08-12T20:39:11+08:00 ] SQL: SHOW COLUMNS FROM `efu_content` [ RunTime:0.007894s ]
[ 2012-08-12T20:39:11+08:00 ] SQL: SHOW COLUMNS FROM `efu_section` [ RunTime:0.010584s ]
[ 2012-08-12T20:39:11+08:00 ] SQL: SELECT * FROM `efu_content` WHERE status = 1 and sectionid = 4 [ RunTime:0.009539s ]
[ 2012-08-12T20:39:11+08:00 ] SQL: SELECT * FROM `efu_section` WHERE ( `id` = '4' ) LIMIT 1  [ RunTime:0.000318s ]
[ 2012-08-12T20:42:14+08:00 ] SQL: SHOW COLUMNS FROM `efu_content` [ RunTime:0.006526s ]
[ 2012-08-12T20:42:14+08:00 ] SQL: SHOW COLUMNS FROM `efu_section` [ RunTime:0.009869s ]
[ 2012-08-12T20:42:14+08:00 ] SQL: SELECT * FROM `efu_content` WHERE status = 1 and sectionid = 4 [ RunTime:0.006428s ]
[ 2012-08-12T20:42:14+08:00 ] SQL: SELECT * FROM `efu_section` WHERE ( `id` = '4' ) LIMIT 1  [ RunTime:0.000345s ]
[ 2012-08-12T20:42:15+08:00 ] SQL: SHOW COLUMNS FROM `efu_content` [ RunTime:0.006334s ]
[ 2012-08-12T20:42:15+08:00 ] SQL: SHOW COLUMNS FROM `efu_section` [ RunTime:0.009138s ]
[ 2012-08-12T20:42:15+08:00 ] SQL: SELECT * FROM `efu_content` WHERE status = 1 and sectionid = 4 [ RunTime:0.006119s ]
[ 2012-08-12T20:42:15+08:00 ] SQL: SELECT * FROM `efu_section` WHERE ( `id` = '4' ) LIMIT 1  [ RunTime:0.000333s ]
[ 2012-08-12T20:42:34+08:00 ] SQL: SHOW COLUMNS FROM `efu_content` [ RunTime:0.006451s ]
[ 2012-08-12T20:42:34+08:00 ] SQL: SHOW COLUMNS FROM `efu_section` [ RunTime:0.010813s ]
[ 2012-08-12T20:42:34+08:00 ] SQL: SELECT * FROM `efu_content` WHERE status = 1 and sectionid = 4 [ RunTime:0.006118s ]
[ 2012-08-12T20:42:34+08:00 ] SQL: SELECT * FROM `efu_section` WHERE ( `id` = '4' ) LIMIT 1  [ RunTime:0.000345s ]
[ 2012-08-12T20:42:42+08:00 ] SQL: SHOW COLUMNS FROM `efu_content` [ RunTime:0.008773s ]
[ 2012-08-12T20:42:42+08:00 ] SQL: SHOW COLUMNS FROM `efu_section` [ RunTime:0.012549s ]
[ 2012-08-12T20:42:42+08:00 ] SQL: SELECT * FROM `efu_content` WHERE status = 1 and sectionid = 1 [ RunTime:0.009348s ]
[ 2012-08-12T20:42:42+08:00 ] SQL: SELECT * FROM `efu_section` WHERE ( `id` = '1' ) LIMIT 1  [ RunTime:0.000431s ]
[ 2012-08-12T20:42:42+08:00 ] NOTIC: [8] Undefined index:  id dc846dba8d18cdda7632ecf93eea8f86.php 第 8 行.
[ 2012-08-12T20:42:42+08:00 ] NOTIC: [8] Undefined index:  title dc846dba8d18cdda7632ecf93eea8f86.php 第 8 行.
[ 2012-08-12T20:42:42+08:00 ] NOTIC: [8] Undefined index:  id dc846dba8d18cdda7632ecf93eea8f86.php 第 8 行.
[ 2012-08-12T20:42:42+08:00 ] NOTIC: [8] Undefined index:  title dc846dba8d18cdda7632ecf93eea8f86.php 第 8 行.
[ 2012-08-12T20:43:05+08:00 ] SQL: SHOW COLUMNS FROM `efu_content` [ RunTime:0.006315s ]
[ 2012-08-12T20:43:05+08:00 ] SQL: SHOW COLUMNS FROM `efu_section` [ RunTime:0.007708s ]
[ 2012-08-12T20:43:05+08:00 ] SQL: SELECT * FROM `efu_content` WHERE status = 1 and sectionid = 1 [ RunTime:0.007725s ]
[ 2012-08-12T20:43:05+08:00 ] SQL: SELECT * FROM `efu_section` WHERE ( `id` = '1' ) LIMIT 1  [ RunTime:0.000349s ]
[ 2012-08-12T20:45:02+08:00 ] SQL: SHOW COLUMNS FROM `efu_content` [ RunTime:0.006483s ]
[ 2012-08-12T20:45:02+08:00 ] SQL: SHOW COLUMNS FROM `efu_section` [ RunTime:0.060170s ]
[ 2012-08-12T20:45:02+08:00 ] SQL: SELECT * FROM `efu_content` WHERE status = 1 and sectionid = 1 [ RunTime:0.007663s ]
[ 2012-08-12T20:45:02+08:00 ] SQL: SELECT * FROM `efu_section` WHERE ( `id` = '1' ) LIMIT 1  [ RunTime:0.000337s ]
[ 2012-08-12T20:45:15+08:00 ] SQL: SHOW COLUMNS FROM `efu_content` [ RunTime:0.006198s ]
[ 2012-08-12T20:45:15+08:00 ] SQL: SHOW COLUMNS FROM `efu_section` [ RunTime:0.009210s ]
[ 2012-08-12T20:45:15+08:00 ] SQL: SELECT * FROM `efu_content` WHERE status = 1 and sectionid = 1 [ RunTime:0.003927s ]
[ 2012-08-12T20:45:15+08:00 ] SQL: SELECT * FROM `efu_section` WHERE ( `id` = '1' ) LIMIT 1  [ RunTime:0.000216s ]
[ 2012-08-12T20:50:45+08:00 ] SQL: SHOW COLUMNS FROM `efu_content` [ RunTime:0.007339s ]
[ 2012-08-12T20:50:45+08:00 ] SQL: SHOW COLUMNS FROM `efu_section` [ RunTime:0.011541s ]
[ 2012-08-12T20:50:45+08:00 ] SQL: SELECT * FROM `efu_content` WHERE status = 1 and sectionid = 1 [ RunTime:0.006312s ]
[ 2012-08-12T20:50:45+08:00 ] SQL: SELECT * FROM `efu_section` WHERE ( `id` = '1' ) LIMIT 1  [ RunTime:0.000340s ]
[ 2012-08-12T20:50:45+08:00 ] NOTIC: [8] Use of undefined constant id - assumed 'id' dc846dba8d18cdda7632ecf93eea8f86.php 第 9 行.
[ 2012-08-12T20:50:45+08:00 ] NOTIC: [8] Use of undefined constant id - assumed 'id' dc846dba8d18cdda7632ecf93eea8f86.php 第 9 行.
[ 2012-08-12T20:50:46+08:00 ] SQL: SHOW COLUMNS FROM `efu_content` [ RunTime:0.006342s ]
[ 2012-08-12T20:50:46+08:00 ] SQL: SHOW COLUMNS FROM `efu_section` [ RunTime:0.009453s ]
[ 2012-08-12T20:50:46+08:00 ] SQL: SELECT * FROM `efu_content` WHERE status = 1 and sectionid = 1 [ RunTime:0.006266s ]
[ 2012-08-12T20:50:46+08:00 ] SQL: SELECT * FROM `efu_section` WHERE ( `id` = '1' ) LIMIT 1  [ RunTime:0.000342s ]
[ 2012-08-12T20:50:46+08:00 ] NOTIC: [8] Use of undefined constant id - assumed 'id' dc846dba8d18cdda7632ecf93eea8f86.php 第 9 行.
[ 2012-08-12T20:50:46+08:00 ] NOTIC: [8] Use of undefined constant id - assumed 'id' dc846dba8d18cdda7632ecf93eea8f86.php 第 9 行.
[ 2012-08-12T20:51:17+08:00 ] SQL: SHOW COLUMNS FROM `efu_content` [ RunTime:0.007479s ]
[ 2012-08-12T20:51:17+08:00 ] SQL: SHOW COLUMNS FROM `efu_section` [ RunTime:0.011298s ]
[ 2012-08-12T20:51:17+08:00 ] SQL: SELECT * FROM `efu_content` WHERE status = 1 and sectionid = 1 [ RunTime:0.009156s ]
[ 2012-08-12T20:51:17+08:00 ] SQL: SELECT * FROM `efu_section` WHERE ( `id` = '1' ) LIMIT 1  [ RunTime:0.000371s ]
[ 2012-08-12T20:53:57+08:00 ] SQL: SHOW COLUMNS FROM `efu_content` [ RunTime:0.006950s ]
[ 2012-08-12T20:53:58+08:00 ] SQL: SHOW COLUMNS FROM `efu_section` [ RunTime:0.057141s ]
[ 2012-08-12T20:53:58+08:00 ] SQL: SELECT * FROM `efu_content` WHERE status = 1 and sectionid = 1 [ RunTime:0.003900s ]
[ 2012-08-12T20:53:58+08:00 ] SQL: SELECT * FROM `efu_section` WHERE ( `id` = '1' ) LIMIT 1  [ RunTime:0.000229s ]
[ 2012-08-12T20:53:58+08:00 ] SQL: SHOW COLUMNS FROM `efu_content` [ RunTime:0.008135s ]
[ 2012-08-12T20:53:58+08:00 ] SQL: SHOW COLUMNS FROM `efu_section` [ RunTime:0.009781s ]
[ 2012-08-12T20:53:58+08:00 ] SQL: SELECT * FROM `efu_content` WHERE status = 1 and sectionid = 1 [ RunTime:0.006957s ]
[ 2012-08-12T20:53:58+08:00 ] SQL: SELECT * FROM `efu_section` WHERE ( `id` = '1' ) LIMIT 1  [ RunTime:0.000406s ]
[ 2012-08-12T20:53:59+08:00 ] SQL: SHOW COLUMNS FROM `efu_content` [ RunTime:0.006581s ]
[ 2012-08-12T20:53:59+08:00 ] SQL: SELECT * FROM `efu_content` WHERE ( `id` = '1' ) LIMIT 1  [ RunTime:0.007099s ]
[ 2012-08-12T20:54:05+08:00 ] SQL: SHOW COLUMNS FROM `efu_content` [ RunTime:0.008121s ]
[ 2012-08-12T20:54:05+08:00 ] SQL: SELECT * FROM `efu_content` WHERE ( `id` = '2' ) LIMIT 1  [ RunTime:0.006375s ]
[ 2012-08-12T21:02:31+08:00 ] SQL: SHOW COLUMNS FROM `efu_content` [ RunTime:0.006408s ]
[ 2012-08-12T21:02:31+08:00 ] SQL: SHOW COLUMNS FROM `efu_section` [ RunTime:0.008828s ]
[ 2012-08-12T21:02:31+08:00 ] SQL: SELECT * FROM `efu_content` WHERE status = 1 and sectionid = 1 [ RunTime:0.008002s ]
[ 2012-08-12T21:02:31+08:00 ] SQL: SELECT * FROM `efu_section` WHERE ( `id` = '1' ) LIMIT 1  [ RunTime:0.000357s ]
[ 2012-08-12T21:02:31+08:00 ] SQL: SHOW COLUMNS FROM `efu_content` [ RunTime:0.004754s ]
[ 2012-08-12T21:02:31+08:00 ] SQL: SHOW COLUMNS FROM `efu_section` [ RunTime:0.005132s ]
[ 2012-08-12T21:02:31+08:00 ] SQL: SELECT * FROM `efu_content` WHERE status = 1 and sectionid = 1 [ RunTime:0.003926s ]
[ 2012-08-12T21:02:31+08:00 ] SQL: SELECT * FROM `efu_section` WHERE ( `id` = '1' ) LIMIT 1  [ RunTime:0.000239s ]
[ 2012-08-12T21:02:32+08:00 ] SQL: SHOW COLUMNS FROM `efu_content` [ RunTime:0.003934s ]
[ 2012-08-12T21:02:32+08:00 ] SQL: SHOW COLUMNS FROM `efu_section` [ RunTime:0.005389s ]
[ 2012-08-12T21:02:32+08:00 ] SQL: SELECT * FROM `efu_content` WHERE status = 1 and sectionid = 1 [ RunTime:0.005981s ]
[ 2012-08-12T21:02:32+08:00 ] SQL: SELECT * FROM `efu_section` WHERE ( `id` = '1' ) LIMIT 1  [ RunTime:0.000307s ]
[ 2012-08-12T21:02:33+08:00 ] SQL: SHOW COLUMNS FROM `efu_content` [ RunTime:0.003833s ]
[ 2012-08-12T21:02:33+08:00 ] SQL: SELECT * FROM `efu_content` WHERE ( `id` = '1' ) LIMIT 1  [ RunTime:0.004437s ]
[ 2012-08-12T21:02:33+08:00 ] NOTIC: [8] Undefined index:  metakey 1cbd9cf0f844b26118cfb0850fc8ac12.php 第 4 行.
[ 2012-08-12T21:02:33+08:00 ] NOTIC: [8] Undefined index:  metadesc 1cbd9cf0f844b26118cfb0850fc8ac12.php 第 5 行.
[ 2012-08-12T21:03:20+08:00 ] SQL: SHOW COLUMNS FROM `efu_content` [ RunTime:0.006392s ]
[ 2012-08-12T21:03:20+08:00 ] SQL: SELECT * FROM `efu_content` WHERE ( `id` = '1' ) LIMIT 1  [ RunTime:0.008233s ]
[ 2012-08-12T21:03:20+08:00 ] NOTIC: [8] Undefined index:  metakey 1cbd9cf0f844b26118cfb0850fc8ac12.php 第 5 行.
[ 2012-08-12T21:03:20+08:00 ] NOTIC: [8] Undefined index:  metadesc 1cbd9cf0f844b26118cfb0850fc8ac12.php 第 6 行.
[ 2012-08-12T21:03:21+08:00 ] SQL: SHOW COLUMNS FROM `efu_content` [ RunTime:0.003762s ]
[ 2012-08-12T21:03:21+08:00 ] SQL: SELECT * FROM `efu_content` WHERE ( `id` = '1' ) LIMIT 1  [ RunTime:0.004649s ]
[ 2012-08-12T21:03:21+08:00 ] NOTIC: [8] Undefined index:  metakey 1cbd9cf0f844b26118cfb0850fc8ac12.php 第 5 行.
[ 2012-08-12T21:03:21+08:00 ] NOTIC: [8] Undefined index:  metadesc 1cbd9cf0f844b26118cfb0850fc8ac12.php 第 6 行.
[ 2012-08-12T21:04:07+08:00 ] SQL: SHOW COLUMNS FROM `efu_content` [ RunTime:0.004572s ]
[ 2012-08-12T21:04:07+08:00 ] SQL: SELECT * FROM `efu_content` WHERE ( `id` = '2' ) LIMIT 1  [ RunTime:0.004263s ]
[ 2012-08-12T21:04:07+08:00 ] NOTIC: [8] Undefined index:  metakey 1cbd9cf0f844b26118cfb0850fc8ac12.php 第 5 行.
[ 2012-08-12T21:04:07+08:00 ] NOTIC: [8] Undefined index:  metadesc 1cbd9cf0f844b26118cfb0850fc8ac12.php 第 6 行.
[ 2012-08-12T21:04:32+08:00 ] SQL: SHOW COLUMNS FROM `efu_content` [ RunTime:0.006599s ]
[ 2012-08-12T21:04:32+08:00 ] SQL: SHOW COLUMNS FROM `efu_section` [ RunTime:0.012323s ]
[ 2012-08-12T21:04:32+08:00 ] SQL: SELECT * FROM `efu_content` WHERE status = 1 and sectionid = 1 [ RunTime:0.010356s ]
[ 2012-08-12T21:04:32+08:00 ] SQL: SELECT * FROM `efu_section` WHERE ( `id` = '1' ) LIMIT 1  [ RunTime:0.000710s ]
[ 2012-08-12T21:04:33+08:00 ] SQL: SHOW COLUMNS FROM `efu_content` [ RunTime:0.006518s ]
[ 2012-08-12T21:04:33+08:00 ] SQL: SHOW COLUMNS FROM `efu_section` [ RunTime:0.010112s ]
[ 2012-08-12T21:04:33+08:00 ] SQL: SELECT * FROM `efu_content` WHERE status = 1 and sectionid = 1 [ RunTime:0.006741s ]
[ 2012-08-12T21:04:33+08:00 ] SQL: SELECT * FROM `efu_section` WHERE ( `id` = '1' ) LIMIT 1  [ RunTime:0.000345s ]
[ 2012-08-12T21:04:34+08:00 ] SQL: SHOW COLUMNS FROM `efu_content` [ RunTime:0.006415s ]
[ 2012-08-12T21:04:34+08:00 ] SQL: SELECT * FROM `efu_content` WHERE ( `id` = '1' ) LIMIT 1  [ RunTime:0.006918s ]
[ 2012-08-12T21:05:26+08:00 ] SQL: SHOW COLUMNS FROM `efu_content` [ RunTime:0.007945s ]
[ 2012-08-12T21:05:26+08:00 ] SQL: SELECT * FROM `efu_content` WHERE ( `id` = '1' ) LIMIT 1  [ RunTime:0.006357s ]
[ 2012-08-12T21:05:26+08:00 ] NOTIC: [8] Undefined index:  metakey 1cbd9cf0f844b26118cfb0850fc8ac12.php 第 5 行.
[ 2012-08-12T21:05:26+08:00 ] NOTIC: [8] Undefined index:  metadesc 1cbd9cf0f844b26118cfb0850fc8ac12.php 第 6 行.
[ 2012-08-12T21:05:50+08:00 ] SQL: SHOW COLUMNS FROM `efu_content` [ RunTime:0.003810s ]
[ 2012-08-12T21:05:50+08:00 ] SQL: SELECT * FROM `efu_content` WHERE ( `id` = '1' ) LIMIT 1  [ RunTime:0.003881s ]
[ 2012-08-12T21:05:50+08:00 ] NOTIC: [8] Undefined index:  metakey 1cbd9cf0f844b26118cfb0850fc8ac12.php 第 5 行.
[ 2012-08-12T21:05:50+08:00 ] NOTIC: [8] Undefined index:  metadesc 1cbd9cf0f844b26118cfb0850fc8ac12.php 第 6 行.
[ 2012-08-12T21:05:55+08:00 ] SQL: SHOW COLUMNS FROM `efu_content` [ RunTime:0.006755s ]
[ 2012-08-12T21:05:55+08:00 ] SQL: SELECT * FROM `efu_content` WHERE ( `id` = '1' ) LIMIT 1  [ RunTime:0.006142s ]
[ 2012-08-12T21:05:55+08:00 ] NOTIC: [8] Undefined index:  metakey 1cbd9cf0f844b26118cfb0850fc8ac12.php 第 5 行.
[ 2012-08-12T21:05:55+08:00 ] NOTIC: [8] Undefined index:  metadesc 1cbd9cf0f844b26118cfb0850fc8ac12.php 第 6 行.
[ 2012-08-12T21:06:39+08:00 ] SQL: SHOW COLUMNS FROM `efu_content` [ RunTime:0.006669s ]
[ 2012-08-12T21:06:39+08:00 ] SQL: SELECT * FROM `efu_content` WHERE ( `id` = '1' ) LIMIT 1  [ RunTime:0.057758s ]
[ 2012-08-12T21:06:58+08:00 ] SQL: SHOW COLUMNS FROM `efu_content` [ RunTime:0.006317s ]
[ 2012-08-12T21:06:58+08:00 ] SQL: SELECT * FROM `efu_content` WHERE ( `id` = '1' ) LIMIT 1  [ RunTime:0.006658s ]
[ 2012-08-12T21:06:59+08:00 ] SQL: SHOW COLUMNS FROM `efu_content` [ RunTime:0.006385s ]
[ 2012-08-12T21:06:59+08:00 ] SQL: SELECT * FROM `efu_content` WHERE ( `id` = '1' ) LIMIT 1  [ RunTime:0.007127s ]
[ 2012-08-12T21:07:36+08:00 ] SQL: SHOW COLUMNS FROM `efu_content` [ RunTime:0.007001s ]
[ 2012-08-12T21:07:36+08:00 ] SQL: SELECT * FROM `efu_content` WHERE ( `id` = '1' ) LIMIT 1  [ RunTime:0.008665s ]
[ 2012-08-12T22:00:48+08:00 ] SQL: SHOW COLUMNS FROM `efu_section` [ RunTime:0.008770s ]
[ 2012-08-12T22:00:48+08:00 ] SQL: SELECT * FROM `efu_section` WHERE status = 1 ORDER BY ordering ASC [ RunTime:0.006414s ]
[ 2012-08-12T22:00:48+08:00 ] NOTIC: [8] Undefined variable: session ceba147c5c0bb5c55444210a46206ea2.php 第 12 行.
[ 2012-08-12T22:00:51+08:00 ] SQL: SHOW COLUMNS FROM `efu_section` [ RunTime:0.006261s ]
[ 2012-08-12T22:00:51+08:00 ] SQL: SELECT * FROM `efu_section` WHERE status = 1 ORDER BY ordering ASC [ RunTime:0.006670s ]
[ 2012-08-12T22:00:51+08:00 ] NOTIC: [8] Undefined variable: session ceba147c5c0bb5c55444210a46206ea2.php 第 12 行.
[ 2012-08-12T22:00:52+08:00 ] SQL: SHOW COLUMNS FROM `efu_section` [ RunTime:0.003710s ]
[ 2012-08-12T22:00:52+08:00 ] SQL: SELECT * FROM `efu_section` WHERE status = 1 ORDER BY ordering ASC [ RunTime:0.004557s ]
[ 2012-08-12T22:00:52+08:00 ] NOTIC: [8] Undefined variable: session ceba147c5c0bb5c55444210a46206ea2.php 第 12 行.
[ 2012-08-12T22:05:10+08:00 ] SQL: SHOW COLUMNS FROM `efu_section` [ RunTime:0.007731s ]
[ 2012-08-12T22:05:10+08:00 ] SQL: SELECT * FROM `efu_section` WHERE status = 1 ORDER BY ordering ASC [ RunTime:0.007313s ]
[ 2012-08-12T22:05:10+08:00 ] NOTIC: [8] Undefined variable: session ceba147c5c0bb5c55444210a46206ea2.php 第 12 行.
[ 2012-08-12T22:05:10+08:00 ] SQL: SHOW COLUMNS FROM `efu_section` [ RunTime:0.006400s ]
[ 2012-08-12T22:05:10+08:00 ] SQL: SELECT * FROM `efu_section` WHERE status = 1 ORDER BY ordering ASC [ RunTime:0.103662s ]
[ 2012-08-12T22:05:10+08:00 ] NOTIC: [8] Undefined variable: session ceba147c5c0bb5c55444210a46206ea2.php 第 12 行.
[ 2012-08-12T22:05:11+08:00 ] SQL: SHOW COLUMNS FROM `efu_section` [ RunTime:0.004633s ]
[ 2012-08-12T22:05:11+08:00 ] SQL: SELECT * FROM `efu_section` WHERE status = 1 ORDER BY ordering ASC [ RunTime:0.004162s ]
[ 2012-08-12T22:05:11+08:00 ] NOTIC: [8] Undefined variable: session ceba147c5c0bb5c55444210a46206ea2.php 第 12 行.
[ 2012-08-12T22:07:02+08:00 ] SQL: SHOW COLUMNS FROM `efu_section` [ RunTime:0.006938s ]
[ 2012-08-12T22:07:02+08:00 ] SQL: SELECT * FROM `efu_section` WHERE status = 1 ORDER BY ordering ASC [ RunTime:0.007377s ]
[ 2012-08-12T22:07:02+08:00 ] NOTIC: [8] Undefined variable: session ceba147c5c0bb5c55444210a46206ea2.php 第 12 行.
[ 2012-08-12T22:07:03+08:00 ] SQL: SHOW COLUMNS FROM `efu_section` [ RunTime:0.003980s ]
[ 2012-08-12T22:07:03+08:00 ] SQL: SELECT * FROM `efu_section` WHERE status = 1 ORDER BY ordering ASC [ RunTime:0.003822s ]
[ 2012-08-12T22:07:03+08:00 ] NOTIC: [8] Undefined variable: session ceba147c5c0bb5c55444210a46206ea2.php 第 12 行.
[ 2012-08-12T22:07:03+08:00 ] SQL: SHOW COLUMNS FROM `efu_section` [ RunTime:0.003671s ]
[ 2012-08-12T22:07:03+08:00 ] SQL: SELECT * FROM `efu_section` WHERE status = 1 ORDER BY ordering ASC [ RunTime:0.003878s ]
[ 2012-08-12T22:07:03+08:00 ] NOTIC: [8] Undefined variable: session ceba147c5c0bb5c55444210a46206ea2.php 第 12 行.
[ 2012-08-12T22:08:36+08:00 ] SQL: SHOW COLUMNS FROM `efu_section` [ RunTime:0.006315s ]
[ 2012-08-12T22:08:36+08:00 ] SQL: SELECT * FROM `efu_section` WHERE status = 1 ORDER BY ordering ASC [ RunTime:0.006866s ]
[ 2012-08-12T22:08:36+08:00 ] NOTIC: [8] Undefined variable: session ceba147c5c0bb5c55444210a46206ea2.php 第 12 行.
[ 2012-08-12T22:08:37+08:00 ] SQL: SHOW COLUMNS FROM `efu_section` [ RunTime:0.006029s ]
[ 2012-08-12T22:08:37+08:00 ] SQL: SELECT * FROM `efu_section` WHERE status = 1 ORDER BY ordering ASC [ RunTime:0.006628s ]
[ 2012-08-12T22:08:37+08:00 ] NOTIC: [8] Undefined variable: session ceba147c5c0bb5c55444210a46206ea2.php 第 12 行.
[ 2012-08-12T22:09:13+08:00 ] SQL: SHOW COLUMNS FROM `efu_section` [ RunTime:0.006441s ]
[ 2012-08-12T22:09:13+08:00 ] SQL: SELECT * FROM `efu_section` WHERE status = 1 ORDER BY ordering ASC [ RunTime:0.006215s ]
[ 2012-08-12T22:09:13+08:00 ] NOTIC: [8] Undefined variable: session ceba147c5c0bb5c55444210a46206ea2.php 第 12 行.
[ 2012-08-12T22:09:14+08:00 ] SQL: SHOW COLUMNS FROM `efu_section` [ RunTime:0.003854s ]
[ 2012-08-12T22:09:14+08:00 ] SQL: SELECT * FROM `efu_section` WHERE status = 1 ORDER BY ordering ASC [ RunTime:0.004145s ]
[ 2012-08-12T22:09:14+08:00 ] NOTIC: [8] Undefined variable: session ceba147c5c0bb5c55444210a46206ea2.php 第 12 行.
[ 2012-08-12T22:09:35+08:00 ] SQL: SHOW COLUMNS FROM `efu_section` [ RunTime:0.006846s ]
[ 2012-08-12T22:09:35+08:00 ] SQL: SELECT * FROM `efu_section` WHERE status = 1 ORDER BY ordering ASC [ RunTime:0.007420s ]
[ 2012-08-12T22:09:35+08:00 ] NOTIC: [8] Undefined variable: session ceba147c5c0bb5c55444210a46206ea2.php 第 12 行.
[ 2012-08-12T22:09:36+08:00 ] SQL: SHOW COLUMNS FROM `efu_section` [ RunTime:0.006181s ]
[ 2012-08-12T22:09:36+08:00 ] SQL: SELECT * FROM `efu_section` WHERE status = 1 ORDER BY ordering ASC [ RunTime:0.006173s ]
[ 2012-08-12T22:09:36+08:00 ] NOTIC: [8] Undefined variable: session ceba147c5c0bb5c55444210a46206ea2.php 第 12 行.
[ 2012-08-12T22:10:02+08:00 ] SQL: SHOW COLUMNS FROM `efu_section` [ RunTime:0.006056s ]
[ 2012-08-12T22:10:02+08:00 ] SQL: SELECT * FROM `efu_section` WHERE status = 1 ORDER BY ordering ASC [ RunTime:0.007631s ]
[ 2012-08-12T22:10:02+08:00 ] NOTIC: [8] Undefined variable: session ceba147c5c0bb5c55444210a46206ea2.php 第 12 行.
[ 2012-08-12T22:10:04+08:00 ] SQL: SHOW COLUMNS FROM `efu_section` [ RunTime:0.006008s ]
[ 2012-08-12T22:10:04+08:00 ] SQL: SELECT * FROM `efu_section` WHERE status = 1 ORDER BY ordering ASC [ RunTime:0.006303s ]
[ 2012-08-12T22:10:04+08:00 ] NOTIC: [8] Undefined variable: session ceba147c5c0bb5c55444210a46206ea2.php 第 12 行.
[ 2012-08-12T22:10:12+08:00 ] SQL: SHOW COLUMNS FROM `efu_section` [ RunTime:0.006240s ]
[ 2012-08-12T22:10:12+08:00 ] SQL: SELECT * FROM `efu_section` WHERE status = 1 ORDER BY ordering ASC [ RunTime:0.006204s ]
[ 2012-08-12T22:10:12+08:00 ] NOTIC: [8] Undefined variable: session ceba147c5c0bb5c55444210a46206ea2.php 第 12 行.
[ 2012-08-12T22:10:13+08:00 ] SQL: SHOW COLUMNS FROM `efu_section` [ RunTime:0.006127s ]
[ 2012-08-12T22:10:13+08:00 ] SQL: SELECT * FROM `efu_section` WHERE status = 1 ORDER BY ordering ASC [ RunTime:0.007209s ]
[ 2012-08-12T22:10:13+08:00 ] NOTIC: [8] Undefined variable: session ceba147c5c0bb5c55444210a46206ea2.php 第 12 行.
[ 2012-08-12T22:10:14+08:00 ] SQL: SHOW COLUMNS FROM `efu_section` [ RunTime:0.005981s ]
[ 2012-08-12T22:10:14+08:00 ] SQL: SELECT * FROM `efu_section` WHERE status = 1 ORDER BY ordering ASC [ RunTime:0.006708s ]
[ 2012-08-12T22:10:14+08:00 ] NOTIC: [8] Undefined variable: session ceba147c5c0bb5c55444210a46206ea2.php 第 12 行.
[ 2012-08-12T22:10:14+08:00 ] SQL: SHOW COLUMNS FROM `efu_section` [ RunTime:0.007143s ]
[ 2012-08-12T22:10:14+08:00 ] SQL: SELECT * FROM `efu_section` WHERE status = 1 ORDER BY ordering ASC [ RunTime:0.007019s ]
[ 2012-08-12T22:10:14+08:00 ] NOTIC: [8] Undefined variable: session ceba147c5c0bb5c55444210a46206ea2.php 第 12 行.
[ 2012-08-12T22:10:16+08:00 ] SQL: SHOW COLUMNS FROM `efu_section` [ RunTime:0.006108s ]
[ 2012-08-12T22:10:16+08:00 ] SQL: SELECT * FROM `efu_section` WHERE status = 1 ORDER BY ordering ASC [ RunTime:0.006813s ]
[ 2012-08-12T22:10:16+08:00 ] NOTIC: [8] Undefined variable: session ceba147c5c0bb5c55444210a46206ea2.php 第 12 行.
[ 2012-08-12T22:10:59+08:00 ] SQL: SHOW COLUMNS FROM `efu_section` [ RunTime:0.006284s ]
[ 2012-08-12T22:10:59+08:00 ] SQL: SELECT * FROM `efu_section` WHERE status = 1 ORDER BY ordering ASC [ RunTime:0.006566s ]
[ 2012-08-12T22:10:59+08:00 ] NOTIC: [8] Undefined variable: session ceba147c5c0bb5c55444210a46206ea2.php 第 12 行.
[ 2012-08-12T22:11:00+08:00 ] SQL: SHOW COLUMNS FROM `efu_section` [ RunTime:0.006161s ]
[ 2012-08-12T22:11:00+08:00 ] SQL: SELECT * FROM `efu_section` WHERE status = 1 ORDER BY ordering ASC [ RunTime:0.008463s ]
[ 2012-08-12T22:11:00+08:00 ] NOTIC: [8] Undefined variable: session ceba147c5c0bb5c55444210a46206ea2.php 第 12 行.
[ 2012-08-12T22:11:25+08:00 ] SQL: SHOW COLUMNS FROM `efu_section` [ RunTime:0.006004s ]
[ 2012-08-12T22:11:25+08:00 ] SQL: SELECT * FROM `efu_section` WHERE status = 1 ORDER BY ordering ASC [ RunTime:0.006951s ]
[ 2012-08-12T22:11:25+08:00 ] NOTIC: [8] Undefined variable: session ceba147c5c0bb5c55444210a46206ea2.php 第 12 行.
[ 2012-08-12T22:11:26+08:00 ] SQL: SHOW COLUMNS FROM `efu_section` [ RunTime:0.003772s ]
[ 2012-08-12T22:11:26+08:00 ] SQL: SELECT * FROM `efu_section` WHERE status = 1 ORDER BY ordering ASC [ RunTime:0.003964s ]
[ 2012-08-12T22:11:26+08:00 ] NOTIC: [8] Undefined variable: session ceba147c5c0bb5c55444210a46206ea2.php 第 12 行.
[ 2012-08-12T22:11:44+08:00 ] SQL: SHOW COLUMNS FROM `efu_section` [ RunTime:0.006808s ]
[ 2012-08-12T22:11:44+08:00 ] SQL: SELECT * FROM `efu_section` WHERE status = 1 ORDER BY ordering ASC [ RunTime:0.008123s ]
[ 2012-08-12T22:11:44+08:00 ] NOTIC: [8] Undefined variable: session ceba147c5c0bb5c55444210a46206ea2.php 第 12 行.
[ 2012-08-12T22:11:44+08:00 ] SQL: SHOW COLUMNS FROM `efu_section` [ RunTime:0.003997s ]
[ 2012-08-12T22:11:44+08:00 ] SQL: SELECT * FROM `efu_section` WHERE status = 1 ORDER BY ordering ASC [ RunTime:0.004115s ]
[ 2012-08-12T22:11:44+08:00 ] NOTIC: [8] Undefined variable: session ceba147c5c0bb5c55444210a46206ea2.php 第 12 行.
[ 2012-08-12T22:11:53+08:00 ] SQL: SHOW COLUMNS FROM `efu_section` [ RunTime:0.006015s ]
[ 2012-08-12T22:11:53+08:00 ] SQL: SELECT * FROM `efu_section` WHERE status = 1 ORDER BY ordering ASC [ RunTime:0.007209s ]
[ 2012-08-12T22:11:53+08:00 ] NOTIC: [8] Undefined variable: session ceba147c5c0bb5c55444210a46206ea2.php 第 12 行.
[ 2012-08-12T22:11:56+08:00 ] SQL: SHOW COLUMNS FROM `efu_section` [ RunTime:0.005986s ]
[ 2012-08-12T22:11:56+08:00 ] SQL: SELECT * FROM `efu_section` WHERE status = 1 ORDER BY ordering ASC [ RunTime:0.007836s ]
[ 2012-08-12T22:11:56+08:00 ] NOTIC: [8] Undefined variable: session ceba147c5c0bb5c55444210a46206ea2.php 第 12 行.
[ 2012-08-12T22:11:57+08:00 ] SQL: SHOW COLUMNS FROM `efu_section` [ RunTime:0.006071s ]
[ 2012-08-12T22:11:57+08:00 ] SQL: SELECT * FROM `efu_section` WHERE status = 1 ORDER BY ordering ASC [ RunTime:0.006755s ]
[ 2012-08-12T22:11:57+08:00 ] NOTIC: [8] Undefined variable: session ceba147c5c0bb5c55444210a46206ea2.php 第 12 行.
[ 2012-08-12T22:16:41+08:00 ] SQL: SHOW COLUMNS FROM `efu_section` [ RunTime:0.006444s ]
[ 2012-08-12T22:16:41+08:00 ] SQL: SELECT * FROM `efu_section` WHERE status = 1 ORDER BY ordering ASC [ RunTime:0.006886s ]
[ 2012-08-12T22:16:49+08:00 ] SQL: SHOW COLUMNS FROM `efu_section` [ RunTime:0.006680s ]
[ 2012-08-12T22:16:49+08:00 ] SQL: SELECT * FROM `efu_section` WHERE status = 1 ORDER BY ordering ASC [ RunTime:0.006505s ]
[ 2012-08-12T22:17:14+08:00 ] SQL: SHOW COLUMNS FROM `efu_section` [ RunTime:0.006328s ]
[ 2012-08-12T22:17:15+08:00 ] SQL: SELECT * FROM `efu_section` WHERE status = 1 ORDER BY ordering ASC [ RunTime:0.008827s ]
[ 2012-08-12T22:17:15+08:00 ] SQL: SHOW COLUMNS FROM `efu_section` [ RunTime:0.004206s ]
[ 2012-08-12T22:17:15+08:00 ] SQL: SELECT * FROM `efu_section` WHERE status = 1 ORDER BY ordering ASC [ RunTime:0.004126s ]
[ 2012-08-12T22:17:17+08:00 ] SQL: SHOW COLUMNS FROM `efu_section` [ RunTime:0.006307s ]
[ 2012-08-12T22:17:17+08:00 ] SQL: SELECT * FROM `efu_section` WHERE status = 1 ORDER BY ordering ASC [ RunTime:0.007012s ]
[ 2012-08-12T22:17:18+08:00 ] SQL: SHOW COLUMNS FROM `efu_section` [ RunTime:0.006034s ]
[ 2012-08-12T22:17:18+08:00 ] SQL: SELECT * FROM `efu_section` WHERE status = 1 ORDER BY ordering ASC [ RunTime:0.007095s ]
[ 2012-08-12T22:19:30+08:00 ] SQL: SHOW COLUMNS FROM `efu_section` [ RunTime:0.055570s ]
[ 2012-08-12T22:19:30+08:00 ] SQL: SELECT * FROM `efu_section` WHERE status = 1 ORDER BY ordering ASC [ RunTime:0.007300s ]
[ 2012-08-12T22:19:32+08:00 ] SQL: SHOW COLUMNS FROM `efu_section` [ RunTime:0.006506s ]
[ 2012-08-12T22:19:32+08:00 ] SQL: SELECT * FROM `efu_section` WHERE status = 1 ORDER BY ordering ASC [ RunTime:0.006666s ]
[ 2012-08-12T22:19:49+08:00 ] SQL: SHOW COLUMNS FROM `efu_section` [ RunTime:0.006327s ]
[ 2012-08-12T22:19:49+08:00 ] SQL: SELECT * FROM `efu_section` WHERE status = 1 ORDER BY ordering ASC [ RunTime:0.007506s ]
[ 2012-08-12T22:19:50+08:00 ] SQL: SHOW COLUMNS FROM `efu_section` [ RunTime:0.006271s ]
[ 2012-08-12T22:19:50+08:00 ] SQL: SELECT * FROM `efu_section` WHERE status = 1 ORDER BY ordering ASC [ RunTime:0.006508s ]
[ 2012-08-12T22:20:00+08:00 ] SQL: SHOW COLUMNS FROM `efu_section` [ RunTime:0.006875s ]
[ 2012-08-12T22:20:00+08:00 ] SQL: SELECT * FROM `efu_section` WHERE status = 1 ORDER BY ordering ASC [ RunTime:0.007545s ]
[ 2012-08-12T22:23:27+08:00 ] SQL: SHOW COLUMNS FROM `efu_section` [ RunTime:0.006897s ]
[ 2012-08-12T22:23:27+08:00 ] SQL: SELECT * FROM `efu_section` WHERE status = 1 ORDER BY ordering ASC [ RunTime:0.006482s ]
[ 2012-08-12T22:24:52+08:00 ] SQL: SHOW COLUMNS FROM `efu_section` [ RunTime:0.003756s ]
[ 2012-08-12T22:24:52+08:00 ] SQL: SELECT * FROM `efu_section` WHERE status = 1 ORDER BY ordering ASC [ RunTime:0.004023s ]
[ 2012-08-12T22:24:53+08:00 ] SQL: SHOW COLUMNS FROM `efu_section` [ RunTime:0.006640s ]
[ 2012-08-12T22:24:53+08:00 ] SQL: SELECT * FROM `efu_section` WHERE status = 1 ORDER BY ordering ASC [ RunTime:0.006751s ]
[ 2012-08-12T22:24:53+08:00 ] SQL: SHOW COLUMNS FROM `efu_section` [ RunTime:0.003836s ]
[ 2012-08-12T22:24:53+08:00 ] SQL: SELECT * FROM `efu_section` WHERE status = 1 ORDER BY ordering ASC [ RunTime:0.004152s ]
[ 2012-08-12T22:24:54+08:00 ] SQL: SHOW COLUMNS FROM `efu_section` [ RunTime:0.006924s ]
[ 2012-08-12T22:24:54+08:00 ] SQL: SELECT * FROM `efu_section` WHERE status = 1 ORDER BY ordering ASC [ RunTime:0.065581s ]
[ 2012-08-12T22:25:38+08:00 ] SQL: SHOW COLUMNS FROM `efu_section` [ RunTime:0.007968s ]
[ 2012-08-12T22:25:38+08:00 ] SQL: SELECT * FROM `efu_section` WHERE status = 1 ORDER BY ordering ASC [ RunTime:0.006443s ]
[ 2012-08-12T22:26:08+08:00 ] SQL: SHOW COLUMNS FROM `efu_section` [ RunTime:0.006300s ]
[ 2012-08-12T22:26:08+08:00 ] SQL: SELECT * FROM `efu_section` WHERE status = 1 ORDER BY ordering ASC [ RunTime:0.008304s ]
[ 2012-08-12T22:26:51+08:00 ] SQL: SHOW COLUMNS FROM `efu_section` [ RunTime:0.006024s ]
[ 2012-08-12T22:26:51+08:00 ] SQL: SELECT * FROM `efu_section` WHERE status = 1 ORDER BY ordering ASC [ RunTime:0.006351s ]
[ 2012-08-12T22:27:34+08:00 ] SQL: SHOW COLUMNS FROM `efu_section` [ RunTime:0.006530s ]
[ 2012-08-12T22:27:34+08:00 ] SQL: SELECT * FROM `efu_section` WHERE status = 1 ORDER BY ordering ASC [ RunTime:0.007341s ]
[ 2012-08-12T22:27:35+08:00 ] SQL: SHOW COLUMNS FROM `efu_section` [ RunTime:0.006079s ]
[ 2012-08-12T22:27:35+08:00 ] SQL: SELECT * FROM `efu_section` WHERE status = 1 ORDER BY ordering ASC [ RunTime:0.006606s ]
[ 2012-08-12T22:28:11+08:00 ] SQL: SHOW COLUMNS FROM `efu_section` [ RunTime:0.006761s ]
[ 2012-08-12T22:28:11+08:00 ] SQL: SELECT * FROM `efu_section` WHERE status = 1 ORDER BY ordering ASC [ RunTime:0.006466s ]
[ 2012-08-12T22:28:34+08:00 ] SQL: SHOW COLUMNS FROM `efu_section` [ RunTime:0.006785s ]
[ 2012-08-12T22:28:34+08:00 ] SQL: SELECT * FROM `efu_section` WHERE status = 1 ORDER BY ordering ASC [ RunTime:0.008243s ]
[ 2012-08-12T22:28:52+08:00 ] SQL: SHOW COLUMNS FROM `efu_section` [ RunTime:0.016752s ]
[ 2012-08-12T22:28:52+08:00 ] SQL: SELECT * FROM `efu_section` WHERE status = 1 ORDER BY ordering ASC [ RunTime:0.007129s ]
[ 2012-08-12T22:30:07+08:00 ] SQL: SHOW COLUMNS FROM `efu_section` [ RunTime:0.006942s ]
[ 2012-08-12T22:30:07+08:00 ] SQL: SELECT * FROM `efu_section` WHERE status = 1 ORDER BY ordering ASC [ RunTime:0.006864s ]
[ 2012-08-12T22:30:48+08:00 ] SQL: SHOW COLUMNS FROM `efu_section` [ RunTime:0.006110s ]
[ 2012-08-12T22:30:48+08:00 ] SQL: SELECT * FROM `efu_section` WHERE status = 1 ORDER BY ordering ASC [ RunTime:0.008348s ]
[ 2012-08-12T22:31:12+08:00 ] SQL: SHOW COLUMNS FROM `efu_section` [ RunTime:0.003688s ]
[ 2012-08-12T22:31:12+08:00 ] SQL: SELECT * FROM `efu_section` WHERE status = 1 ORDER BY ordering ASC [ RunTime:0.006340s ]
[ 2012-08-12T22:32:02+08:00 ] SQL: SHOW COLUMNS FROM `efu_section` [ RunTime:0.007579s ]
[ 2012-08-12T22:32:02+08:00 ] SQL: SELECT * FROM `efu_section` WHERE status = 1 ORDER BY ordering ASC [ RunTime:0.007712s ]
[ 2012-08-12T22:32:34+08:00 ] SQL: SHOW COLUMNS FROM `efu_section` [ RunTime:0.006129s ]
[ 2012-08-12T22:32:34+08:00 ] SQL: SELECT * FROM `efu_section` WHERE status = 1 ORDER BY ordering ASC [ RunTime:0.007016s ]
[ 2012-08-12T22:32:56+08:00 ] SQL: SHOW COLUMNS FROM `efu_section` [ RunTime:0.006195s ]
[ 2012-08-12T22:32:56+08:00 ] SQL: SELECT * FROM `efu_section` WHERE status = 1 ORDER BY ordering ASC [ RunTime:0.007392s ]
[ 2012-08-12T22:33:14+08:00 ] SQL: SHOW COLUMNS FROM `efu_section` [ RunTime:0.007424s ]
[ 2012-08-12T22:33:14+08:00 ] SQL: SELECT * FROM `efu_section` WHERE status = 1 ORDER BY ordering ASC [ RunTime:0.006766s ]
[ 2012-08-12T22:33:36+08:00 ] SQL: SHOW COLUMNS FROM `efu_section` [ RunTime:0.005906s ]
[ 2012-08-12T22:33:36+08:00 ] SQL: SELECT * FROM `efu_section` WHERE status = 1 ORDER BY ordering ASC [ RunTime:0.007132s ]
[ 2012-08-12T22:34:13+08:00 ] SQL: SHOW COLUMNS FROM `efu_section` [ RunTime:0.008469s ]
[ 2012-08-12T22:34:13+08:00 ] SQL: SELECT * FROM `efu_section` WHERE status = 1 ORDER BY ordering ASC [ RunTime:0.007296s ]
[ 2012-08-12T22:34:27+08:00 ] SQL: SHOW COLUMNS FROM `efu_section` [ RunTime:0.003698s ]
[ 2012-08-12T22:34:27+08:00 ] SQL: SELECT * FROM `efu_section` WHERE status = 1 ORDER BY ordering ASC [ RunTime:0.003779s ]
[ 2012-08-12T22:34:40+08:00 ] SQL: SHOW COLUMNS FROM `efu_section` [ RunTime:0.006688s ]
[ 2012-08-12T22:34:40+08:00 ] SQL: SELECT * FROM `efu_section` WHERE status = 1 ORDER BY ordering ASC [ RunTime:0.006350s ]
[ 2012-08-12T22:34:53+08:00 ] SQL: SHOW COLUMNS FROM `efu_section` [ RunTime:0.006649s ]
[ 2012-08-12T22:34:53+08:00 ] SQL: SELECT * FROM `efu_section` WHERE status = 1 ORDER BY ordering ASC [ RunTime:0.006650s ]
[ 2012-08-12T22:35:25+08:00 ] SQL: SHOW COLUMNS FROM `efu_section` [ RunTime:0.006450s ]
[ 2012-08-12T22:35:25+08:00 ] SQL: SELECT * FROM `efu_section` WHERE status = 1 ORDER BY ordering ASC [ RunTime:0.006462s ]
[ 2012-08-12T22:37:47+08:00 ] SQL: SHOW COLUMNS FROM `efu_section` [ RunTime:0.006995s ]
[ 2012-08-12T22:37:47+08:00 ] SQL: SELECT * FROM `efu_section` WHERE status = 1 ORDER BY ordering ASC [ RunTime:0.007583s ]
[ 2012-08-12T22:38:18+08:00 ] SQL: SHOW COLUMNS FROM `efu_section` [ RunTime:0.007780s ]
[ 2012-08-12T22:38:18+08:00 ] SQL: SELECT * FROM `efu_section` WHERE status = 1 ORDER BY ordering ASC [ RunTime:0.006452s ]
[ 2012-08-12T22:40:41+08:00 ] SQL: SHOW COLUMNS FROM `efu_section` [ RunTime:0.006171s ]
[ 2012-08-12T22:40:41+08:00 ] SQL: SELECT * FROM `efu_section` WHERE status = 1 ORDER BY ordering ASC [ RunTime:0.006701s ]
[ 2012-08-12T22:40:59+08:00 ] SQL: SHOW COLUMNS FROM `efu_section` [ RunTime:0.004462s ]
[ 2012-08-12T22:40:59+08:00 ] SQL: SELECT * FROM `efu_section` WHERE status = 1 ORDER BY ordering ASC [ RunTime:0.004578s ]
[ 2012-08-12T22:41:51+08:00 ] SQL: SHOW COLUMNS FROM `efu_section` [ RunTime:0.006523s ]
[ 2012-08-12T22:41:51+08:00 ] SQL: SELECT * FROM `efu_section` WHERE status = 1 ORDER BY ordering ASC [ RunTime:0.006563s ]
[ 2012-08-12T22:42:21+08:00 ] SQL: SHOW COLUMNS FROM `efu_section` [ RunTime:0.006859s ]
[ 2012-08-12T22:42:21+08:00 ] SQL: SELECT * FROM `efu_section` WHERE status = 1 ORDER BY ordering ASC [ RunTime:0.006814s ]
[ 2012-08-12T22:43:09+08:00 ] SQL: SHOW COLUMNS FROM `efu_section` [ RunTime:0.006303s ]
[ 2012-08-12T22:43:09+08:00 ] SQL: SELECT * FROM `efu_section` WHERE status = 1 ORDER BY ordering ASC [ RunTime:0.006429s ]
[ 2012-08-12T22:43:51+08:00 ] SQL: SHOW COLUMNS FROM `efu_section` [ RunTime:0.006254s ]
[ 2012-08-12T22:43:51+08:00 ] SQL: SELECT * FROM `efu_section` WHERE status = 1 ORDER BY ordering ASC [ RunTime:0.006608s ]
[ 2012-08-12T22:44:07+08:00 ] SQL: SHOW COLUMNS FROM `efu_section` [ RunTime:0.006577s ]
[ 2012-08-12T22:44:07+08:00 ] SQL: SELECT * FROM `efu_section` WHERE status = 1 ORDER BY ordering ASC [ RunTime:0.007335s ]
[ 2012-08-12T22:44:36+08:00 ] SQL: SHOW COLUMNS FROM `efu_section` [ RunTime:0.007113s ]
[ 2012-08-12T22:44:36+08:00 ] SQL: SELECT * FROM `efu_section` WHERE status = 1 ORDER BY ordering ASC [ RunTime:0.007172s ]
[ 2012-08-12T22:45:15+08:00 ] SQL: SHOW COLUMNS FROM `efu_section` [ RunTime:0.006160s ]
[ 2012-08-12T22:45:15+08:00 ] SQL: SELECT * FROM `efu_section` WHERE status = 1 ORDER BY ordering ASC [ RunTime:0.007054s ]
[ 2012-08-12T22:46:10+08:00 ] SQL: SHOW COLUMNS FROM `efu_section` [ RunTime:0.007011s ]
[ 2012-08-12T22:46:10+08:00 ] SQL: SELECT * FROM `efu_section` WHERE status = 1 ORDER BY ordering ASC [ RunTime:0.007388s ]
[ 2012-08-12T22:46:21+08:00 ] SQL: SHOW COLUMNS FROM `efu_section` [ RunTime:0.006262s ]
[ 2012-08-12T22:46:21+08:00 ] SQL: SELECT * FROM `efu_section` WHERE status = 1 ORDER BY ordering ASC [ RunTime:0.007329s ]
[ 2012-08-12T22:46:33+08:00 ] SQL: SHOW COLUMNS FROM `efu_section` [ RunTime:0.006059s ]
[ 2012-08-12T22:46:33+08:00 ] SQL: SELECT * FROM `efu_section` WHERE status = 1 ORDER BY ordering ASC [ RunTime:0.006445s ]
[ 2012-08-12T22:46:51+08:00 ] SQL: SHOW COLUMNS FROM `efu_section` [ RunTime:0.006582s ]
[ 2012-08-12T22:46:51+08:00 ] SQL: SELECT * FROM `efu_section` WHERE status = 1 ORDER BY ordering ASC [ RunTime:0.008278s ]
[ 2012-08-12T22:47:03+08:00 ] SQL: SHOW COLUMNS FROM `efu_section` [ RunTime:0.007391s ]
[ 2012-08-12T22:47:03+08:00 ] SQL: SELECT * FROM `efu_section` WHERE status = 1 ORDER BY ordering ASC [ RunTime:0.009185s ]
[ 2012-08-12T22:47:32+08:00 ] SQL: SHOW COLUMNS FROM `efu_section` [ RunTime:0.006377s ]
[ 2012-08-12T22:47:32+08:00 ] SQL: SELECT * FROM `efu_section` WHERE status = 1 ORDER BY ordering ASC [ RunTime:0.007774s ]
[ 2012-08-12T22:47:49+08:00 ] SQL: SHOW COLUMNS FROM `efu_section` [ RunTime:0.005972s ]
[ 2012-08-12T22:47:49+08:00 ] SQL: SELECT * FROM `efu_section` WHERE status = 1 ORDER BY ordering ASC [ RunTime:0.007428s ]
[ 2012-08-12T22:48:08+08:00 ] SQL: SHOW COLUMNS FROM `efu_section` [ RunTime:0.006076s ]
[ 2012-08-12T22:48:08+08:00 ] SQL: SELECT * FROM `efu_section` WHERE status = 1 ORDER BY ordering ASC [ RunTime:0.007365s ]
[ 2012-08-12T22:48:24+08:00 ] SQL: SHOW COLUMNS FROM `efu_section` [ RunTime:0.006873s ]
[ 2012-08-12T22:48:24+08:00 ] SQL: SELECT * FROM `efu_section` WHERE status = 1 ORDER BY ordering ASC [ RunTime:0.008600s ]
[ 2012-08-12T22:48:53+08:00 ] SQL: SHOW COLUMNS FROM `efu_content` [ RunTime:0.008221s ]
[ 2012-08-12T22:48:53+08:00 ] SQL: SHOW COLUMNS FROM `efu_section` [ RunTime:0.009474s ]
[ 2012-08-12T22:48:53+08:00 ] SQL: SELECT * FROM `efu_content` WHERE status = 1 and sectionid = 4 [ RunTime:0.008351s ]
[ 2012-08-12T22:48:53+08:00 ] SQL: SELECT * FROM `efu_section` WHERE ( `id` = '4' ) LIMIT 1  [ RunTime:0.000530s ]
[ 2012-08-12T22:48:57+08:00 ] SQL: SHOW COLUMNS FROM `efu_content` [ RunTime:0.006329s ]
[ 2012-08-12T22:48:57+08:00 ] SQL: SHOW COLUMNS FROM `efu_section` [ RunTime:0.008427s ]
[ 2012-08-12T22:48:57+08:00 ] SQL: SELECT * FROM `efu_content` WHERE status = 1 and sectionid = 3 [ RunTime:0.006363s ]
[ 2012-08-12T22:48:57+08:00 ] SQL: SELECT * FROM `efu_section` WHERE ( `id` = '3' ) LIMIT 1  [ RunTime:0.000344s ]
[ 2012-08-12T22:49:00+08:00 ] SQL: SHOW COLUMNS FROM `efu_content` [ RunTime:0.006428s ]
[ 2012-08-12T22:49:00+08:00 ] SQL: SHOW COLUMNS FROM `efu_section` [ RunTime:0.008269s ]
[ 2012-08-12T22:49:00+08:00 ] SQL: SELECT * FROM `efu_content` WHERE status = 1 and sectionid = 1 [ RunTime:0.006726s ]
[ 2012-08-12T22:49:00+08:00 ] SQL: SELECT * FROM `efu_section` WHERE ( `id` = '1' ) LIMIT 1  [ RunTime:0.000344s ]
[ 2012-08-12T22:49:06+08:00 ] SQL: SHOW COLUMNS FROM `efu_content` [ RunTime:0.006702s ]
[ 2012-08-12T22:49:06+08:00 ] SQL: SHOW COLUMNS FROM `efu_section` [ RunTime:0.010475s ]
[ 2012-08-12T22:49:06+08:00 ] SQL: SELECT * FROM `efu_content` WHERE status = 1 and sectionid = 1 [ RunTime:0.009337s ]
[ 2012-08-12T22:49:06+08:00 ] SQL: SELECT * FROM `efu_section` WHERE ( `id` = '1' ) LIMIT 1  [ RunTime:0.000346s ]
[ 2012-08-12T22:49:22+08:00 ] SQL: SHOW COLUMNS FROM `efu_section` [ RunTime:0.006724s ]
[ 2012-08-12T22:49:22+08:00 ] SQL: SELECT * FROM `efu_section` WHERE status = 1 ORDER BY ordering ASC [ RunTime:0.007803s ]
[ 2012-08-12T22:49:52+08:00 ] SQL: SHOW COLUMNS FROM `efu_section` [ RunTime:0.003903s ]
[ 2012-08-12T22:49:52+08:00 ] SQL: SELECT * FROM `efu_section` WHERE status = 1 ORDER BY ordering ASC [ RunTime:0.004762s ]
[ 2012-08-12T22:51:21+08:00 ] SQL: SHOW COLUMNS FROM `efu_section` [ RunTime:0.006642s ]
[ 2012-08-12T22:51:21+08:00 ] SQL: SELECT * FROM `efu_section` WHERE status = 1 ORDER BY ordering ASC [ RunTime:0.007453s ]
[ 2012-08-12T22:51:37+08:00 ] SQL: SHOW COLUMNS FROM `efu_section` [ RunTime:0.008063s ]
[ 2012-08-12T22:51:37+08:00 ] SQL: SELECT * FROM `efu_section` WHERE status = 1 ORDER BY ordering ASC [ RunTime:0.006533s ]
[ 2012-08-12T22:52:02+08:00 ] SQL: SHOW COLUMNS FROM `efu_section` [ RunTime:0.006006s ]
[ 2012-08-12T22:52:02+08:00 ] SQL: SELECT * FROM `efu_section` WHERE status = 1 ORDER BY ordering ASC [ RunTime:0.007134s ]
[ 2012-08-12T22:54:10+08:00 ] SQL: SHOW COLUMNS FROM `efu_section` [ RunTime:0.006314s ]
[ 2012-08-12T22:54:10+08:00 ] SQL: SELECT * FROM `efu_section` WHERE status = 1 ORDER BY ordering ASC [ RunTime:0.008515s ]
[ 2012-08-12T22:54:12+08:00 ] SQL: SHOW COLUMNS FROM `efu_content` [ RunTime:0.007021s ]
[ 2012-08-12T22:54:12+08:00 ] SQL: SHOW COLUMNS FROM `efu_section` [ RunTime:0.008874s ]
[ 2012-08-12T22:54:12+08:00 ] SQL: SELECT * FROM `efu_content` WHERE status = 1 and sectionid = 1 [ RunTime:0.006433s ]
[ 2012-08-12T22:54:12+08:00 ] SQL: SELECT * FROM `efu_section` WHERE ( `id` = '1' ) LIMIT 1  [ RunTime:0.000431s ]
[ 2012-08-12T22:54:52+08:00 ] SQL: SHOW COLUMNS FROM `efu_content` [ RunTime:0.008221s ]
[ 2012-08-12T22:54:52+08:00 ] SQL: SHOW COLUMNS FROM `efu_section` [ RunTime:0.009108s ]
[ 2012-08-12T22:54:52+08:00 ] SQL: SELECT * FROM `efu_content` WHERE status = 1 and sectionid = 1 [ RunTime:0.006985s ]
[ 2012-08-12T22:54:52+08:00 ] SQL: SELECT * FROM `efu_section` WHERE ( `id` = '1' ) LIMIT 1  [ RunTime:0.000507s ]
[ 2012-08-12T22:54:55+08:00 ] SQL: SHOW COLUMNS FROM `efu_content` [ RunTime:0.006670s ]
[ 2012-08-12T22:54:55+08:00 ] SQL: SELECT * FROM `efu_content` WHERE ( `id` = '1' ) LIMIT 1  [ RunTime:0.006448s ]
[ 2012-08-12T22:54:55+08:00 ] NOTIC: [8] Undefined variable: section 1cbd9cf0f844b26118cfb0850fc8ac12.php 第 12 行.
[ 2012-08-12T22:56:14+08:00 ] SQL: SHOW COLUMNS FROM `efu_section` [ RunTime:0.007068s ]
[ 2012-08-12T22:56:14+08:00 ] SQL: SELECT * FROM `efu_section` WHERE status = 1 ORDER BY ordering ASC [ RunTime:0.006400s ]
[ 2012-08-12T22:56:15+08:00 ] SQL: SHOW COLUMNS FROM `efu_section` [ RunTime:0.003841s ]
[ 2012-08-12T22:56:15+08:00 ] SQL: SELECT * FROM `efu_section` WHERE status = 1 ORDER BY ordering ASC [ RunTime:0.004594s ]
[ 2012-08-12T22:59:35+08:00 ] SQL: SHOW COLUMNS FROM `efu_section` [ RunTime:0.006220s ]
[ 2012-08-12T22:59:35+08:00 ] SQL: SELECT * FROM `efu_section` WHERE status = 1 ORDER BY ordering ASC [ RunTime:0.006509s ]
[ 2012-08-12T22:59:35+08:00 ] SQL: SHOW COLUMNS FROM `efu_section` [ RunTime:0.003735s ]
[ 2012-08-12T22:59:35+08:00 ] SQL: SELECT * FROM `efu_section` WHERE status = 1 ORDER BY ordering ASC [ RunTime:0.004205s ]
[ 2012-08-12T22:59:36+08:00 ] SQL: SHOW COLUMNS FROM `efu_section` [ RunTime:0.066581s ]
[ 2012-08-12T22:59:36+08:00 ] SQL: SELECT * FROM `efu_section` WHERE status = 1 ORDER BY ordering ASC [ RunTime:0.005749s ]
[ 2012-08-12T22:59:37+08:00 ] SQL: SHOW COLUMNS FROM `efu_section` [ RunTime:0.003741s ]
[ 2012-08-12T22:59:37+08:00 ] SQL: SELECT * FROM `efu_section` WHERE status = 1 ORDER BY ordering ASC [ RunTime:0.003572s ]
[ 2012-08-12T22:59:43+08:00 ] SQL: SHOW COLUMNS FROM `efu_section` [ RunTime:0.006161s ]
[ 2012-08-12T22:59:43+08:00 ] SQL: SELECT * FROM `efu_section` WHERE status = 1 ORDER BY ordering ASC [ RunTime:0.006762s ]
[ 2012-08-12T22:59:44+08:00 ] SQL: SHOW COLUMNS FROM `efu_section` [ RunTime:0.003634s ]
[ 2012-08-12T22:59:44+08:00 ] SQL: SELECT * FROM `efu_section` WHERE status = 1 ORDER BY ordering ASC [ RunTime:0.003958s ]
[ 2012-08-12T22:59:44+08:00 ] SQL: SHOW COLUMNS FROM `efu_section` [ RunTime:0.006930s ]
[ 2012-08-12T22:59:44+08:00 ] SQL: SELECT * FROM `efu_section` WHERE status = 1 ORDER BY ordering ASC [ RunTime:0.006624s ]
[ 2012-08-12T22:59:44+08:00 ] SQL: SHOW COLUMNS FROM `efu_section` [ RunTime:0.003611s ]
[ 2012-08-12T22:59:44+08:00 ] SQL: SELECT * FROM `efu_section` WHERE status = 1 ORDER BY ordering ASC [ RunTime:0.004352s ]
[ 2012-08-12T22:59:45+08:00 ] SQL: SHOW COLUMNS FROM `efu_section` [ RunTime:0.003672s ]
[ 2012-08-12T22:59:45+08:00 ] SQL: SELECT * FROM `efu_section` WHERE status = 1 ORDER BY ordering ASC [ RunTime:0.004613s ]
