[ 2012-08-13T20:46:25+08:00 ] SQL: SHOW COLUMNS FROM `efu_section` [ RunTime:0.163159s ]
[ 2012-08-13T20:46:25+08:00 ] SQL: SELECT * FROM `efu_section` WHERE status = 1 ORDER BY ordering ASC [ RunTime:0.074622s ]
[ 2012-08-13T20:48:22+08:00 ] SQL: SHOW COLUMNS FROM `efu_content` [ RunTime:0.105426s ]
[ 2012-08-13T20:48:22+08:00 ] SQL: SHOW COLUMNS FROM `efu_section` [ RunTime:0.007728s ]
[ 2012-08-13T20:48:22+08:00 ] SQL: SELECT * FROM `efu_content` WHERE status = 1 and sectionid = 1 [ RunTime:0.005302s ]
[ 2012-08-13T20:48:22+08:00 ] SQL: SELECT * FROM `efu_section` WHERE ( `id` = '1' ) LIMIT 1  [ RunTime:0.028467s ]
[ 2012-08-13T20:48:26+08:00 ] SQL: SHOW COLUMNS FROM `efu_content` [ RunTime:0.006571s ]
[ 2012-08-13T20:48:26+08:00 ] SQL: SHOW COLUMNS FROM `efu_section` [ RunTime:0.007698s ]
[ 2012-08-13T20:48:26+08:00 ] SQL: SELECT * FROM `efu_content` WHERE status = 1 and sectionid = 2 [ RunTime:0.006126s ]
[ 2012-08-13T20:48:26+08:00 ] SQL: SELECT * FROM `efu_section` WHERE ( `id` = '2' ) LIMIT 1  [ RunTime:0.000447s ]
[ 2012-08-13T21:11:31+08:00 ] SQL: SHOW COLUMNS FROM `efu_section` [ RunTime:0.008507s ]
[ 2012-08-13T21:11:31+08:00 ] SQL: SELECT * FROM `efu_section` WHERE status = 1 ORDER BY ordering ASC [ RunTime:0.006712s ]
[ 2012-08-13T21:11:32+08:00 ] SQL: SHOW COLUMNS FROM `efu_section` [ RunTime:0.006322s ]
[ 2012-08-13T21:11:32+08:00 ] SQL: SELECT * FROM `efu_section` WHERE status = 1 ORDER BY ordering ASC [ RunTime:0.005343s ]
[ 2012-08-13T21:27:23+08:00 ] SQL: SHOW COLUMNS FROM `efu_section` [ RunTime:0.006699s ]
[ 2012-08-13T21:27:23+08:00 ] SQL: SELECT * FROM `efu_section` WHERE status = 1 ORDER BY ordering ASC [ RunTime:0.005669s ]
[ 2012-08-13T21:33:19+08:00 ] SQL: SHOW COLUMNS FROM `efu_menu` [ RunTime:0.006110s ]
[ 2012-08-13T21:33:19+08:00 ] SQL: SELECT * FROM `efu_menu` WHERE status = 1 ORDER BY ordering ASC [ RunTime:0.006054s ]
[ 2012-08-13T21:33:20+08:00 ] SQL: SHOW COLUMNS FROM `efu_menu` [ RunTime:0.006397s ]
[ 2012-08-13T21:33:20+08:00 ] SQL: SELECT * FROM `efu_menu` WHERE status = 1 ORDER BY ordering ASC [ RunTime:0.005505s ]
[ 2012-08-13T21:48:50+08:00 ] SQL: SHOW COLUMNS FROM `efu_menu` [ RunTime:0.006716s ]
[ 2012-08-13T21:48:50+08:00 ] SQL: SELECT * FROM `efu_menu` WHERE status = 1 ORDER BY ordering ASC [ RunTime:0.006451s ]
[ 2012-08-13T21:48:51+08:00 ] SQL: SHOW COLUMNS FROM `efu_menu` [ RunTime:0.005942s ]
[ 2012-08-13T21:48:51+08:00 ] SQL: SELECT * FROM `efu_menu` WHERE status = 1 ORDER BY ordering ASC [ RunTime:0.005387s ]
[ 2012-08-13T21:53:16+08:00 ] SQL: SHOW COLUMNS FROM `efu_menu` [ RunTime:0.006026s ]
[ 2012-08-13T21:53:16+08:00 ] SQL: SELECT * FROM `efu_menu` WHERE status = 1 ORDER BY ordering ASC [ RunTime:0.057238s ]
[ 2012-08-13T21:57:33+08:00 ] SQL: SHOW COLUMNS FROM `efu_menu` [ RunTime:0.006418s ]
[ 2012-08-13T21:57:33+08:00 ] SQL: SELECT * FROM `efu_menu` WHERE status = 1 ORDER BY ordering ASC [ RunTime:0.006316s ]
[ 2012-08-13T21:57:33+08:00 ] SQL: SHOW COLUMNS FROM `efu_article` [ RunTime:0.018810s ]
[ 2012-08-13T21:57:33+08:00 ] SQL: SELECT * FROM `efu_article` WHERE status = 1 and menuid = 1 ORDER BY ptime DESC [ RunTime:0.000456s ]
[ 2012-08-13T21:57:34+08:00 ] SQL: SHOW COLUMNS FROM `efu_menu` [ RunTime:0.005939s ]
[ 2012-08-13T21:57:34+08:00 ] SQL: SELECT * FROM `efu_menu` WHERE status = 1 ORDER BY ordering ASC [ RunTime:0.005435s ]
[ 2012-08-13T21:57:34+08:00 ] SQL: SHOW COLUMNS FROM `efu_article` [ RunTime:0.005491s ]
[ 2012-08-13T21:57:34+08:00 ] SQL: SELECT * FROM `efu_article` WHERE status = 1 and menuid = 1 ORDER BY ptime DESC [ RunTime:0.000586s ]
[ 2012-08-13T21:57:35+08:00 ] SQL: SHOW COLUMNS FROM `efu_menu` [ RunTime:0.006005s ]
[ 2012-08-13T21:57:35+08:00 ] SQL: SELECT * FROM `efu_menu` WHERE status = 1 ORDER BY ordering ASC [ RunTime:0.006908s ]
[ 2012-08-13T21:57:35+08:00 ] SQL: SHOW COLUMNS FROM `efu_article` [ RunTime:0.005492s ]
[ 2012-08-13T21:57:35+08:00 ] SQL: SELECT * FROM `efu_article` WHERE status = 1 and menuid = 1 ORDER BY ptime DESC [ RunTime:0.000472s ]
[ 2012-08-13T21:58:19+08:00 ] SQL: SHOW COLUMNS FROM `efu_menu` [ RunTime:0.007566s ]
[ 2012-08-13T21:58:19+08:00 ] SQL: SELECT * FROM `efu_menu` WHERE status = 1 ORDER BY ordering ASC [ RunTime:0.005544s ]
[ 2012-08-13T21:58:19+08:00 ] SQL: SHOW COLUMNS FROM `efu_content` [ RunTime:0.007330s ]
[ 2012-08-13T21:58:19+08:00 ] SQL: SELECT * FROM `efu_content` WHERE status = 1 and menuid = 1 ORDER BY ptime DESC [ RunTime:0.005983s ]
[ 2012-08-13T22:02:52+08:00 ] SQL: SHOW COLUMNS FROM `efu_menu` [ RunTime:0.018089s ]
[ 2012-08-13T22:02:52+08:00 ] SQL: SELECT * FROM `efu_menu` WHERE status = 1 ORDER BY ordering ASC [ RunTime:0.005566s ]
[ 2012-08-13T22:02:52+08:00 ] SQL: SHOW COLUMNS FROM `efu_content` [ RunTime:0.005160s ]
[ 2012-08-13T22:02:52+08:00 ] SQL: SELECT * FROM `efu_content` WHERE status = 1 and menuid = 1 ORDER BY ptime DESC [ RunTime:0.005494s ]
[ 2012-08-13T22:02:52+08:00 ] SQL: SHOW COLUMNS FROM `efu_menu` [ RunTime:0.004855s ]
[ 2012-08-13T22:02:52+08:00 ] SQL: SELECT * FROM `efu_menu` WHERE status = 1 ORDER BY ordering ASC [ RunTime:0.004527s ]
[ 2012-08-13T22:02:52+08:00 ] SQL: SHOW COLUMNS FROM `efu_content` [ RunTime:0.005125s ]
[ 2012-08-13T22:02:52+08:00 ] SQL: SELECT * FROM `efu_content` WHERE status = 1 and menuid = 1 ORDER BY ptime DESC [ RunTime:0.004619s ]
[ 2012-08-13T22:02:52+08:00 ] SQL: SHOW COLUMNS FROM `efu_menu` [ RunTime:0.004742s ]
[ 2012-08-13T22:02:52+08:00 ] SQL: SELECT * FROM `efu_menu` WHERE status = 1 ORDER BY ordering ASC [ RunTime:0.004444s ]
[ 2012-08-13T22:02:52+08:00 ] SQL: SHOW COLUMNS FROM `efu_content` [ RunTime:0.005242s ]
[ 2012-08-13T22:02:52+08:00 ] SQL: SELECT * FROM `efu_content` WHERE status = 1 and menuid = 1 ORDER BY ptime DESC [ RunTime:0.004340s ]
[ 2012-08-13T22:05:28+08:00 ] SQL: SHOW COLUMNS FROM `efu_menu` [ RunTime:0.007086s ]
[ 2012-08-13T22:05:28+08:00 ] SQL: SELECT * FROM `efu_menu` WHERE status = 1 ORDER BY ordering ASC [ RunTime:0.006284s ]
[ 2012-08-13T22:05:28+08:00 ] SQL: SHOW COLUMNS FROM `efu_content` [ RunTime:0.005226s ]
[ 2012-08-13T22:05:28+08:00 ] SQL: SELECT * FROM `efu_content` WHERE status = 1 and menuid = 1 ORDER BY ptime DESC [ RunTime:0.005919s ]
[ 2012-08-13T22:05:28+08:00 ] SQL: SELECT * FROM `efu_content` WHERE status = 1 and menuid = 2 ORDER BY ptime DESC [ RunTime:0.000410s ]
[ 2012-08-13T22:05:28+08:00 ] SQL: SELECT * FROM `efu_content` WHERE status = 1 and menuid = 3 ORDER BY ptime DESC [ RunTime:0.000355s ]
[ 2012-08-13T22:05:28+08:00 ] SQL: SELECT * FROM `efu_content` WHERE status = 1 and menuid = 4 ORDER BY ptime DESC [ RunTime:0.000360s ]
[ 2012-08-13T22:05:29+08:00 ] SQL: SHOW COLUMNS FROM `efu_menu` [ RunTime:0.006152s ]
[ 2012-08-13T22:05:29+08:00 ] SQL: SELECT * FROM `efu_menu` WHERE status = 1 ORDER BY ordering ASC [ RunTime:0.006200s ]
[ 2012-08-13T22:05:29+08:00 ] SQL: SHOW COLUMNS FROM `efu_content` [ RunTime:0.005198s ]
[ 2012-08-13T22:05:29+08:00 ] SQL: SELECT * FROM `efu_content` WHERE status = 1 and menuid = 1 ORDER BY ptime DESC [ RunTime:0.006119s ]
[ 2012-08-13T22:05:29+08:00 ] SQL: SELECT * FROM `efu_content` WHERE status = 1 and menuid = 2 ORDER BY ptime DESC [ RunTime:0.000382s ]
[ 2012-08-13T22:05:29+08:00 ] SQL: SELECT * FROM `efu_content` WHERE status = 1 and menuid = 3 ORDER BY ptime DESC [ RunTime:0.000383s ]
[ 2012-08-13T22:05:29+08:00 ] SQL: SELECT * FROM `efu_content` WHERE status = 1 and menuid = 4 ORDER BY ptime DESC [ RunTime:0.000362s ]
[ 2012-08-13T22:56:28+08:00 ] SQL: SHOW COLUMNS FROM `efu_menu` [ RunTime:0.007881s ]
[ 2012-08-13T22:56:28+08:00 ] SQL: SELECT * FROM `efu_menu` WHERE status = 1 ORDER BY ordering ASC [ RunTime:0.005458s ]
[ 2012-08-13T22:56:28+08:00 ] SQL: SHOW COLUMNS FROM `efu_content` [ RunTime:0.005162s ]
[ 2012-08-13T22:56:28+08:00 ] SQL: SELECT * FROM `efu_content` WHERE status = 1 and menuid = 1 ORDER BY ptime DESC [ RunTime:0.006240s ]
[ 2012-08-13T22:56:28+08:00 ] SQL: SELECT * FROM `efu_content` WHERE status = 1 and menuid = 2 ORDER BY ptime DESC [ RunTime:0.000783s ]
[ 2012-08-13T22:56:28+08:00 ] SQL: SELECT * FROM `efu_content` WHERE status = 1 and menuid = 3 ORDER BY ptime DESC [ RunTime:0.000873s ]
[ 2012-08-13T22:56:28+08:00 ] SQL: SELECT * FROM `efu_content` WHERE status = 1 and menuid = 4 ORDER BY ptime DESC [ RunTime:0.000722s ]
[ 2012-08-13T22:58:26+08:00 ] SQL: SHOW COLUMNS FROM `efu_menu` [ RunTime:0.009354s ]
[ 2012-08-13T22:58:26+08:00 ] SQL: SELECT * FROM `efu_menu` WHERE status = 1 ORDER BY ordering ASC [ RunTime:0.007086s ]
[ 2012-08-13T22:58:26+08:00 ] SQL: SHOW COLUMNS FROM `efu_content` [ RunTime:0.007553s ]
[ 2012-08-13T22:58:26+08:00 ] SQL: SELECT * FROM `efu_content` WHERE status = 1 and menuid = 1 ORDER BY ptime DESC LIMIT 3  [ RunTime:0.006655s ]
[ 2012-08-13T22:58:26+08:00 ] SQL: SELECT * FROM `efu_content` WHERE status = 1 and menuid = 2 ORDER BY ptime DESC [ RunTime:0.000882s ]
[ 2012-08-13T22:58:26+08:00 ] SQL: SELECT * FROM `efu_content` WHERE status = 1 and menuid = 3 ORDER BY ptime DESC [ RunTime:0.000687s ]
[ 2012-08-13T22:58:26+08:00 ] SQL: SELECT * FROM `efu_content` WHERE status = 1 and menuid = 4 ORDER BY ptime DESC [ RunTime:0.000660s ]
[ 2012-08-13T23:01:49+08:00 ] SQL: SHOW COLUMNS FROM `efu_menu` [ RunTime:0.006126s ]
[ 2012-08-13T23:01:49+08:00 ] SQL: SELECT * FROM `efu_menu` WHERE status = 1 ORDER BY ordering ASC [ RunTime:0.005603s ]
[ 2012-08-13T23:01:49+08:00 ] SQL: SHOW COLUMNS FROM `efu_content` [ RunTime:0.005195s ]
[ 2012-08-13T23:01:49+08:00 ] SQL: SELECT * FROM `efu_content` WHERE status = 1 and menuid = 1 ORDER BY ptime DESC LIMIT 5  [ RunTime:0.006600s ]
[ 2012-08-13T23:01:49+08:00 ] SQL: SELECT * FROM `efu_content` WHERE status = 1 and menuid = 2 ORDER BY ptime DESC LIMIT 5  [ RunTime:0.000746s ]
[ 2012-08-13T23:01:49+08:00 ] SQL: SELECT * FROM `efu_content` WHERE status = 1 and menuid = 3 ORDER BY ptime DESC LIMIT 5  [ RunTime:0.000697s ]
[ 2012-08-13T23:01:49+08:00 ] SQL: SELECT * FROM `efu_content` WHERE status = 1 and menuid = 4 ORDER BY ptime DESC LIMIT 5  [ RunTime:0.000735s ]
[ 2012-08-13T23:02:50+08:00 ] SQL: SHOW COLUMNS FROM `efu_menu` [ RunTime:0.006741s ]
[ 2012-08-13T23:02:50+08:00 ] SQL: SELECT * FROM `efu_menu` WHERE status = 1 ORDER BY ordering ASC [ RunTime:0.006011s ]
[ 2012-08-13T23:02:50+08:00 ] SQL: SHOW COLUMNS FROM `efu_content` [ RunTime:0.005348s ]
[ 2012-08-13T23:02:50+08:00 ] SQL: SELECT * FROM `efu_content` WHERE status = 1 and menuid = 1 ORDER BY ptime DESC LIMIT 5  [ RunTime:0.006008s ]
[ 2012-08-13T23:02:50+08:00 ] SQL: SELECT * FROM `efu_content` WHERE status = 1 and menuid = 2 ORDER BY ptime DESC LIMIT 5  [ RunTime:0.000762s ]
[ 2012-08-13T23:02:50+08:00 ] SQL: SELECT * FROM `efu_content` WHERE status = 1 and menuid = 3 ORDER BY ptime DESC LIMIT 5  [ RunTime:0.000611s ]
[ 2012-08-13T23:02:50+08:00 ] SQL: SELECT * FROM `efu_content` WHERE status = 1 and menuid = 4 ORDER BY ptime DESC LIMIT 5  [ RunTime:0.000574s ]
[ 2012-08-13T23:02:59+08:00 ] SQL: SHOW COLUMNS FROM `efu_menu` [ RunTime:0.006062s ]
[ 2012-08-13T23:02:59+08:00 ] SQL: SELECT * FROM `efu_menu` WHERE status = 1 ORDER BY ordering ASC [ RunTime:0.005962s ]
[ 2012-08-13T23:02:59+08:00 ] SQL: SHOW COLUMNS FROM `efu_content` [ RunTime:0.005966s ]
[ 2012-08-13T23:02:59+08:00 ] SQL: SELECT * FROM `efu_content` WHERE status = 1 and menuid = 1 ORDER BY ptime DESC LIMIT 5  [ RunTime:0.005503s ]
[ 2012-08-13T23:02:59+08:00 ] SQL: SELECT * FROM `efu_content` WHERE status = 1 and menuid = 2 ORDER BY ptime DESC LIMIT 5  [ RunTime:0.000907s ]
[ 2012-08-13T23:02:59+08:00 ] SQL: SELECT * FROM `efu_content` WHERE status = 1 and menuid = 3 ORDER BY ptime DESC LIMIT 5  [ RunTime:0.000661s ]
[ 2012-08-13T23:02:59+08:00 ] SQL: SELECT * FROM `efu_content` WHERE status = 1 and menuid = 4 ORDER BY ptime DESC LIMIT 5  [ RunTime:0.000598s ]
[ 2012-08-13T23:03:08+08:00 ] SQL: SHOW COLUMNS FROM `efu_menu` [ RunTime:0.006131s ]
[ 2012-08-13T23:03:08+08:00 ] SQL: SELECT * FROM `efu_menu` WHERE status = 1 ORDER BY ordering ASC [ RunTime:0.005734s ]
[ 2012-08-13T23:03:08+08:00 ] SQL: SHOW COLUMNS FROM `efu_content` [ RunTime:0.005269s ]
[ 2012-08-13T23:03:08+08:00 ] SQL: SELECT * FROM `efu_content` WHERE status = 1 and menuid = 1 ORDER BY ptime DESC LIMIT 5  [ RunTime:0.006648s ]
[ 2012-08-13T23:03:08+08:00 ] SQL: SELECT * FROM `efu_content` WHERE status = 1 and menuid = 2 ORDER BY ptime DESC LIMIT 5  [ RunTime:0.001030s ]
[ 2012-08-13T23:03:08+08:00 ] SQL: SELECT * FROM `efu_content` WHERE status = 1 and menuid = 3 ORDER BY ptime DESC LIMIT 5  [ RunTime:0.000679s ]
[ 2012-08-13T23:03:08+08:00 ] SQL: SELECT * FROM `efu_content` WHERE status = 1 and menuid = 4 ORDER BY ptime DESC LIMIT 5  [ RunTime:0.000596s ]
[ 2012-08-13T23:05:20+08:00 ] SQL: SHOW COLUMNS FROM `efu_menu` [ RunTime:0.006216s ]
[ 2012-08-13T23:05:20+08:00 ] SQL: SELECT * FROM `efu_menu` WHERE status = 1 ORDER BY ordering ASC [ RunTime:0.005671s ]
[ 2012-08-13T23:05:20+08:00 ] SQL: SHOW COLUMNS FROM `efu_content` [ RunTime:0.005487s ]
[ 2012-08-13T23:05:20+08:00 ] SQL: SELECT * FROM `efu_content` WHERE status = 1 and menuid = 1 ORDER BY ptime DESC LIMIT 5  [ RunTime:0.005657s ]
[ 2012-08-13T23:05:20+08:00 ] NOTIC: [8] Undefined variable: content_menu IndexAction.class.php 第 19 行.
[ 2012-08-13T23:05:20+08:00 ] NOTIC: [8] Undefined variable: content_menu IndexAction.class.php 第 20 行.
[ 2012-08-13T23:05:20+08:00 ] NOTIC: [8] Undefined variable: content_menu4 IndexAction.class.php 第 22 行.
[ 2012-08-13T23:05:21+08:00 ] SQL: SHOW COLUMNS FROM `efu_menu` [ RunTime:0.005914s ]
[ 2012-08-13T23:05:21+08:00 ] SQL: SELECT * FROM `efu_menu` WHERE status = 1 ORDER BY ordering ASC [ RunTime:0.006447s ]
[ 2012-08-13T23:05:21+08:00 ] SQL: SHOW COLUMNS FROM `efu_content` [ RunTime:0.005279s ]
[ 2012-08-13T23:05:21+08:00 ] SQL: SELECT * FROM `efu_content` WHERE status = 1 and menuid = 1 ORDER BY ptime DESC LIMIT 5  [ RunTime:0.007285s ]
[ 2012-08-13T23:05:21+08:00 ] NOTIC: [8] Undefined variable: content_menu IndexAction.class.php 第 19 行.
[ 2012-08-13T23:05:21+08:00 ] NOTIC: [8] Undefined variable: content_menu IndexAction.class.php 第 20 行.
[ 2012-08-13T23:05:21+08:00 ] NOTIC: [8] Undefined variable: content_menu4 IndexAction.class.php 第 22 行.
[ 2012-08-13T23:05:21+08:00 ] SQL: SHOW COLUMNS FROM `efu_menu` [ RunTime:0.004888s ]
[ 2012-08-13T23:05:21+08:00 ] SQL: SELECT * FROM `efu_menu` WHERE status = 1 ORDER BY ordering ASC [ RunTime:0.004936s ]
[ 2012-08-13T23:05:21+08:00 ] SQL: SHOW COLUMNS FROM `efu_content` [ RunTime:0.006301s ]
[ 2012-08-13T23:05:21+08:00 ] SQL: SELECT * FROM `efu_content` WHERE status = 1 and menuid = 1 ORDER BY ptime DESC LIMIT 5  [ RunTime:0.004620s ]
[ 2012-08-13T23:05:21+08:00 ] NOTIC: [8] Undefined variable: content_menu IndexAction.class.php 第 19 行.
[ 2012-08-13T23:05:21+08:00 ] NOTIC: [8] Undefined variable: content_menu IndexAction.class.php 第 20 行.
[ 2012-08-13T23:05:21+08:00 ] NOTIC: [8] Undefined variable: content_menu4 IndexAction.class.php 第 22 行.
[ 2012-08-13T23:05:22+08:00 ] SQL: SHOW COLUMNS FROM `efu_menu` [ RunTime:0.006002s ]
[ 2012-08-13T23:05:22+08:00 ] SQL: SELECT * FROM `efu_menu` WHERE status = 1 ORDER BY ordering ASC [ RunTime:0.006454s ]
[ 2012-08-13T23:05:22+08:00 ] SQL: SHOW COLUMNS FROM `efu_content` [ RunTime:0.005303s ]
[ 2012-08-13T23:05:22+08:00 ] SQL: SELECT * FROM `efu_content` WHERE status = 1 and menuid = 1 ORDER BY ptime DESC LIMIT 5  [ RunTime:0.005624s ]
[ 2012-08-13T23:05:22+08:00 ] NOTIC: [8] Undefined variable: content_menu IndexAction.class.php 第 19 行.
[ 2012-08-13T23:05:22+08:00 ] NOTIC: [8] Undefined variable: content_menu IndexAction.class.php 第 20 行.
[ 2012-08-13T23:05:22+08:00 ] NOTIC: [8] Undefined variable: content_menu4 IndexAction.class.php 第 22 行.
[ 2012-08-13T23:05:37+08:00 ] SQL: SHOW COLUMNS FROM `efu_menu` [ RunTime:0.006154s ]
[ 2012-08-13T23:05:37+08:00 ] SQL: SELECT * FROM `efu_menu` WHERE status = 1 ORDER BY ordering ASC [ RunTime:0.006204s ]
[ 2012-08-13T23:05:37+08:00 ] SQL: SHOW COLUMNS FROM `efu_content` [ RunTime:0.005597s ]
[ 2012-08-13T23:05:37+08:00 ] SQL: SELECT * FROM `efu_content` WHERE status = 1 and menuid = 1 ORDER BY ptime DESC LIMIT 5  [ RunTime:0.005815s ]
[ 2012-08-13T23:05:37+08:00 ] NOTIC: [8] Undefined variable: content_menu IndexAction.class.php 第 19 行.
[ 2012-08-13T23:05:37+08:00 ] NOTIC: [8] Undefined variable: content_menu IndexAction.class.php 第 20 行.
[ 2012-08-13T23:05:37+08:00 ] NOTIC: [8] Undefined variable: content_menu1 IndexAction.class.php 第 22 行.
[ 2012-08-13T23:05:37+08:00 ] SQL: SHOW COLUMNS FROM `efu_menu` [ RunTime:0.002859s ]
[ 2012-08-13T23:05:37+08:00 ] SQL: SELECT * FROM `efu_menu` WHERE status = 1 ORDER BY ordering ASC [ RunTime:0.003196s ]
[ 2012-08-13T23:05:37+08:00 ] SQL: SHOW COLUMNS FROM `efu_content` [ RunTime:0.003169s ]
[ 2012-08-13T23:05:37+08:00 ] SQL: SELECT * FROM `efu_content` WHERE status = 1 and menuid = 1 ORDER BY ptime DESC LIMIT 5  [ RunTime:0.002905s ]
[ 2012-08-13T23:05:37+08:00 ] NOTIC: [8] Undefined variable: content_menu IndexAction.class.php 第 19 行.
[ 2012-08-13T23:05:37+08:00 ] NOTIC: [8] Undefined variable: content_menu IndexAction.class.php 第 20 行.
[ 2012-08-13T23:05:37+08:00 ] NOTIC: [8] Undefined variable: content_menu1 IndexAction.class.php 第 22 行.
[ 2012-08-13T23:05:37+08:00 ] SQL: SHOW COLUMNS FROM `efu_menu` [ RunTime:0.007200s ]
[ 2012-08-13T23:05:37+08:00 ] SQL: SELECT * FROM `efu_menu` WHERE status = 1 ORDER BY ordering ASC [ RunTime:0.002869s ]
[ 2012-08-13T23:05:37+08:00 ] SQL: SHOW COLUMNS FROM `efu_content` [ RunTime:0.003136s ]
[ 2012-08-13T23:05:37+08:00 ] SQL: SELECT * FROM `efu_content` WHERE status = 1 and menuid = 1 ORDER BY ptime DESC LIMIT 5  [ RunTime:0.002950s ]
[ 2012-08-13T23:05:37+08:00 ] NOTIC: [8] Undefined variable: content_menu IndexAction.class.php 第 19 行.
[ 2012-08-13T23:05:37+08:00 ] NOTIC: [8] Undefined variable: content_menu IndexAction.class.php 第 20 行.
[ 2012-08-13T23:05:37+08:00 ] NOTIC: [8] Undefined variable: content_menu1 IndexAction.class.php 第 22 行.
[ 2012-08-13T23:06:06+08:00 ] SQL: SHOW COLUMNS FROM `efu_menu` [ RunTime:0.006354s ]
[ 2012-08-13T23:06:06+08:00 ] SQL: SELECT * FROM `efu_menu` WHERE status = 1 ORDER BY ordering ASC [ RunTime:0.006616s ]
[ 2012-08-13T23:06:06+08:00 ] SQL: SHOW COLUMNS FROM `efu_content` [ RunTime:0.005341s ]
[ 2012-08-13T23:06:06+08:00 ] SQL: SELECT * FROM `efu_content` WHERE status = 1 and menuid = 1 ORDER BY ptime DESC LIMIT 5  [ RunTime:0.006928s ]
[ 2012-08-13T23:06:06+08:00 ] SQL: SELECT * FROM `efu_content` WHERE status = 1 and menuid = 2 ORDER BY ptime DESC LIMIT 5  [ RunTime:0.000729s ]
[ 2012-08-13T23:06:06+08:00 ] SQL: SELECT * FROM `efu_content` WHERE status = 1 and menuid = 3 ORDER BY ptime DESC LIMIT 5  [ RunTime:0.000595s ]
[ 2012-08-13T23:06:06+08:00 ] SQL: SELECT * FROM `efu_content` WHERE status = 1 and menuid = 4 ORDER BY ptime DESC LIMIT 5  [ RunTime:0.000574s ]
[ 2012-08-13T23:08:01+08:00 ] SQL: SHOW COLUMNS FROM `efu_menu` [ RunTime:0.007460s ]
[ 2012-08-13T23:08:01+08:00 ] SQL: SELECT * FROM `efu_menu` WHERE status = 1 ORDER BY ordering ASC [ RunTime:0.006111s ]
[ 2012-08-13T23:08:01+08:00 ] SQL: SHOW COLUMNS FROM `efu_content` [ RunTime:0.005890s ]
[ 2012-08-13T23:08:01+08:00 ] SQL: SELECT * FROM `efu_content` WHERE status = 1 and menuid = 1 ORDER BY ptime DESC LIMIT 5  [ RunTime:0.005894s ]
[ 2012-08-13T23:08:01+08:00 ] SQL: SELECT * FROM `efu_content` WHERE status = 1 and menuid = 2 ORDER BY ptime DESC LIMIT 5  [ RunTime:0.001017s ]
[ 2012-08-13T23:08:01+08:00 ] SQL: SELECT * FROM `efu_content` WHERE status = 1 and menuid = 3 ORDER BY ptime DESC LIMIT 5  [ RunTime:0.000746s ]
[ 2012-08-13T23:08:01+08:00 ] SQL: SELECT * FROM `efu_content` WHERE status = 1 and menuid = 4 ORDER BY ptime DESC LIMIT 5  [ RunTime:0.000942s ]
[ 2012-08-13T23:08:18+08:00 ] SQL: SHOW COLUMNS FROM `efu_menu` [ RunTime:0.003612s ]
[ 2012-08-13T23:08:18+08:00 ] SQL: SELECT * FROM `efu_menu` WHERE status = 1 ORDER BY ordering ASC [ RunTime:0.004621s ]
[ 2012-08-13T23:08:18+08:00 ] SQL: SHOW COLUMNS FROM `efu_content` [ RunTime:0.003031s ]
[ 2012-08-13T23:08:18+08:00 ] SQL: SELECT * FROM `efu_content` WHERE status = 1 and menuid = 1 ORDER BY ptime DESC LIMIT 5  [ RunTime:0.004541s ]
[ 2012-08-13T23:08:18+08:00 ] SQL: SELECT * FROM `efu_content` WHERE status = 1 and menuid = 2 ORDER BY ptime DESC LIMIT 5  [ RunTime:0.000452s ]
[ 2012-08-13T23:08:18+08:00 ] SQL: SELECT * FROM `efu_content` WHERE status = 1 and menuid = 3 ORDER BY ptime DESC LIMIT 5  [ RunTime:0.000403s ]
[ 2012-08-13T23:08:18+08:00 ] SQL: SELECT * FROM `efu_content` WHERE status = 1 and menuid = 4 ORDER BY ptime DESC LIMIT 5  [ RunTime:0.000343s ]
[ 2012-08-13T23:12:08+08:00 ] SQL: SHOW COLUMNS FROM `efu_menu` [ RunTime:0.006371s ]
[ 2012-08-13T23:12:08+08:00 ] SQL: SELECT * FROM `efu_menu` WHERE status = 1 ORDER BY ordering ASC [ RunTime:0.006056s ]
[ 2012-08-13T23:12:08+08:00 ] SQL: SHOW COLUMNS FROM `efu_content` [ RunTime:0.005565s ]
[ 2012-08-13T23:12:08+08:00 ] SQL: SELECT * FROM `efu_content` WHERE status = 1 and menuid = 1 ORDER BY ptime DESC LIMIT 5  [ RunTime:0.005755s ]
[ 2012-08-13T23:12:08+08:00 ] SQL: SELECT * FROM `efu_content` WHERE status = 1 and menuid = 2 ORDER BY ptime DESC LIMIT 5  [ RunTime:0.000780s ]
[ 2012-08-13T23:12:08+08:00 ] SQL: SELECT * FROM `efu_content` WHERE status = 1 and menuid = 3 ORDER BY ptime DESC LIMIT 5  [ RunTime:0.000639s ]
[ 2012-08-13T23:12:08+08:00 ] SQL: SELECT * FROM `efu_content` WHERE status = 1 and menuid = 4 ORDER BY ptime DESC LIMIT 5  [ RunTime:0.000594s ]
[ 2012-08-13T23:14:56+08:00 ] SQL: SHOW COLUMNS FROM `efu_menu` [ RunTime:0.006380s ]
[ 2012-08-13T23:14:56+08:00 ] SQL: SELECT * FROM `efu_menu` WHERE status = 1 ORDER BY ordering ASC [ RunTime:0.006364s ]
[ 2012-08-13T23:14:56+08:00 ] SQL: SHOW COLUMNS FROM `efu_content` [ RunTime:0.005290s ]
[ 2012-08-13T23:14:56+08:00 ] SQL: SELECT * FROM `efu_content` WHERE status = 1 and menuid = 1 ORDER BY ptime DESC LIMIT 5  [ RunTime:0.005568s ]
[ 2012-08-13T23:14:56+08:00 ] SQL: SELECT * FROM `efu_content` WHERE status = 1 and menuid = 2 ORDER BY ptime DESC LIMIT 5  [ RunTime:0.000719s ]
[ 2012-08-13T23:14:56+08:00 ] SQL: SELECT * FROM `efu_content` WHERE status = 1 and menuid = 3 ORDER BY ptime DESC LIMIT 5  [ RunTime:0.000603s ]
[ 2012-08-13T23:14:56+08:00 ] SQL: SELECT * FROM `efu_content` WHERE status = 1 and menuid = 4 ORDER BY ptime DESC LIMIT 5  [ RunTime:0.000729s ]
[ 2012-08-13T23:14:57+08:00 ] SQL: SHOW COLUMNS FROM `efu_menu` [ RunTime:0.003598s ]
[ 2012-08-13T23:14:57+08:00 ] SQL: SELECT * FROM `efu_menu` WHERE status = 1 ORDER BY ordering ASC [ RunTime:0.003317s ]
[ 2012-08-13T23:14:57+08:00 ] SQL: SHOW COLUMNS FROM `efu_content` [ RunTime:0.003158s ]
[ 2012-08-13T23:14:57+08:00 ] SQL: SELECT * FROM `efu_content` WHERE status = 1 and menuid = 1 ORDER BY ptime DESC LIMIT 5  [ RunTime:0.003482s ]
[ 2012-08-13T23:14:57+08:00 ] SQL: SELECT * FROM `efu_content` WHERE status = 1 and menuid = 2 ORDER BY ptime DESC LIMIT 5  [ RunTime:0.000455s ]
[ 2012-08-13T23:14:57+08:00 ] SQL: SELECT * FROM `efu_content` WHERE status = 1 and menuid = 3 ORDER BY ptime DESC LIMIT 5  [ RunTime:0.000395s ]
[ 2012-08-13T23:14:57+08:00 ] SQL: SELECT * FROM `efu_content` WHERE status = 1 and menuid = 4 ORDER BY ptime DESC LIMIT 5  [ RunTime:0.000371s ]
[ 2012-08-13T23:14:57+08:00 ] SQL: SHOW COLUMNS FROM `efu_menu` [ RunTime:0.003623s ]
[ 2012-08-13T23:14:57+08:00 ] SQL: SELECT * FROM `efu_menu` WHERE status = 1 ORDER BY ordering ASC [ RunTime:0.003356s ]
[ 2012-08-13T23:14:57+08:00 ] SQL: SHOW COLUMNS FROM `efu_content` [ RunTime:0.003029s ]
[ 2012-08-13T23:14:57+08:00 ] SQL: SELECT * FROM `efu_content` WHERE status = 1 and menuid = 1 ORDER BY ptime DESC LIMIT 5  [ RunTime:0.003397s ]
[ 2012-08-13T23:14:57+08:00 ] SQL: SELECT * FROM `efu_content` WHERE status = 1 and menuid = 2 ORDER BY ptime DESC LIMIT 5  [ RunTime:0.000454s ]
[ 2012-08-13T23:14:57+08:00 ] SQL: SELECT * FROM `efu_content` WHERE status = 1 and menuid = 3 ORDER BY ptime DESC LIMIT 5  [ RunTime:0.000528s ]
[ 2012-08-13T23:14:57+08:00 ] SQL: SELECT * FROM `efu_content` WHERE status = 1 and menuid = 4 ORDER BY ptime DESC LIMIT 5  [ RunTime:0.000427s ]
[ 2012-08-13T23:15:02+08:00 ] SQL: SHOW COLUMNS FROM `efu_menu` [ RunTime:0.005838s ]
[ 2012-08-13T23:15:02+08:00 ] SQL: SELECT * FROM `efu_menu` WHERE status = 1 ORDER BY ordering ASC [ RunTime:0.005425s ]
[ 2012-08-13T23:15:02+08:00 ] SQL: SHOW COLUMNS FROM `efu_content` [ RunTime:0.005072s ]
[ 2012-08-13T23:15:02+08:00 ] SQL: SELECT * FROM `efu_content` WHERE status = 1 and menuid = 1 ORDER BY ptime DESC LIMIT 5  [ RunTime:0.005684s ]
[ 2012-08-13T23:15:02+08:00 ] SQL: SELECT * FROM `efu_content` WHERE status = 1 and menuid = 2 ORDER BY ptime DESC LIMIT 5  [ RunTime:0.000802s ]
[ 2012-08-13T23:15:02+08:00 ] SQL: SELECT * FROM `efu_content` WHERE status = 1 and menuid = 3 ORDER BY ptime DESC LIMIT 5  [ RunTime:0.000622s ]
[ 2012-08-13T23:15:02+08:00 ] SQL: SELECT * FROM `efu_content` WHERE status = 1 and menuid = 4 ORDER BY ptime DESC LIMIT 5  [ RunTime:0.000580s ]
